Log file open, 07/31/18 13:18:55
LogWindows: Failed to load 'aqProf.dll' (GetLastError=126)
LogWindows: File 'aqProf.dll' does not exist
LogWindows: Failed to load 'VtuneApi.dll' (GetLastError=126)
LogWindows: File 'VtuneApi.dll' does not exist
LogWindows: Failed to load 'VtuneApi32e.dll' (GetLastError=126)
LogWindows: File 'VtuneApi32e.dll' does not exist
LogInit: Display: Running engine for game: NetworkBoids
LogPlatformFile: Not using cached read wrapper
LogInit: Display: RandInit(-73029921) SRandInit(-73029921).
LogInit: Read version file with build ID '3709383'
LogInit: Overriding engine version to CL 3832480, compatible CL 3709383
LogInit: Registered custom module enumerator with build ID '3709383'
LogTaskGraph: Started task graph with 5 named threads and 14 total threads with 3 sets of task threads.
LogStats: Stats thread started at 0.311021
LogD3D11RHI: Aftermath initialized
LogPluginManager: Mounting plugin Paper2D
LogPluginManager: Mounting plugin LightPropagationVolume
LogPluginManager: Mounting plugin CodeLiteSourceCodeAccess
LogPluginManager: Mounting plugin GitSourceControl
LogPluginManager: Mounting plugin KDevelopSourceCodeAccess
LogPluginManager: Mounting plugin NullSourceCodeAccess
LogPluginManager: Mounting plugin PerforceSourceControl
LogPluginManager: Mounting plugin SubversionSourceControl
LogPluginManager: Mounting plugin UObjectPlugin
LogPluginManager: Mounting plugin VisualStudioCodeSourceCodeAccess
LogPluginManager: Mounting plugin VisualStudioSourceCodeAccess
LogPluginManager: Mounting plugin XCodeSourceCodeAccess
LogPluginManager: Mounting plugin AssetManagerEditor
LogPluginManager: Mounting plugin AudioCapture
LogPluginManager: Mounting plugin FacialAnimation
LogPluginManager: Mounting plugin GameplayTagsEditor
LogPluginManager: Mounting plugin MobileLauncherProfileWizard
LogPluginManager: Mounting plugin PluginBrowser
LogPluginManager: Mounting plugin SpeedTreeImporter
LogPluginManager: Mounting plugin AlembicImporter
LogPluginManager: Mounting plugin CharacterAI
LogPluginManager: Mounting plugin HTML5Networking
LogPluginManager: Mounting plugin AndroidMedia
LogPluginManager: Mounting plugin AvfMedia
LogPluginManager: Mounting plugin ImgMedia
LogPluginManager: Mounting plugin MediaCompositing
LogPluginManager: Mounting plugin MediaPlayerEditor
LogPluginManager: Mounting plugin WmfMedia
LogPluginManager: Mounting plugin TcpMessaging
LogPluginManager: Mounting plugin UdpMessaging
LogPluginManager: Mounting plugin ActorSequence
LogPluginManager: Mounting plugin LevelSequenceEditor
LogPluginManager: Mounting plugin MatineeToLevelSequence
LogPluginManager: Mounting plugin OnlineSubsystemGooglePlay
LogPluginManager: Mounting plugin OnlineSubsystemIOS
LogPluginManager: Mounting plugin OnlineSubsystem
LogPluginManager: Mounting plugin OnlineSubsystemNull
LogPluginManager: Mounting plugin OnlineSubsystemUtils
LogPluginManager: Mounting plugin AndroidDeviceProfileSelector
LogPluginManager: Mounting plugin AndroidMoviePlayer
LogPluginManager: Mounting plugin AndroidPermission
LogPluginManager: Mounting plugin AppleARKit
LogPluginManager: Mounting plugin AppleMoviePlayer
LogPluginManager: Mounting plugin ArchVisCharacter
LogPluginManager: Mounting plugin CableComponent
LogPluginManager: Mounting plugin CustomMeshComponent
LogPluginManager: Mounting plugin ExampleDeviceProfileSelector
LogPluginManager: Mounting plugin GoogleCloudMessaging
LogPluginManager: Mounting plugin ImmediatePhysics
LogPluginManager: Mounting plugin IOSDeviceProfileSelector
LogPluginManager: Mounting plugin LinuxDeviceProfileSelector
LogPluginManager: Mounting plugin LocationServicesBPLibrary
LogPluginManager: Mounting plugin MobilePatchingUtils
LogPluginManager: Mounting plugin OculusVR
LogPluginManager: Plugin shader directory ../../../Engine/Plugins/Runtime/Oculus/OculusVR/Shaders found
LogPluginManager: Mapping shader source directory ../../../Engine/Plugins/Runtime/Oculus/OculusVR/Shaders to virtual directory /Plugin/OculusVR
LogPluginManager: Mounting plugin PhysXVehicles
LogPluginManager: Mounting plugin ProceduralMeshComponent
LogPluginManager: Mounting plugin RuntimePhysXCooking
LogPluginManager: Mounting plugin SteamVR
LogPluginManager: Mounting plugin WindowsMoviePlayer
LogModuleManager: Warning: Module file ../../../../../../Users/Konrad/Documents/Unreal Projects/FlockingUE4-master/FlockingUE4-master/Binaries/Win64/UE4Editor-NetworkBoids-2470.dll is missing. This is likely a stale module that must be recompiled.
LogModuleManager: Display: Found up-to-date module file ../../../Engine/Plugins/2D/Paper2D/Binaries/Win64/UE4Editor-Paper2D.dll (API version 3709383).
LogModuleManager: Display: Found up-to-date module file ../../../Engine/Plugins/2D/Paper2D/Binaries/Win64/UE4Editor-Paper2DEditor.dll (API version 3709383).
LogModuleManager: Display: Found up-to-date module file ../../../Engine/Plugins/2D/Paper2D/Binaries/Win64/UE4Editor-PaperSpriteSheetImporter.dll (API version 3709383).
LogModuleManager: Display: Found up-to-date module file ../../../Engine/Plugins/2D/Paper2D/Binaries/Win64/UE4Editor-PaperTiledImporter.dll (API version 3709383).
LogModuleManager: Display: Found up-to-date module file ../../../Engine/Plugins/2D/Paper2D/Binaries/Win64/UE4Editor-SmartSnapping.dll (API version 3709383).
LogModuleManager: Display: Found up-to-date module file ../../../Engine/Plugins/Blendables/LightPropagationVolume/Binaries/Win64/UE4Editor-LightPropagationVolumeRuntime.dll (API version 3709383).
LogModuleManager: Display: Found up-to-date module file ../../../Engine/Plugins/Blendables/LightPropagationVolume/Binaries/Win64/UE4Editor-LightPropagationVolumeEditor.dll (API version 3709383).
LogModuleManager: Display: Found up-to-date module file ../../../Engine/Plugins/Developer/GitSourceControl/Binaries/Win64/UE4Editor-GitSourceControl.dll (API version 3709383).
LogModuleManager: Display: Found up-to-date module file ../../../Engine/Plugins/Developer/PerforceSourceControl/Binaries/Win64/UE4Editor-PerforceSourceControl.dll (API version 3709383).
LogModuleManager: Display: Found up-to-date module file ../../../Engine/Plugins/Developer/SubversionSourceControl/Binaries/Win64/UE4Editor-SubversionSourceControl.dll (API version 3709383).
LogModuleManager: Display: Found up-to-date module file ../../../Engine/Plugins/Developer/UObjectPlugin/Binaries/Win64/UE4Editor-UObjectPlugin.dll (API version 3709383).
LogModuleManager: Display: Found up-to-date module file ../../../Engine/Plugins/Developer/VisualStudioCodeSourceCodeAccess/Binaries/Win64/UE4Editor-VisualStudioCodeSourceCodeAccess.dll (API version 3709383).
LogModuleManager: Display: Found up-to-date module file ../../../Engine/Plugins/Developer/VisualStudioSourceCodeAccess/Binaries/Win64/UE4Editor-VisualStudioSourceCodeAccess.dll (API version 3709383).
LogModuleManager: Display: Found up-to-date module file ../../../Engine/Plugins/Editor/AssetManagerEditor/Binaries/Win64/UE4Editor-AssetManagerEditor.dll (API version 3709383).
LogModuleManager: Display: Found up-to-date module file ../../../Engine/Plugins/Editor/AudioCapture/Binaries/Win64/UE4Editor-AudioCapture.dll (API version 3709383).
LogModuleManager: Display: Found up-to-date module file ../../../Engine/Plugins/Editor/FacialAnimation/Binaries/Win64/UE4Editor-FacialAnimation.dll (API version 3709383).
LogModuleManager: Display: Found up-to-date module file ../../../Engine/Plugins/Editor/FacialAnimation/Binaries/Win64/UE4Editor-FacialAnimationEditor.dll (API version 3709383).
LogModuleManager: Display: Found up-to-date module file ../../../Engine/Plugins/Editor/GameplayTagsEditor/Binaries/Win64/UE4Editor-GameplayTagsEditor.dll (API version 3709383).
LogModuleManager: Display: Found up-to-date module file ../../../Engine/Plugins/Editor/MobileLauncherProfileWizard/Binaries/Win64/UE4Editor-MobileLauncherProfileWizard.dll (API version 3709383).
LogModuleManager: Display: Found up-to-date module file ../../../Engine/Plugins/Editor/PluginBrowser/Binaries/Win64/UE4Editor-PluginBrowser.dll (API version 3709383).
LogModuleManager: Display: Found up-to-date module file ../../../Engine/Plugins/Editor/SpeedTreeImporter/Binaries/Win64/UE4Editor-SpeedTreeImporter.dll (API version 3709383).
LogModuleManager: Display: Found up-to-date module file ../../../Engine/Plugins/Experimental/AlembicImporter/Binaries/Win64/UE4Editor-AlembicImporter.dll (API version 3709383).
LogModuleManager: Display: Found up-to-date module file ../../../Engine/Plugins/Experimental/AlembicImporter/Binaries/Win64/UE4Editor-AlembicLibrary.dll (API version 3709383).
LogModuleManager: Display: Found up-to-date module file ../../../Engine/Plugins/Experimental/CharacterAI/Binaries/Win64/UE4Editor-CharacterAI.dll (API version 3709383).
LogModuleManager: Display: Found up-to-date module file ../../../Engine/Plugins/Experimental/HTML5Networking/Binaries/Win64/UE4Editor-HTML5Networking.dll (API version 3709383).
LogModuleManager: Display: Found up-to-date module file ../../../Engine/Plugins/Media/AndroidMedia/Binaries/Win64/UE4Editor-AndroidMediaEditor.dll (API version 3709383).
LogModuleManager: Display: Found up-to-date module file ../../../Engine/Plugins/Media/AndroidMedia/Binaries/Win64/UE4Editor-AndroidMediaFactory.dll (API version 3709383).
LogModuleManager: Display: Found up-to-date module file ../../../Engine/Plugins/Media/AvfMedia/Binaries/Win64/UE4Editor-AvfMediaEditor.dll (API version 3709383).
LogModuleManager: Display: Found up-to-date module file ../../../Engine/Plugins/Media/AvfMedia/Binaries/Win64/UE4Editor-AvfMediaFactory.dll (API version 3709383).
LogModuleManager: Display: Found up-to-date module file ../../../Engine/Plugins/Media/AvfMedia/Binaries/Win64/UE4Editor-AvfMediaFactory.dll (API version 3709383).
LogModuleManager: Display: Found up-to-date module file ../../../Engine/Plugins/Media/ImgMedia/Binaries/Win64/UE4Editor-ImgMedia.dll (API version 3709383).
LogModuleManager: Display: Found up-to-date module file ../../../Engine/Plugins/Media/ImgMedia/Binaries/Win64/UE4Editor-ImgMediaEditor.dll (API version 3709383).
LogModuleManager: Display: Found up-to-date module file ../../../Engine/Plugins/Media/ImgMedia/Binaries/Win64/UE4Editor-ImgMediaFactory.dll (API version 3709383).
LogModuleManager: Display: Found up-to-date module file ../../../Engine/Plugins/Media/ImgMedia/Binaries/Win64/UE4Editor-ImgMediaFactory.dll (API version 3709383).
LogModuleManager: Display: Found up-to-date module file ../../../Engine/Plugins/Media/ImgMedia/Binaries/Win64/UE4Editor-OpenExrWrapper.dll (API version 3709383).
LogModuleManager: Display: Found up-to-date module file ../../../Engine/Plugins/Media/MediaCompositing/Binaries/Win64/UE4Editor-MediaCompositing.dll (API version 3709383).
LogModuleManager: Display: Found up-to-date module file ../../../Engine/Plugins/Media/MediaCompositing/Binaries/Win64/UE4Editor-MediaCompositingEditor.dll (API version 3709383).
LogModuleManager: Display: Found up-to-date module file ../../../Engine/Plugins/Media/MediaPlayerEditor/Binaries/Win64/UE4Editor-MediaPlayerEditor.dll (API version 3709383).
LogModuleManager: Display: Found up-to-date module file ../../../Engine/Plugins/Media/WmfMedia/Binaries/Win64/UE4Editor-WmfMedia.dll (API version 3709383).
LogModuleManager: Display: Found up-to-date module file ../../../Engine/Plugins/Media/WmfMedia/Binaries/Win64/UE4Editor-WmfMediaEditor.dll (API version 3709383).
LogModuleManager: Display: Found up-to-date module file ../../../Engine/Plugins/Media/WmfMedia/Binaries/Win64/UE4Editor-WmfMediaFactory.dll (API version 3709383).
LogModuleManager: Display: Found up-to-date module file ../../../Engine/Plugins/Media/WmfMedia/Binaries/Win64/UE4Editor-WmfMediaFactory.dll (API version 3709383).
LogModuleManager: Display: Found up-to-date module file ../../../Engine/Plugins/Messaging/TcpMessaging/Binaries/Win64/UE4Editor-TcpMessaging.dll (API version 3709383).
LogModuleManager: Display: Found up-to-date module file ../../../Engine/Plugins/Messaging/UdpMessaging/Binaries/Win64/UE4Editor-UdpMessaging.dll (API version 3709383).
LogModuleManager: Display: Found up-to-date module file ../../../Engine/Plugins/MovieScene/ActorSequence/Binaries/Win64/UE4Editor-ActorSequence.dll (API version 3709383).
LogModuleManager: Display: Found up-to-date module file ../../../Engine/Plugins/MovieScene/LevelSequenceEditor/Binaries/Win64/UE4Editor-LevelSequenceEditor.dll (API version 3709383).
LogModuleManager: Display: Found up-to-date module file ../../../Engine/Plugins/MovieScene/MatineeToLevelSequence/Binaries/Win64/UE4Editor-MatineeToLevelSequence.dll (API version 3709383).
LogModuleManager: Display: Found up-to-date module file ../../../Engine/Plugins/Online/OnlineSubsystem/Binaries/Win64/UE4Editor-OnlineSubsystem.dll (API version 3709383).
LogModuleManager: Display: Found up-to-date module file ../../../Engine/Plugins/Online/OnlineSubsystemNull/Binaries/Win64/UE4Editor-OnlineSubsystemNull.dll (API version 3709383).
LogModuleManager: Display: Found up-to-date module file ../../../Engine/Plugins/Online/OnlineSubsystemUtils/Binaries/Win64/UE4Editor-OnlineSubsystemUtils.dll (API version 3709383).
LogModuleManager: Display: Found up-to-date module file ../../../Engine/Plugins/Online/OnlineSubsystemUtils/Binaries/Win64/UE4Editor-OnlineBlueprintSupport.dll (API version 3709383).
LogModuleManager: Display: Found up-to-date module file ../../../Engine/Plugins/Runtime/AndroidDeviceProfileSelector/Binaries/Win64/UE4Editor-AndroidDeviceProfileSelector.dll (API version 3709383).
LogModuleManager: Display: Found up-to-date module file ../../../Engine/Plugins/Runtime/AndroidPermission/Binaries/Win64/UE4Editor-AndroidPermission.dll (API version 3709383).
LogModuleManager: Display: Found up-to-date module file ../../../Engine/Plugins/Runtime/AppleARKit/Binaries/Win64/UE4Editor-AppleARKit.dll (API version 3709383).
LogModuleManager: Display: Found up-to-date module file ../../../Engine/Plugins/Runtime/ArchVisCharacter/Binaries/Win64/UE4Editor-ArchVisCharacter.dll (API version 3709383).
LogModuleManager: Display: Found up-to-date module file ../../../Engine/Plugins/Runtime/CableComponent/Binaries/Win64/UE4Editor-CableComponent.dll (API version 3709383).
LogModuleManager: Display: Found up-to-date module file ../../../Engine/Plugins/Runtime/CustomMeshComponent/Binaries/Win64/UE4Editor-CustomMeshComponent.dll (API version 3709383).
LogModuleManager: Display: Found up-to-date module file ../../../Engine/Plugins/Runtime/ExampleDeviceProfileSelector/Binaries/Win64/UE4Editor-ExampleDeviceProfileSelector.dll (API version 3709383).
LogModuleManager: Display: Found up-to-date module file ../../../Engine/Plugins/Runtime/ImmediatePhysics/Binaries/Win64/UE4Editor-ImmediatePhysics.dll (API version 3709383).
LogModuleManager: Display: Found up-to-date module file ../../../Engine/Plugins/Runtime/ImmediatePhysics/Binaries/Win64/UE4Editor-ImmediatePhysicsEditor.dll (API version 3709383).
LogModuleManager: Display: Found up-to-date module file ../../../Engine/Plugins/Runtime/LocationServicesBPLibrary/Binaries/Win64/UE4Editor-LocationServicesBPLibrary.dll (API version 3709383).
LogModuleManager: Display: Found up-to-date module file ../../../Engine/Plugins/Runtime/MobilePatchingUtils/Binaries/Win64/UE4Editor-MobilePatchingUtils.dll (API version 3709383).
LogModuleManager: Display: Found up-to-date module file ../../../Engine/Plugins/Runtime/Oculus/OculusVR/Binaries/Win64/UE4Editor-OculusHMD.dll (API version 3709383).
LogModuleManager: Display: Found up-to-date module file ../../../Engine/Plugins/Runtime/Oculus/OculusVR/Binaries/Win64/UE4Editor-OculusInput.dll (API version 3709383).
LogModuleManager: Display: Found up-to-date module file ../../../Engine/Plugins/Runtime/Oculus/OculusVR/Binaries/Win64/UE4Editor-OculusEditor.dll (API version 3709383).
LogModuleManager: Display: Found up-to-date module file ../../../Engine/Plugins/Runtime/PhysXVehicles/Binaries/Win64/UE4Editor-PhysXVehicles.dll (API version 3709383).
LogModuleManager: Display: Found up-to-date module file ../../../Engine/Plugins/Runtime/PhysXVehicles/Binaries/Win64/UE4Editor-PhysXVehiclesEditor.dll (API version 3709383).
LogModuleManager: Display: Found up-to-date module file ../../../Engine/Plugins/Runtime/ProceduralMeshComponent/Binaries/Win64/UE4Editor-ProceduralMeshComponent.dll (API version 3709383).
LogModuleManager: Display: Found up-to-date module file ../../../Engine/Plugins/Runtime/ProceduralMeshComponent/Binaries/Win64/UE4Editor-ProceduralMeshComponentEditor.dll (API version 3709383).
LogModuleManager: Display: Found up-to-date module file ../../../Engine/Plugins/Runtime/RuntimePhysXCooking/Binaries/Win64/UE4Editor-RuntimePhysXCooking.dll (API version 3709383).
LogModuleManager: Display: Found up-to-date module file ../../../Engine/Plugins/Runtime/Steam/SteamVR/Binaries/Win64/UE4Editor-SteamVR.dll (API version 3709383).
LogModuleManager: Display: Found up-to-date module file ../../../Engine/Plugins/Runtime/Steam/SteamVR/Binaries/Win64/UE4Editor-SteamVRController.dll (API version 3709383).
LogModuleManager: Display: Found up-to-date module file ../../../Engine/Plugins/Runtime/WindowsMoviePlayer/Binaries/Win64/UE4Editor-WindowsMoviePlayer.dll (API version 3709383).
LogInit: Warning: Incompatible or missing module: UE4Editor-NetworkBoids.dll
Running C:/Program Files/Epic Games/UE_4.18/Engine/Binaries/DotNET/UnrealBuildTool.exe NetworkBoids Development Win64 -project="C:/Users/Konrad/Documents/Unreal Projects/FlockingUE4-master/FlockingUE4-master/NetworkBoids.uproject" -editorrecompile -progress -NoHotReloadFromIDE
@progress push 5%
@progress pop
Target is up to date
Total build time: 0.83 seconds (NoActionsToExecute executor: 0.00 seconds)
LogModuleManager: Display: Found up-to-date module file ../../../../../../Users/Konrad/Documents/Unreal Projects/FlockingUE4-master/FlockingUE4-master/Binaries/Win64/UE4Editor-NetworkBoids.dll (API version 3709383).
LogModuleManager: Display: Found up-to-date module file ../../../Engine/Plugins/2D/Paper2D/Binaries/Win64/UE4Editor-Paper2D.dll (API version 3709383).
LogModuleManager: Display: Found up-to-date module file ../../../Engine/Plugins/2D/Paper2D/Binaries/Win64/UE4Editor-Paper2DEditor.dll (API version 3709383).
LogModuleManager: Display: Found up-to-date module file ../../../Engine/Plugins/2D/Paper2D/Binaries/Win64/UE4Editor-PaperSpriteSheetImporter.dll (API version 3709383).
LogModuleManager: Display: Found up-to-date module file ../../../Engine/Plugins/2D/Paper2D/Binaries/Win64/UE4Editor-PaperTiledImporter.dll (API version 3709383).
LogModuleManager: Display: Found up-to-date module file ../../../Engine/Plugins/2D/Paper2D/Binaries/Win64/UE4Editor-SmartSnapping.dll (API version 3709383).
LogModuleManager: Display: Found up-to-date module file ../../../Engine/Plugins/Blendables/LightPropagationVolume/Binaries/Win64/UE4Editor-LightPropagationVolumeRuntime.dll (API version 3709383).
LogModuleManager: Display: Found up-to-date module file ../../../Engine/Plugins/Blendables/LightPropagationVolume/Binaries/Win64/UE4Editor-LightPropagationVolumeEditor.dll (API version 3709383).
LogModuleManager: Display: Found up-to-date module file ../../../Engine/Plugins/Developer/GitSourceControl/Binaries/Win64/UE4Editor-GitSourceControl.dll (API version 3709383).
LogModuleManager: Display: Found up-to-date module file ../../../Engine/Plugins/Developer/PerforceSourceControl/Binaries/Win64/UE4Editor-PerforceSourceControl.dll (API version 3709383).
LogModuleManager: Display: Found up-to-date module file ../../../Engine/Plugins/Developer/SubversionSourceControl/Binaries/Win64/UE4Editor-SubversionSourceControl.dll (API version 3709383).
LogModuleManager: Display: Found up-to-date module file ../../../Engine/Plugins/Developer/UObjectPlugin/Binaries/Win64/UE4Editor-UObjectPlugin.dll (API version 3709383).
LogModuleManager: Display: Found up-to-date module file ../../../Engine/Plugins/Developer/VisualStudioCodeSourceCodeAccess/Binaries/Win64/UE4Editor-VisualStudioCodeSourceCodeAccess.dll (API version 3709383).
LogModuleManager: Display: Found up-to-date module file ../../../Engine/Plugins/Developer/VisualStudioSourceCodeAccess/Binaries/Win64/UE4Editor-VisualStudioSourceCodeAccess.dll (API version 3709383).
LogModuleManager: Display: Found up-to-date module file ../../../Engine/Plugins/Editor/AssetManagerEditor/Binaries/Win64/UE4Editor-AssetManagerEditor.dll (API version 3709383).
LogModuleManager: Display: Found up-to-date module file ../../../Engine/Plugins/Editor/AudioCapture/Binaries/Win64/UE4Editor-AudioCapture.dll (API version 3709383).
LogModuleManager: Display: Found up-to-date module file ../../../Engine/Plugins/Editor/FacialAnimation/Binaries/Win64/UE4Editor-FacialAnimation.dll (API version 3709383).
LogModuleManager: Display: Found up-to-date module file ../../../Engine/Plugins/Editor/FacialAnimation/Binaries/Win64/UE4Editor-FacialAnimationEditor.dll (API version 3709383).
LogModuleManager: Display: Found up-to-date module file ../../../Engine/Plugins/Editor/GameplayTagsEditor/Binaries/Win64/UE4Editor-GameplayTagsEditor.dll (API version 3709383).
LogModuleManager: Display: Found up-to-date module file ../../../Engine/Plugins/Editor/MobileLauncherProfileWizard/Binaries/Win64/UE4Editor-MobileLauncherProfileWizard.dll (API version 3709383).
LogModuleManager: Display: Found up-to-date module file ../../../Engine/Plugins/Editor/PluginBrowser/Binaries/Win64/UE4Editor-PluginBrowser.dll (API version 3709383).
LogModuleManager: Display: Found up-to-date module file ../../../Engine/Plugins/Editor/SpeedTreeImporter/Binaries/Win64/UE4Editor-SpeedTreeImporter.dll (API version 3709383).
LogModuleManager: Display: Found up-to-date module file ../../../Engine/Plugins/Experimental/AlembicImporter/Binaries/Win64/UE4Editor-AlembicImporter.dll (API version 3709383).
LogModuleManager: Display: Found up-to-date module file ../../../Engine/Plugins/Experimental/AlembicImporter/Binaries/Win64/UE4Editor-AlembicLibrary.dll (API version 3709383).
LogModuleManager: Display: Found up-to-date module file ../../../Engine/Plugins/Experimental/CharacterAI/Binaries/Win64/UE4Editor-CharacterAI.dll (API version 3709383).
LogModuleManager: Display: Found up-to-date module file ../../../Engine/Plugins/Experimental/HTML5Networking/Binaries/Win64/UE4Editor-HTML5Networking.dll (API version 3709383).
LogModuleManager: Display: Found up-to-date module file ../../../Engine/Plugins/Media/AndroidMedia/Binaries/Win64/UE4Editor-AndroidMediaEditor.dll (API version 3709383).
LogModuleManager: Display: Found up-to-date module file ../../../Engine/Plugins/Media/AndroidMedia/Binaries/Win64/UE4Editor-AndroidMediaFactory.dll (API version 3709383).
LogModuleManager: Display: Found up-to-date module file ../../../Engine/Plugins/Media/AvfMedia/Binaries/Win64/UE4Editor-AvfMediaEditor.dll (API version 3709383).
LogModuleManager: Display: Found up-to-date module file ../../../Engine/Plugins/Media/AvfMedia/Binaries/Win64/UE4Editor-AvfMediaFactory.dll (API version 3709383).
LogModuleManager: Display: Found up-to-date module file ../../../Engine/Plugins/Media/AvfMedia/Binaries/Win64/UE4Editor-AvfMediaFactory.dll (API version 3709383).
LogModuleManager: Display: Found up-to-date module file ../../../Engine/Plugins/Media/ImgMedia/Binaries/Win64/UE4Editor-ImgMedia.dll (API version 3709383).
LogModuleManager: Display: Found up-to-date module file ../../../Engine/Plugins/Media/ImgMedia/Binaries/Win64/UE4Editor-ImgMediaEditor.dll (API version 3709383).
LogModuleManager: Display: Found up-to-date module file ../../../Engine/Plugins/Media/ImgMedia/Binaries/Win64/UE4Editor-ImgMediaFactory.dll (API version 3709383).
LogModuleManager: Display: Found up-to-date module file ../../../Engine/Plugins/Media/ImgMedia/Binaries/Win64/UE4Editor-ImgMediaFactory.dll (API version 3709383).
LogModuleManager: Display: Found up-to-date module file ../../../Engine/Plugins/Media/ImgMedia/Binaries/Win64/UE4Editor-OpenExrWrapper.dll (API version 3709383).
LogModuleManager: Display: Found up-to-date module file ../../../Engine/Plugins/Media/MediaCompositing/Binaries/Win64/UE4Editor-MediaCompositing.dll (API version 3709383).
LogModuleManager: Display: Found up-to-date module file ../../../Engine/Plugins/Media/MediaCompositing/Binaries/Win64/UE4Editor-MediaCompositingEditor.dll (API version 3709383).
LogModuleManager: Display: Found up-to-date module file ../../../Engine/Plugins/Media/MediaPlayerEditor/Binaries/Win64/UE4Editor-MediaPlayerEditor.dll (API version 3709383).
LogModuleManager: Display: Found up-to-date module file ../../../Engine/Plugins/Media/WmfMedia/Binaries/Win64/UE4Editor-WmfMedia.dll (API version 3709383).
LogModuleManager: Display: Found up-to-date module file ../../../Engine/Plugins/Media/WmfMedia/Binaries/Win64/UE4Editor-WmfMediaEditor.dll (API version 3709383).
LogModuleManager: Display: Found up-to-date module file ../../../Engine/Plugins/Media/WmfMedia/Binaries/Win64/UE4Editor-WmfMediaFactory.dll (API version 3709383).
LogModuleManager: Display: Found up-to-date module file ../../../Engine/Plugins/Media/WmfMedia/Binaries/Win64/UE4Editor-WmfMediaFactory.dll (API version 3709383).
LogModuleManager: Display: Found up-to-date module file ../../../Engine/Plugins/Messaging/TcpMessaging/Binaries/Win64/UE4Editor-TcpMessaging.dll (API version 3709383).
LogModuleManager: Display: Found up-to-date module file ../../../Engine/Plugins/Messaging/UdpMessaging/Binaries/Win64/UE4Editor-UdpMessaging.dll (API version 3709383).
LogModuleManager: Display: Found up-to-date module file ../../../Engine/Plugins/MovieScene/ActorSequence/Binaries/Win64/UE4Editor-ActorSequence.dll (API version 3709383).
LogModuleManager: Display: Found up-to-date module file ../../../Engine/Plugins/MovieScene/LevelSequenceEditor/Binaries/Win64/UE4Editor-LevelSequenceEditor.dll (API version 3709383).
LogModuleManager: Display: Found up-to-date module file ../../../Engine/Plugins/MovieScene/MatineeToLevelSequence/Binaries/Win64/UE4Editor-MatineeToLevelSequence.dll (API version 3709383).
LogModuleManager: Display: Found up-to-date module file ../../../Engine/Plugins/Online/OnlineSubsystem/Binaries/Win64/UE4Editor-OnlineSubsystem.dll (API version 3709383).
LogModuleManager: Display: Found up-to-date module file ../../../Engine/Plugins/Online/OnlineSubsystemNull/Binaries/Win64/UE4Editor-OnlineSubsystemNull.dll (API version 3709383).
LogModuleManager: Display: Found up-to-date module file ../../../Engine/Plugins/Online/OnlineSubsystemUtils/Binaries/Win64/UE4Editor-OnlineSubsystemUtils.dll (API version 3709383).
LogModuleManager: Display: Found up-to-date module file ../../../Engine/Plugins/Online/OnlineSubsystemUtils/Binaries/Win64/UE4Editor-OnlineBlueprintSupport.dll (API version 3709383).
LogModuleManager: Display: Found up-to-date module file ../../../Engine/Plugins/Runtime/AndroidDeviceProfileSelector/Binaries/Win64/UE4Editor-AndroidDeviceProfileSelector.dll (API version 3709383).
LogModuleManager: Display: Found up-to-date module file ../../../Engine/Plugins/Runtime/AndroidPermission/Binaries/Win64/UE4Editor-AndroidPermission.dll (API version 3709383).
LogModuleManager: Display: Found up-to-date module file ../../../Engine/Plugins/Runtime/AppleARKit/Binaries/Win64/UE4Editor-AppleARKit.dll (API version 3709383).
LogModuleManager: Display: Found up-to-date module file ../../../Engine/Plugins/Runtime/ArchVisCharacter/Binaries/Win64/UE4Editor-ArchVisCharacter.dll (API version 3709383).
LogModuleManager: Display: Found up-to-date module file ../../../Engine/Plugins/Runtime/CableComponent/Binaries/Win64/UE4Editor-CableComponent.dll (API version 3709383).
LogModuleManager: Display: Found up-to-date module file ../../../Engine/Plugins/Runtime/CustomMeshComponent/Binaries/Win64/UE4Editor-CustomMeshComponent.dll (API version 3709383).
LogModuleManager: Display: Found up-to-date module file ../../../Engine/Plugins/Runtime/ExampleDeviceProfileSelector/Binaries/Win64/UE4Editor-ExampleDeviceProfileSelector.dll (API version 3709383).
LogModuleManager: Display: Found up-to-date module file ../../../Engine/Plugins/Runtime/ImmediatePhysics/Binaries/Win64/UE4Editor-ImmediatePhysics.dll (API version 3709383).
LogModuleManager: Display: Found up-to-date module file ../../../Engine/Plugins/Runtime/ImmediatePhysics/Binaries/Win64/UE4Editor-ImmediatePhysicsEditor.dll (API version 3709383).
LogModuleManager: Display: Found up-to-date module file ../../../Engine/Plugins/Runtime/LocationServicesBPLibrary/Binaries/Win64/UE4Editor-LocationServicesBPLibrary.dll (API version 3709383).
LogModuleManager: Display: Found up-to-date module file ../../../Engine/Plugins/Runtime/MobilePatchingUtils/Binaries/Win64/UE4Editor-MobilePatchingUtils.dll (API version 3709383).
LogModuleManager: Display: Found up-to-date module file ../../../Engine/Plugins/Runtime/Oculus/OculusVR/Binaries/Win64/UE4Editor-OculusHMD.dll (API version 3709383).
LogModuleManager: Display: Found up-to-date module file ../../../Engine/Plugins/Runtime/Oculus/OculusVR/Binaries/Win64/UE4Editor-OculusInput.dll (API version 3709383).
LogModuleManager: Display: Found up-to-date module file ../../../Engine/Plugins/Runtime/Oculus/OculusVR/Binaries/Win64/UE4Editor-OculusEditor.dll (API version 3709383).
LogModuleManager: Display: Found up-to-date module file ../../../Engine/Plugins/Runtime/PhysXVehicles/Binaries/Win64/UE4Editor-PhysXVehicles.dll (API version 3709383).
LogModuleManager: Display: Found up-to-date module file ../../../Engine/Plugins/Runtime/PhysXVehicles/Binaries/Win64/UE4Editor-PhysXVehiclesEditor.dll (API version 3709383).
LogModuleManager: Display: Found up-to-date module file ../../../Engine/Plugins/Runtime/ProceduralMeshComponent/Binaries/Win64/UE4Editor-ProceduralMeshComponent.dll (API version 3709383).
LogModuleManager: Display: Found up-to-date module file ../../../Engine/Plugins/Runtime/ProceduralMeshComponent/Binaries/Win64/UE4Editor-ProceduralMeshComponentEditor.dll (API version 3709383).
LogModuleManager: Display: Found up-to-date module file ../../../Engine/Plugins/Runtime/RuntimePhysXCooking/Binaries/Win64/UE4Editor-RuntimePhysXCooking.dll (API version 3709383).
LogModuleManager: Display: Found up-to-date module file ../../../Engine/Plugins/Runtime/Steam/SteamVR/Binaries/Win64/UE4Editor-SteamVR.dll (API version 3709383).
LogModuleManager: Display: Found up-to-date module file ../../../Engine/Plugins/Runtime/Steam/SteamVR/Binaries/Win64/UE4Editor-SteamVRController.dll (API version 3709383).
LogModuleManager: Display: Found up-to-date module file ../../../Engine/Plugins/Runtime/WindowsMoviePlayer/Binaries/Win64/UE4Editor-WindowsMoviePlayer.dll (API version 3709383).
LogInit: Using libcurl 7.47.1
LogInit:  - built for x86_64-pc-win32
LogInit:  - supports SSL with OpenSSL/1.0.2g
LogInit:  - supports HTTP deflate (compression) using libz 1.2.8
LogInit:  - other features:
LogInit:      CURL_VERSION_SSL
LogInit:      CURL_VERSION_LIBZ
LogInit:      CURL_VERSION_IPV6
LogInit:      CURL_VERSION_ASYNCHDNS
LogInit:      CURL_VERSION_LARGEFILE
LogInit:      CURL_VERSION_IDN
LogInit:  CurlRequestOptions (configurable via config and command line):
LogInit:  - bVerifyPeer = false  - Libcurl will NOT verify peer certificate
LogInit:  - bUseHttpProxy = false  - Libcurl will NOT use HTTP proxy
LogInit:  - bDontReuseConnections = false  - Libcurl will reuse connections
LogInit:  - CertBundlePath = nullptr  - Libcurl will use whatever was configured at build time.
LogInit: Build: ++UE4+Release-4.18-CL-3832480
LogInit: Engine Version: 4.18.3-3832480+++UE4+Release-4.18
LogInit: Compatible Engine Version: 4.18.0-3709383+++UE4+Release-4.18
LogInit: Net CL: 3709383
LogDevObjectVersion: Number of dev versions registered: 16
LogDevObjectVersion:   Dev-Blueprints (B0D832E4-1F89-4F0D-ACCF-7EB736FD4AA2): 10
LogDevObjectVersion:   Dev-Build (E1C64328-A22C-4D53-A36C-8E866417BD8C): 0
LogDevObjectVersion:   Dev-Core (375EC13C-06E4-48FB-B500-84F0262A717E): 2
LogDevObjectVersion:   Dev-Editor (E4B068ED-F494-42E9-A231-DA0B2E46BB41): 20
LogDevObjectVersion:   Dev-Framework (CFFC743F-43B0-4480-9391-14DF171D2073): 30
LogDevObjectVersion:   Dev-Mobile (B02B49B5-BB20-44E9-A304-32B752E40360): 0
LogDevObjectVersion:   Dev-Networking (A4E4105C-59A1-49B5-A7C5-40C4547EDFEE): 0
LogDevObjectVersion:   Dev-Online (39C831C9-5AE6-47DC-9A44-9C173E1C8E7C): 0
LogDevObjectVersion:   Dev-Physics (78F01B33-EBEA-4F98-B9B4-84EACCB95AA2): 0
LogDevObjectVersion:   Dev-Platform (6631380F-2D4D-43E0-8009-CF276956A95A): 0
LogDevObjectVersion:   Dev-Rendering (12F88B9F-8875-4AFC-A67C-D90C383ABD29): 20
LogDevObjectVersion:   Dev-Sequencer (7B5AE74C-D270-4C10-A958-57980B212A5A): 4
LogDevObjectVersion:   Dev-VR (D7296918-1DD6-4BDD-9DE2-64A83CC13884): 0
LogDevObjectVersion:   Dev-LoadTimes (C2A15278-BFE7-4AFE-6C17-90FF531DF755): 1
LogDevObjectVersion:   Private-Geometry (6EACA3D4-40EC-4CC1-B786-8BED09428FC5): 1
LogDevObjectVersion:   Dev-AnimPhys (29E575DD-E0A3-4627-9D10-D276232CDCEA): 12
LogInit: Compiled (64-bit): Jan 12 2018 02:04:55
LogInit: Compiled with Visual C++: 19.00.24215.01
LogInit: Build Configuration: Development
LogInit: Branch Name: ++UE4+Release-4.18
LogInit: Command line:  -skipcompile
LogInit: Base directory: C:/Program Files/Epic Games/UE_4.18/Engine/Binaries/Win64/
LogInit: Installed Engine Build: 1
LogInit: Presizing for max 8388607 objects, including 0 objects not considered by GC, pre-allocating 0 bytes for permanent pool.
LogInit: Object subsystem initialized
[2018.07.31-17.19.02:411][  0]LogInit: Selected Device Profile: [Windows]
[2018.07.31-17.19.02:411][  0]LogInit: Applying CVar settings loaded from the selected device profile: [Windows]
[2018.07.31-17.19.02:449][  0]LogInit: Computer: DELL-XPS-15
[2018.07.31-17.19.02:449][  0]LogInit: User: Konrad
[2018.07.31-17.19.02:450][  0]LogInit: CPU Page size=4096, Cores=4
[2018.07.31-17.19.02:450][  0]LogInit: High frequency timer resolution =2.742189 MHz
[2018.07.31-17.19.02:451][  0]LogMemory: Memory total: Physical=31.9GB (32GB approx)
[2018.07.31-17.19.02:451][  0]LogMemory: Platform Memory Stats for Windows
[2018.07.31-17.19.02:451][  0]LogMemory: Process Physical Memory: 280.79 MB used, 280.79 MB peak
[2018.07.31-17.19.02:451][  0]LogMemory: Process Virtual Memory: 271.09 MB used, 271.09 MB peak
[2018.07.31-17.19.02:451][  0]LogMemory: Physical Memory: 8695.24 MB used,  23924.70 MB free, 32619.94 MB total
[2018.07.31-17.19.02:451][  0]LogMemory: Virtual Memory: 716.10 MB used,  23924.70 MB free, 134217728.00 MB total
[2018.07.31-17.19.03:441][  0]LogInit: Using OS detected language (en-US).
[2018.07.31-17.19.03:441][  0]LogInit: Using OS detected locale (en-US).
[2018.07.31-17.19.03:444][  0]LogTextLocalizationManager: No specific localization for 'en-US' exists, so the 'en' localization will be used.
[2018.07.31-17.19.03:871][  0]LogInit: Setting process to per monitor DPI aware
[2018.07.31-17.19.04:311][  0]LogD3D11RHI: D3D11 adapters:
[2018.07.31-17.19.04:363][  0]LogD3D11RHI:    0. 'Radeon RX 580 Series' (Feature Level 11_0)
[2018.07.31-17.19.04:363][  0]LogD3D11RHI:       8137/0/16309 MB DedicatedVideo/DedicatedSystem/SharedSystem, Outputs:1, VendorId:0x1002
[2018.07.31-17.19.04:386][  0]LogD3D11RHI:    1. 'Intel(R) HD Graphics 630' (Feature Level 11_0)
[2018.07.31-17.19.04:386][  0]LogD3D11RHI:       128/0/16309 MB DedicatedVideo/DedicatedSystem/SharedSystem, Outputs:0, VendorId:0x8086
[2018.07.31-17.19.05:310][  0]LogD3D11RHI:    2. 'NVIDIA GeForce GTX 1050' (Feature Level 11_0)
[2018.07.31-17.19.05:310][  0]LogD3D11RHI:       4021/0/16309 MB DedicatedVideo/DedicatedSystem/SharedSystem, Outputs:0, VendorId:0x10de
[2018.07.31-17.19.05:316][  0]LogD3D11RHI:    3. 'Microsoft Basic Render Driver' (Feature Level 11_0)
[2018.07.31-17.19.05:316][  0]LogD3D11RHI:       0/0/16309 MB DedicatedVideo/DedicatedSystem/SharedSystem, Outputs:0, VendorId:0x1414
[2018.07.31-17.19.05:316][  0]LogD3D11RHI: Chosen D3D11 Adapter: 0
[2018.07.31-17.19.05:328][  0]LogD3D11RHI: Creating new Direct3DDevice
[2018.07.31-17.19.05:328][  0]LogD3D11RHI:     GPU DeviceId: 0x67df (for the marketing name, search the web for "GPU Device Id")
[2018.07.31-17.19.05:328][  0]LogWindows: EnumDisplayDevices:
[2018.07.31-17.19.05:328][  0]LogWindows:    0. 'Intel(R) HD Graphics 630' (P:0 D:0)
[2018.07.31-17.19.05:329][  0]LogWindows:    1. 'Intel(R) HD Graphics 630' (P:0 D:0)
[2018.07.31-17.19.05:329][  0]LogWindows:    2. 'Intel(R) HD Graphics 630' (P:0 D:0)
[2018.07.31-17.19.05:330][  0]LogWindows:    3. 'Radeon RX 580 Series' (P:1 D:1)
[2018.07.31-17.19.05:330][  0]LogWindows:    4. 'Radeon RX 580 Series' (P:0 D:0)
[2018.07.31-17.19.05:331][  0]LogWindows:    5. 'Radeon RX 580 Series' (P:0 D:0)
[2018.07.31-17.19.05:332][  0]LogWindows:    6. 'Radeon RX 580 Series' (P:0 D:0)
[2018.07.31-17.19.05:333][  0]LogWindows:    7. 'Radeon RX 580 Series' (P:0 D:0)
[2018.07.31-17.19.05:333][  0]LogWindows:    8. 'Radeon RX 580 Series' (P:0 D:0)
[2018.07.31-17.19.05:334][  0]LogWindows:    9. 'Radeon RX 580 Series' (P:0 D:0)
[2018.07.31-17.19.05:334][  0]LogWindows:    10. 'Radeon RX 580 Series' (P:0 D:0)
[2018.07.31-17.19.05:335][  0]LogWindows:    11. 'Radeon RX 580 Series' (P:0 D:0)
[2018.07.31-17.19.05:335][  0]LogWindows:    12. 'Radeon RX 580 Series' (P:0 D:0)
[2018.07.31-17.19.05:336][  0]LogWindows:    13. 'Radeon RX 580 Series' (P:0 D:0)
[2018.07.31-17.19.05:336][  0]LogWindows:    14. 'Radeon RX 580 Series' (P:0 D:0)
[2018.07.31-17.19.05:337][  0]LogWindows:    15. 'Radeon RX 580 Series' (P:0 D:0)
[2018.07.31-17.19.05:337][  0]LogWindows:    16. 'Radeon RX 580 Series' (P:0 D:0)
[2018.07.31-17.19.05:338][  0]LogWindows:    17. 'Radeon RX 580 Series' (P:0 D:0)
[2018.07.31-17.19.05:338][  0]LogWindows:    18. 'Radeon RX 580 Series' (P:0 D:0)
[2018.07.31-17.19.05:339][  0]LogWindows: DebugString: PrimaryIsNotTheChoosenAdapter PrimaryIsNotTheChoosenAdapter PrimaryIsNotTheChoosenAdapter FoundDriverCount:16 
[2018.07.31-17.19.05:339][  0]LogD3D11RHI:     Adapter Name: Radeon RX 580 Series
[2018.07.31-17.19.05:339][  0]LogD3D11RHI:   Driver Version: Adrenalin 18.5.1 (internal:24.20.11016.4, unified:24.20.11016.4)
[2018.07.31-17.19.05:339][  0]LogD3D11RHI:      Driver Date: 5-16-2018
[2018.07.31-17.19.05:339][  0]LogRHI: Texture pool is 5696 MB (70% of 8137 MB)
[2018.07.31-17.19.05:549][  0]LogD3D11RHI: Async texture creation enabled
[2018.07.31-17.19.05:560][  0]LogD3D11RHI: GPU Timing Frequency: 25.000000 (Debug: 2 1)
[2018.07.31-17.19.05:562][  0]LogShaderCompilers: Guid format shader working directory is -48 characters bigger than the processId version (../../../../../../Users/Konrad/Documents/Unreal Projects/FlockingUE4-master/FlockingUE4-master/Intermediate/Shaders/WorkingDirectory/10672/).
[2018.07.31-17.19.05:562][  0]LogShaderCompilers: Cleaned the shader compiler working directory 'C:/Users/Konrad/AppData/Local/Temp/UnrealShaderWorkingDir/1552DFAB4CBCA2AE9D81D09BD78F0D16/'.
[2018.07.31-17.19.05:562][  0]LogShaderCompilers: Display: Using Local Shader Compiler.
[2018.07.31-17.19.06:539][  0]LogTemp: Display: Loaded TP AllDesktopTargetPlatform
[2018.07.31-17.19.06:607][  0]LogTemp: Display: Loaded TP MacClientTargetPlatform
[2018.07.31-17.19.06:673][  0]LogTemp: Display: Loaded TP MacNoEditorTargetPlatform
[2018.07.31-17.19.06:740][  0]LogTemp: Display: Loaded TP MacServerTargetPlatform
[2018.07.31-17.19.06:810][  0]LogTemp: Display: Loaded TP MacTargetPlatform
[2018.07.31-17.19.06:878][  0]LogTemp: Display: Loaded TP WindowsClientTargetPlatform
[2018.07.31-17.19.06:943][  0]LogTemp: Display: Loaded TP WindowsNoEditorTargetPlatform
[2018.07.31-17.19.07:009][  0]LogTemp: Display: Loaded TP WindowsServerTargetPlatform
[2018.07.31-17.19.07:074][  0]LogTemp: Display: Loaded TP WindowsTargetPlatform
[2018.07.31-17.19.07:146][  0]LogTemp: Display: Loaded TP Android_ASTCTargetPlatform
[2018.07.31-17.19.07:220][  0]LogTemp: Display: Loaded TP Android_ATCTargetPlatform
[2018.07.31-17.19.07:292][  0]LogTemp: Display: Loaded TP Android_DXTTargetPlatform
[2018.07.31-17.19.07:360][  0]LogTemp: Display: Loaded TP Android_ETC1TargetPlatform
[2018.07.31-17.19.07:429][  0]LogTemp: Display: Loaded TP Android_ETC2TargetPlatform
[2018.07.31-17.19.07:567][  0]LogTemp: Display: Loaded TP Android_MultiTargetPlatform
[2018.07.31-17.19.07:567][  0]LogTemp: Display: Loaded TP Android_PVRTCTargetPlatform
[2018.07.31-17.19.07:643][  0]LogTemp: Display: Loaded TP AndroidTargetPlatform
[2018.07.31-17.19.07:704][  0]LogTemp: Display: Loaded TP HTML5TargetPlatform
[2018.07.31-17.19.07:833][  0]LogTemp: Display: Loaded TP IOSTargetPlatform
[2018.07.31-17.19.07:878][  0]LogTemp: Display: Loaded TP TVOSTargetPlatform
[2018.07.31-17.19.07:942][  0]LogTemp: Display: Loaded TP LinuxClientTargetPlatform
[2018.07.31-17.19.08:016][  0]LogTemp: Display: Loaded TP LinuxNoEditorTargetPlatform
[2018.07.31-17.19.08:088][  0]LogTemp: Display: Loaded TP LinuxServerTargetPlatform
[2018.07.31-17.19.08:152][  0]LogTemp: Display: Loaded TP LinuxTargetPlatform
[2018.07.31-17.19.08:152][  0]LogTargetPlatformManager: Display: Building Assets For Windows
[2018.07.31-17.19.08:840][  0]LogDerivedDataCache: Display: Max Cache Size: 512 MB
[2018.07.31-17.19.08:943][  0]LogDerivedDataCache: Loaded boot cache 0.10s 78MB C:/Users/Konrad/AppData/Local/UnrealEngine/4.18/DerivedDataCache/Boot.ddc.
[2018.07.31-17.19.08:943][  0]LogDerivedDataCache: Display: Loaded Boot cache: C:/Users/Konrad/AppData/Local/UnrealEngine/4.18/DerivedDataCache/Boot.ddc
[2018.07.31-17.19.08:944][  0]LogDerivedDataCache: FDerivedDataBackendGraph:  Pak pak cache file ../../../../../../Users/Konrad/Documents/Unreal Projects/FlockingUE4-master/FlockingUE4-master/DerivedDataCache/DDC.ddp not found, will not use a pak cache.
[2018.07.31-17.19.08:944][  0]LogDerivedDataCache: Unable to find inner node Pak for hierarchical cache Hierarchy.
[2018.07.31-17.19.08:944][  0]LogDerivedDataCache: FDerivedDataBackendGraph:  CompressedPak pak cache file ../../../../../../Users/Konrad/Documents/Unreal Projects/FlockingUE4-master/FlockingUE4-master/DerivedDataCache/Compressed.ddp not found, will not use a pak cache.
[2018.07.31-17.19.08:944][  0]LogDerivedDataCache: Unable to find inner node CompressedPak for hierarchical cache Hierarchy.
[2018.07.31-17.19.08:962][  0]LogDerivedDataCache: Display: Pak cache opened for reading ../../../Engine/DerivedDataCache/Compressed.ddp.
[2018.07.31-17.19.08:977][  0]LogDerivedDataCache: Using Local data cache path C:/Users/Konrad/AppData/Local/UnrealEngine/Common/DerivedDataCache: Writable
[2018.07.31-17.19.08:988][  0]LogMaterial: Verifying Global Shaders for PCD3D_SM5
[2018.07.31-17.19.08:989][  0]LogSlate: Using Freetype 2.6.0
[2018.07.31-17.19.08:990][  0]LogSlate: SlateFontCache - WITH_FREETYPE: 1, WITH_HARFBUZZ: 1
[2018.07.31-17.19.08:990][  0]LogSlate: SlateFontCache - WITH_FREETYPE: 1, WITH_HARFBUZZ: 1
[2018.07.31-17.19.09:361][  0]LogInit: Selected Device Profile: [Windows]
[2018.07.31-17.19.09:820][  0]LogSimplygon: Simplygon DLL not present - disabling.
[2018.07.31-17.19.09:873][  0]LogMeshReduction: Using SimplygonSwarm for distributed automatic mesh merging
[2018.07.31-17.19.09:874][  0]LogMeshReduction: Using QuadricMeshReduction for automatic static mesh reduction
[2018.07.31-17.19.09:874][  0]LogMeshReduction: No automatic skeletal mesh reduction module available
[2018.07.31-17.19.09:874][  0]LogMeshReduction: No automatic mesh merging module available
[2018.07.31-17.19.09:874][  0]LogMeshMerging: No automatic mesh merging module available
[2018.07.31-17.19.09:936][  0]LogNetVersion: NetworkBoids , NetCL: 3709383, EngineNetVer: 2, GameNetVer: 0 (Checksum: 3817124668)
[2018.07.31-17.19.10:140][  0]LogAssetRegistry: FAssetRegistry took 0.0281 seconds to start up
[2018.07.31-17.19.10:743][  0]LogPackageLocalizationCache: Processed 7 localized package path(s) for 2 prioritized culture(s) in 0.104140 seconds
[2018.07.31-17.19.10:748][  0]LogUObjectArray: 35870 objects as part of root set at end of initial load.
[2018.07.31-17.19.10:748][  0]LogUObjectAllocator: 7363704 out of 0 bytes used by permanent object pool.
[2018.07.31-17.19.10:748][  0]LogUObjectArray: CloseDisregardForGC: 0/0 objects in disregard for GC pool
[2018.07.31-17.19.10:817][  0]LogInit: WinSock: version 1.1 (2.2), MaxSocks=32767, MaxUdp=65467
[2018.07.31-17.19.14:059][  0]LogTcpMessaging: Initializing TcpMessaging bridge
[2018.07.31-17.19.14:111][  0]LogUdpMessaging: Initializing bridge on interface 0.0.0.0:0 to multicast group 230.0.0.1:6666.
[2018.07.31-17.19.15:053][  0]LogMaterial: Uniform references updated for custom material expression Custom.
[2018.07.31-17.19.15:582][  0]SourceControl: Source control is disabled
[2018.07.31-17.19.15:583][  0]SourceControl: Source control is disabled
[2018.07.31-17.19.15:649][  0]SourceControl: Source control is disabled
[2018.07.31-17.19.15:718][  0]SourceControl: Source control is disabled
[2018.07.31-17.19.16:764][  0]LogAndroidPermission: UAndroidPermissionCallbackProxy::GetInstance
[2018.07.31-17.19.17:106][  0]LogOcInput: OculusInput pre-init called
[2018.07.31-17.19.17:439][  0]LogEngine: Initializing Engine...
[2018.07.31-17.19.17:442][  0]LogHMD: Failed to initialize OpenVR with code 110
[2018.07.31-17.19.17:712][  0]LogStats: UGameplayTagsManager::ConstructGameplayTagTree: Construct from data asset -  0.000 s
[2018.07.31-17.19.17:712][  0]LogStats: UGameplayTagsManager::ConstructGameplayTagTree: GameplayTagTreeChangedEvent.Broadcast -  0.000 s
[2018.07.31-17.19.17:874][  0]LogAIModule: Creating AISystem for world Untitled
[2018.07.31-17.19.17:901][  0]LogInit: XAudio2 using 'Speakers / Headphones (Realtek Audio)' : 2 channels at 48 kHz using 32 bits per sample (channel mask 0x3)
[2018.07.31-17.19.19:034][  0]LogInit: FAudioDevice initialized.
[2018.07.31-17.19.19:104][  0]LogDerivedDataCache: Saved boot cache 0.07s 78MB C:/Users/Konrad/AppData/Local/UnrealEngine/4.18/DerivedDataCache/Boot.ddc.
[2018.07.31-17.19.19:122][  0]LogInit: Texture streaming: Enabled
[2018.07.31-17.19.19:263][  0]LogEngineSessionManager: EngineSessionManager initialized
[2018.07.31-17.19.19:263][  0]LogEngineSessionManager: EngineSessionManager sent abnormal shutdown report. Type=Debugger, SessionId={239C3BD9-486B-503C-3869-35ABF8AB7A48}
[2018.07.31-17.19.19:425][  0]LogInit: Transaction tracking system initialized
[2018.07.31-17.19.19:843][  0]BlueprintLog: New page: Editor Load
[2018.07.31-17.19.21:033][  0]LocalizationService: Localization service is disabled
[2018.07.31-17.19.22:010][  0]LogConsoleResponse: Display: 
[2018.07.31-17.19.22:218][  0]LogCook: Display: Max memory allowance for cook 16384mb min free memory 0mb
[2018.07.31-17.19.22:219][  0]LogCook: Display: Mobile HDR setting 1
[2018.07.31-17.19.22:219][  0]LogGameplayTags: Display: UGameplayTagsManager::DoneAddingNativeTags. DelegateIsBound: 0
[2018.07.31-17.19.22:887][  0]LogFileCache: Scanning file cache for directory 'C:/Users/Konrad/Documents/Unreal Projects/FlockingUE4-master/FlockingUE4-master/Content/' took 0.01s
[2018.07.31-17.19.23:767][  0]SourceControl: Source control is disabled
[2018.07.31-17.19.23:767][  0]Cmd: MAP LOAD FILE="../../../../../../Users/Konrad/Documents/Unreal Projects/FlockingUE4-master/FlockingUE4-master/Content/Scenes/BaseLevel.umap" TEMPLATE=0 SHOWPROGRESS=1 FEATURELEVEL=3
[2018.07.31-17.19.23:767][  0]LightingResults: New page: Lighting Build
[2018.07.31-17.19.23:821][  0]MapCheck: New page: Map Check
[2018.07.31-17.19.23:821][  0]LightingResults: New page: Lighting Build
[2018.07.31-17.19.24:039][  0]LogAIModule: Creating AISystem for world BaseLevel
[2018.07.31-17.19.24:045][  0]LogEditorServer: Finished looking for orphan Actors (0.000 secs)
[2018.07.31-17.19.24:055][  0]Cmd: MAP CHECKDEP NOCLEARLOG
[2018.07.31-17.19.24:110][  0]MapCheck: Map check complete: 0 Error(s), 0 Warning(s), took 54.505ms to complete.
[2018.07.31-17.19.24:110][  0]LogFileHelpers: Loading map 'BaseLevel' took 0.343
[2018.07.31-17.19.24:207][  0]LogWindowsTextInputMethodSystem: Display: IME system now deactivated.
[2018.07.31-17.19.24:207][  0]LogWindowsTextInputMethodSystem: Display: IME system now deactivated.
[2018.07.31-17.19.24:297][  0]LogCollectionManager: Loaded 0 collections in 0.001930 seconds
[2018.07.31-17.19.24:452][  0]LogFileCache: Scanning file cache for directory 'C:/Users/Konrad/Documents/Unreal Projects/FlockingUE4-master/FlockingUE4-master/Saved/Collections/' took 0.01s
[2018.07.31-17.19.24:452][  0]LogFileCache: Scanning file cache for directory 'C:/Users/Konrad/Documents/Unreal Projects/FlockingUE4-master/FlockingUE4-master/Content/Developers/Konrad/Collections/' took 0.01s
[2018.07.31-17.19.24:452][  0]LogFileCache: Scanning file cache for directory 'C:/Users/Konrad/Documents/Unreal Projects/FlockingUE4-master/FlockingUE4-master/Content/Collections/' took 0.01s
[2018.07.31-17.19.24:452][  0]LogCollectionManager: Rebuilt the GUID cache for 0 collections in 0.000000 seconds
[2018.07.31-17.19.24:463][  0]LogContentBrowser: Native class hierarchy populated in 0.0101 seconds. Added 2370 classes and 523 folders.
[2018.07.31-17.19.24:544][  0]LogContentBrowser: Native class hierarchy updated for 'WidgetCarousel' in 0.0009 seconds. Added 0 classes and 0 folders.
[2018.07.31-17.19.24:586][  0]LogContentBrowser: Native class hierarchy updated for 'AddContentDialog' in 0.0009 seconds. Added 0 classes and 0 folders.
[2018.07.31-17.19.24:646][  0]LogContentBrowser: Native class hierarchy updated for 'SceneOutliner' in 0.0012 seconds. Added 1 classes and 2 folders.
[2018.07.31-17.19.24:765][  0]LogContentBrowser: Native class hierarchy updated for 'HierarchicalLODOutliner' in 0.0010 seconds. Added 1 classes and 2 folders.
[2018.07.31-17.19.24:765][  0]LogLoad: (Engine Initialization) Total time: 30.32 seconds
[2018.07.31-17.19.24:765][  0]LogLoad: (Engine Initialization) Total Blueprint compile time: 0.00 seconds
[2018.07.31-17.19.24:766][  0]LogExternalProfiler: Found external profiler: VSPerf
[2018.07.31-17.19.24:766][  0]LogExternalProfiler: Using external profiler: VSPerf
[2018.07.31-17.19.24:811][  0]LogAssetRegistry: Asset discovery search completed in 14.6952 seconds
[2018.07.31-17.19.24:814][  0]LogCollectionManager: Rebuilt the object cache for 0 collections in 0.000000 seconds (found 0 objects)
[2018.07.31-17.19.24:814][  0]LogCollectionManager: Fixed up redirectors for 0 collections in 0.000221 seconds (updated 0 objects)
[2018.07.31-17.19.24:817][  0]LogContentStreaming: Texture pool size now 1000 MB
[2018.07.31-17.19.24:828][  0]LogSlate: Took 0.000247 seconds to synchronously load lazily loaded font '../../../Engine/Content/Slate/Fonts/Roboto-Regular.ttf' (155K)
[2018.07.31-17.19.24:830][  0]LogSlate: Took 0.000159 seconds to synchronously load lazily loaded font '../../../Engine/Content/Slate/Fonts/Roboto-Bold.ttf' (160K)
[2018.07.31-17.19.24:834][  0]LogSlate: Took 0.000152 seconds to synchronously load lazily loaded font '../../../Engine/Content/Editor/Slate/Fonts/FontAwesome.ttf' (139K)
[2018.07.31-17.19.24:980][  2]LogRenderer: Reallocating scene render targets to support 804x360 Format 10 NumSamples 1 (Frame:1).
[2018.07.31-17.19.33:539][505]LogTemp: Repeating last play command: Selected Viewport
[2018.07.31-17.19.33:570][505]LogPlayLevel: PlayLevel: No blueprints needed recompiling
[2018.07.31-17.19.33:571][505]PIE: New page: PIE session: BaseLevel (Jul 31, 2018, 9:19:33 AM)
[2018.07.31-17.19.33:571][505]LogPlayLevel: Creating play world package: /Game/Scenes/UEDPIE_0_BaseLevel
[2018.07.31-17.19.33:575][505]LogPlayLevel: PIE: StaticDuplicateObject took: (0.003254s)
[2018.07.31-17.19.33:575][505]LogAIModule: Creating AISystem for world BaseLevel
[2018.07.31-17.19.33:575][505]LogPlayLevel: PIE: World Init took: (0.000834s)
[2018.07.31-17.19.33:576][505]LogPlayLevel: PIE: Created PIE world by copying editor world from /Game/Scenes/BaseLevel.BaseLevel to /Game/Scenes/UEDPIE_0_BaseLevel.BaseLevel (0.004667s)
[2018.07.31-17.19.33:592][505]LogInit: XAudio2 using 'Speakers / Headphones (Realtek Audio)' : 2 channels at 48 kHz using 32 bits per sample (channel mask 0x3)
[2018.07.31-17.19.33:608][505]LogInit: FAudioDevice initialized.
[2018.07.31-17.19.33:655][505]LogLoad: Game class is 'BPBoidsBase_C'
[2018.07.31-17.19.33:657][505]LogWorld: Bringing World /Game/Scenes/UEDPIE_0_BaseLevel.BaseLevel up for play (max tick rate 60) at 2018.07.31-13.19.33
[2018.07.31-17.19.33:658][505]LogWorld: Bringing up level for play took: 0.000831
[2018.07.31-17.19.33:714][505]LogContentBrowser: Native class hierarchy updated for 'MovieSceneCapture' in 0.0012 seconds. Added 11 classes and 0 folders.
[2018.07.31-17.19.33:714][505]LogGameMode: Display: Match State Changed from EnteringMap to WaitingToStart
[2018.07.31-17.19.33:714][505]LogGameState: Match State Changed from EnteringMap to WaitingToStart
[2018.07.31-17.19.33:715][505]LogGameMode: Display: Match State Changed from WaitingToStart to InProgress
[2018.07.31-17.19.33:716][505]LogGameState: Match State Changed from WaitingToStart to InProgress
[2018.07.31-17.19.33:716][505]LogTemp: Display: Spawning spawner 2
[2018.07.31-17.19.33:717][505]LogTemp: Display: Spawner created
[2018.07.31-17.19.33:717][505]PIE: Play in editor start time for /Game/Scenes/UEDPIE_0_BaseLevel 0.701
