Log file open, 07/31/18 20:01:20
LogWindows: Failed to load 'aqProf.dll' (GetLastError=126)
LogWindows: File 'aqProf.dll' does not exist
LogWindows: Failed to load 'VtuneApi.dll' (GetLastError=126)
LogWindows: File 'VtuneApi.dll' does not exist
LogWindows: Failed to load 'VtuneApi32e.dll' (GetLastError=126)
LogWindows: File 'VtuneApi32e.dll' does not exist
LogInit: Display: Running engine for game: NetworkBoids
LogPlatformFile: Not using cached read wrapper
LogInit: Display: RandInit(1705022168) SRandInit(1705022168).
LogInit: Read version file with build ID '3709383'
LogInit: Overriding engine version to CL 3832480, compatible CL 3709383
LogInit: Registered custom module enumerator with build ID '3709383'
LogTaskGraph: Started task graph with 5 named threads and 14 total threads with 3 sets of task threads.
LogStats: Stats thread started at 0.254185
LogD3D11RHI: Aftermath initialized
LogPluginManager: Mounting plugin Paper2D
LogPluginManager: Mounting plugin LightPropagationVolume
LogPluginManager: Mounting plugin CodeLiteSourceCodeAccess
LogPluginManager: Mounting plugin GitSourceControl
LogPluginManager: Mounting plugin KDevelopSourceCodeAccess
LogPluginManager: Mounting plugin NullSourceCodeAccess
LogPluginManager: Mounting plugin PerforceSourceControl
LogPluginManager: Mounting plugin SubversionSourceControl
LogPluginManager: Mounting plugin UObjectPlugin
LogPluginManager: Mounting plugin VisualStudioCodeSourceCodeAccess
LogPluginManager: Mounting plugin VisualStudioSourceCodeAccess
LogPluginManager: Mounting plugin XCodeSourceCodeAccess
LogPluginManager: Mounting plugin AssetManagerEditor
LogPluginManager: Mounting plugin AudioCapture
LogPluginManager: Mounting plugin FacialAnimation
LogPluginManager: Mounting plugin GameplayTagsEditor
LogPluginManager: Mounting plugin MobileLauncherProfileWizard
LogPluginManager: Mounting plugin PluginBrowser
LogPluginManager: Mounting plugin SpeedTreeImporter
LogPluginManager: Mounting plugin AlembicImporter
LogPluginManager: Mounting plugin CharacterAI
LogPluginManager: Mounting plugin HTML5Networking
LogPluginManager: Mounting plugin AndroidMedia
LogPluginManager: Mounting plugin AvfMedia
LogPluginManager: Mounting plugin ImgMedia
LogPluginManager: Mounting plugin MediaCompositing
LogPluginManager: Mounting plugin MediaPlayerEditor
LogPluginManager: Mounting plugin WmfMedia
LogPluginManager: Mounting plugin TcpMessaging
LogPluginManager: Mounting plugin UdpMessaging
LogPluginManager: Mounting plugin ActorSequence
LogPluginManager: Mounting plugin LevelSequenceEditor
LogPluginManager: Mounting plugin MatineeToLevelSequence
LogPluginManager: Mounting plugin OnlineSubsystemGooglePlay
LogPluginManager: Mounting plugin OnlineSubsystemIOS
LogPluginManager: Mounting plugin OnlineSubsystem
LogPluginManager: Mounting plugin OnlineSubsystemNull
LogPluginManager: Mounting plugin OnlineSubsystemUtils
LogPluginManager: Mounting plugin AndroidDeviceProfileSelector
LogPluginManager: Mounting plugin AndroidMoviePlayer
LogPluginManager: Mounting plugin AndroidPermission
LogPluginManager: Mounting plugin AppleARKit
LogPluginManager: Mounting plugin AppleMoviePlayer
LogPluginManager: Mounting plugin ArchVisCharacter
LogPluginManager: Mounting plugin CableComponent
LogPluginManager: Mounting plugin CustomMeshComponent
LogPluginManager: Mounting plugin ExampleDeviceProfileSelector
LogPluginManager: Mounting plugin GoogleCloudMessaging
LogPluginManager: Mounting plugin ImmediatePhysics
LogPluginManager: Mounting plugin IOSDeviceProfileSelector
LogPluginManager: Mounting plugin LinuxDeviceProfileSelector
LogPluginManager: Mounting plugin LocationServicesBPLibrary
LogPluginManager: Mounting plugin MobilePatchingUtils
LogPluginManager: Mounting plugin OculusVR
LogPluginManager: Plugin shader directory ../../../Engine/Plugins/Runtime/Oculus/OculusVR/Shaders found
LogPluginManager: Mapping shader source directory ../../../Engine/Plugins/Runtime/Oculus/OculusVR/Shaders to virtual directory /Plugin/OculusVR
LogPluginManager: Mounting plugin PhysXVehicles
LogPluginManager: Mounting plugin ProceduralMeshComponent
LogPluginManager: Mounting plugin RuntimePhysXCooking
LogPluginManager: Mounting plugin SteamVR
LogPluginManager: Mounting plugin WindowsMoviePlayer
LogModuleManager: Display: Found up-to-date module file ../../../../../../Users/Konrad/Documents/Unreal Projects/FlockingUE4-simplified/Binaries/Win64/UE4Editor-NetworkBoids-9314.dll (API version 3709383).
LogModuleManager: Display: Found up-to-date module file ../../../Engine/Plugins/2D/Paper2D/Binaries/Win64/UE4Editor-Paper2D.dll (API version 3709383).
LogModuleManager: Display: Found up-to-date module file ../../../Engine/Plugins/2D/Paper2D/Binaries/Win64/UE4Editor-Paper2DEditor.dll (API version 3709383).
LogModuleManager: Display: Found up-to-date module file ../../../Engine/Plugins/2D/Paper2D/Binaries/Win64/UE4Editor-PaperSpriteSheetImporter.dll (API version 3709383).
LogModuleManager: Display: Found up-to-date module file ../../../Engine/Plugins/2D/Paper2D/Binaries/Win64/UE4Editor-PaperTiledImporter.dll (API version 3709383).
LogModuleManager: Display: Found up-to-date module file ../../../Engine/Plugins/2D/Paper2D/Binaries/Win64/UE4Editor-SmartSnapping.dll (API version 3709383).
LogModuleManager: Display: Found up-to-date module file ../../../Engine/Plugins/Blendables/LightPropagationVolume/Binaries/Win64/UE4Editor-LightPropagationVolumeRuntime.dll (API version 3709383).
LogModuleManager: Display: Found up-to-date module file ../../../Engine/Plugins/Blendables/LightPropagationVolume/Binaries/Win64/UE4Editor-LightPropagationVolumeEditor.dll (API version 3709383).
LogModuleManager: Display: Found up-to-date module file ../../../Engine/Plugins/Developer/GitSourceControl/Binaries/Win64/UE4Editor-GitSourceControl.dll (API version 3709383).
LogModuleManager: Display: Found up-to-date module file ../../../Engine/Plugins/Developer/PerforceSourceControl/Binaries/Win64/UE4Editor-PerforceSourceControl.dll (API version 3709383).
LogModuleManager: Display: Found up-to-date module file ../../../Engine/Plugins/Developer/SubversionSourceControl/Binaries/Win64/UE4Editor-SubversionSourceControl.dll (API version 3709383).
LogModuleManager: Display: Found up-to-date module file ../../../Engine/Plugins/Developer/UObjectPlugin/Binaries/Win64/UE4Editor-UObjectPlugin.dll (API version 3709383).
LogModuleManager: Display: Found up-to-date module file ../../../Engine/Plugins/Developer/VisualStudioCodeSourceCodeAccess/Binaries/Win64/UE4Editor-VisualStudioCodeSourceCodeAccess.dll (API version 3709383).
LogModuleManager: Display: Found up-to-date module file ../../../Engine/Plugins/Developer/VisualStudioSourceCodeAccess/Binaries/Win64/UE4Editor-VisualStudioSourceCodeAccess.dll (API version 3709383).
LogModuleManager: Display: Found up-to-date module file ../../../Engine/Plugins/Editor/AssetManagerEditor/Binaries/Win64/UE4Editor-AssetManagerEditor.dll (API version 3709383).
LogModuleManager: Display: Found up-to-date module file ../../../Engine/Plugins/Editor/AudioCapture/Binaries/Win64/UE4Editor-AudioCapture.dll (API version 3709383).
LogModuleManager: Display: Found up-to-date module file ../../../Engine/Plugins/Editor/FacialAnimation/Binaries/Win64/UE4Editor-FacialAnimation.dll (API version 3709383).
LogModuleManager: Display: Found up-to-date module file ../../../Engine/Plugins/Editor/FacialAnimation/Binaries/Win64/UE4Editor-FacialAnimationEditor.dll (API version 3709383).
LogModuleManager: Display: Found up-to-date module file ../../../Engine/Plugins/Editor/GameplayTagsEditor/Binaries/Win64/UE4Editor-GameplayTagsEditor.dll (API version 3709383).
LogModuleManager: Display: Found up-to-date module file ../../../Engine/Plugins/Editor/MobileLauncherProfileWizard/Binaries/Win64/UE4Editor-MobileLauncherProfileWizard.dll (API version 3709383).
LogModuleManager: Display: Found up-to-date module file ../../../Engine/Plugins/Editor/PluginBrowser/Binaries/Win64/UE4Editor-PluginBrowser.dll (API version 3709383).
LogModuleManager: Display: Found up-to-date module file ../../../Engine/Plugins/Editor/SpeedTreeImporter/Binaries/Win64/UE4Editor-SpeedTreeImporter.dll (API version 3709383).
LogModuleManager: Display: Found up-to-date module file ../../../Engine/Plugins/Experimental/AlembicImporter/Binaries/Win64/UE4Editor-AlembicImporter.dll (API version 3709383).
LogModuleManager: Display: Found up-to-date module file ../../../Engine/Plugins/Experimental/AlembicImporter/Binaries/Win64/UE4Editor-AlembicLibrary.dll (API version 3709383).
LogModuleManager: Display: Found up-to-date module file ../../../Engine/Plugins/Experimental/CharacterAI/Binaries/Win64/UE4Editor-CharacterAI.dll (API version 3709383).
LogModuleManager: Display: Found up-to-date module file ../../../Engine/Plugins/Experimental/HTML5Networking/Binaries/Win64/UE4Editor-HTML5Networking.dll (API version 3709383).
LogModuleManager: Display: Found up-to-date module file ../../../Engine/Plugins/Media/AndroidMedia/Binaries/Win64/UE4Editor-AndroidMediaEditor.dll (API version 3709383).
LogModuleManager: Display: Found up-to-date module file ../../../Engine/Plugins/Media/AndroidMedia/Binaries/Win64/UE4Editor-AndroidMediaFactory.dll (API version 3709383).
LogModuleManager: Display: Found up-to-date module file ../../../Engine/Plugins/Media/AvfMedia/Binaries/Win64/UE4Editor-AvfMediaEditor.dll (API version 3709383).
LogModuleManager: Display: Found up-to-date module file ../../../Engine/Plugins/Media/AvfMedia/Binaries/Win64/UE4Editor-AvfMediaFactory.dll (API version 3709383).
LogModuleManager: Display: Found up-to-date module file ../../../Engine/Plugins/Media/AvfMedia/Binaries/Win64/UE4Editor-AvfMediaFactory.dll (API version 3709383).
LogModuleManager: Display: Found up-to-date module file ../../../Engine/Plugins/Media/ImgMedia/Binaries/Win64/UE4Editor-ImgMedia.dll (API version 3709383).
LogModuleManager: Display: Found up-to-date module file ../../../Engine/Plugins/Media/ImgMedia/Binaries/Win64/UE4Editor-ImgMediaEditor.dll (API version 3709383).
LogModuleManager: Display: Found up-to-date module file ../../../Engine/Plugins/Media/ImgMedia/Binaries/Win64/UE4Editor-ImgMediaFactory.dll (API version 3709383).
LogModuleManager: Display: Found up-to-date module file ../../../Engine/Plugins/Media/ImgMedia/Binaries/Win64/UE4Editor-ImgMediaFactory.dll (API version 3709383).
LogModuleManager: Display: Found up-to-date module file ../../../Engine/Plugins/Media/ImgMedia/Binaries/Win64/UE4Editor-OpenExrWrapper.dll (API version 3709383).
LogModuleManager: Display: Found up-to-date module file ../../../Engine/Plugins/Media/MediaCompositing/Binaries/Win64/UE4Editor-MediaCompositing.dll (API version 3709383).
LogModuleManager: Display: Found up-to-date module file ../../../Engine/Plugins/Media/MediaCompositing/Binaries/Win64/UE4Editor-MediaCompositingEditor.dll (API version 3709383).
LogModuleManager: Display: Found up-to-date module file ../../../Engine/Plugins/Media/MediaPlayerEditor/Binaries/Win64/UE4Editor-MediaPlayerEditor.dll (API version 3709383).
LogModuleManager: Display: Found up-to-date module file ../../../Engine/Plugins/Media/WmfMedia/Binaries/Win64/UE4Editor-WmfMedia.dll (API version 3709383).
LogModuleManager: Display: Found up-to-date module file ../../../Engine/Plugins/Media/WmfMedia/Binaries/Win64/UE4Editor-WmfMediaEditor.dll (API version 3709383).
LogModuleManager: Display: Found up-to-date module file ../../../Engine/Plugins/Media/WmfMedia/Binaries/Win64/UE4Editor-WmfMediaFactory.dll (API version 3709383).
LogModuleManager: Display: Found up-to-date module file ../../../Engine/Plugins/Media/WmfMedia/Binaries/Win64/UE4Editor-WmfMediaFactory.dll (API version 3709383).
LogModuleManager: Display: Found up-to-date module file ../../../Engine/Plugins/Messaging/TcpMessaging/Binaries/Win64/UE4Editor-TcpMessaging.dll (API version 3709383).
LogModuleManager: Display: Found up-to-date module file ../../../Engine/Plugins/Messaging/UdpMessaging/Binaries/Win64/UE4Editor-UdpMessaging.dll (API version 3709383).
LogModuleManager: Display: Found up-to-date module file ../../../Engine/Plugins/MovieScene/ActorSequence/Binaries/Win64/UE4Editor-ActorSequence.dll (API version 3709383).
LogModuleManager: Display: Found up-to-date module file ../../../Engine/Plugins/MovieScene/LevelSequenceEditor/Binaries/Win64/UE4Editor-LevelSequenceEditor.dll (API version 3709383).
LogModuleManager: Display: Found up-to-date module file ../../../Engine/Plugins/MovieScene/MatineeToLevelSequence/Binaries/Win64/UE4Editor-MatineeToLevelSequence.dll (API version 3709383).
LogModuleManager: Display: Found up-to-date module file ../../../Engine/Plugins/Online/OnlineSubsystem/Binaries/Win64/UE4Editor-OnlineSubsystem.dll (API version 3709383).
LogModuleManager: Display: Found up-to-date module file ../../../Engine/Plugins/Online/OnlineSubsystemNull/Binaries/Win64/UE4Editor-OnlineSubsystemNull.dll (API version 3709383).
LogModuleManager: Display: Found up-to-date module file ../../../Engine/Plugins/Online/OnlineSubsystemUtils/Binaries/Win64/UE4Editor-OnlineSubsystemUtils.dll (API version 3709383).
LogModuleManager: Display: Found up-to-date module file ../../../Engine/Plugins/Online/OnlineSubsystemUtils/Binaries/Win64/UE4Editor-OnlineBlueprintSupport.dll (API version 3709383).
LogModuleManager: Display: Found up-to-date module file ../../../Engine/Plugins/Runtime/AndroidDeviceProfileSelector/Binaries/Win64/UE4Editor-AndroidDeviceProfileSelector.dll (API version 3709383).
LogModuleManager: Display: Found up-to-date module file ../../../Engine/Plugins/Runtime/AndroidPermission/Binaries/Win64/UE4Editor-AndroidPermission.dll (API version 3709383).
LogModuleManager: Display: Found up-to-date module file ../../../Engine/Plugins/Runtime/AppleARKit/Binaries/Win64/UE4Editor-AppleARKit.dll (API version 3709383).
LogModuleManager: Display: Found up-to-date module file ../../../Engine/Plugins/Runtime/ArchVisCharacter/Binaries/Win64/UE4Editor-ArchVisCharacter.dll (API version 3709383).
LogModuleManager: Display: Found up-to-date module file ../../../Engine/Plugins/Runtime/CableComponent/Binaries/Win64/UE4Editor-CableComponent.dll (API version 3709383).
LogModuleManager: Display: Found up-to-date module file ../../../Engine/Plugins/Runtime/CustomMeshComponent/Binaries/Win64/UE4Editor-CustomMeshComponent.dll (API version 3709383).
LogModuleManager: Display: Found up-to-date module file ../../../Engine/Plugins/Runtime/ExampleDeviceProfileSelector/Binaries/Win64/UE4Editor-ExampleDeviceProfileSelector.dll (API version 3709383).
LogModuleManager: Display: Found up-to-date module file ../../../Engine/Plugins/Runtime/ImmediatePhysics/Binaries/Win64/UE4Editor-ImmediatePhysics.dll (API version 3709383).
LogModuleManager: Display: Found up-to-date module file ../../../Engine/Plugins/Runtime/ImmediatePhysics/Binaries/Win64/UE4Editor-ImmediatePhysicsEditor.dll (API version 3709383).
LogModuleManager: Display: Found up-to-date module file ../../../Engine/Plugins/Runtime/LocationServicesBPLibrary/Binaries/Win64/UE4Editor-LocationServicesBPLibrary.dll (API version 3709383).
LogModuleManager: Display: Found up-to-date module file ../../../Engine/Plugins/Runtime/MobilePatchingUtils/Binaries/Win64/UE4Editor-MobilePatchingUtils.dll (API version 3709383).
LogModuleManager: Display: Found up-to-date module file ../../../Engine/Plugins/Runtime/Oculus/OculusVR/Binaries/Win64/UE4Editor-OculusHMD.dll (API version 3709383).
LogModuleManager: Display: Found up-to-date module file ../../../Engine/Plugins/Runtime/Oculus/OculusVR/Binaries/Win64/UE4Editor-OculusInput.dll (API version 3709383).
LogModuleManager: Display: Found up-to-date module file ../../../Engine/Plugins/Runtime/Oculus/OculusVR/Binaries/Win64/UE4Editor-OculusEditor.dll (API version 3709383).
LogModuleManager: Display: Found up-to-date module file ../../../Engine/Plugins/Runtime/PhysXVehicles/Binaries/Win64/UE4Editor-PhysXVehicles.dll (API version 3709383).
LogModuleManager: Display: Found up-to-date module file ../../../Engine/Plugins/Runtime/PhysXVehicles/Binaries/Win64/UE4Editor-PhysXVehiclesEditor.dll (API version 3709383).
LogModuleManager: Display: Found up-to-date module file ../../../Engine/Plugins/Runtime/ProceduralMeshComponent/Binaries/Win64/UE4Editor-ProceduralMeshComponent.dll (API version 3709383).
LogModuleManager: Display: Found up-to-date module file ../../../Engine/Plugins/Runtime/ProceduralMeshComponent/Binaries/Win64/UE4Editor-ProceduralMeshComponentEditor.dll (API version 3709383).
LogModuleManager: Display: Found up-to-date module file ../../../Engine/Plugins/Runtime/RuntimePhysXCooking/Binaries/Win64/UE4Editor-RuntimePhysXCooking.dll (API version 3709383).
LogModuleManager: Display: Found up-to-date module file ../../../Engine/Plugins/Runtime/Steam/SteamVR/Binaries/Win64/UE4Editor-SteamVR.dll (API version 3709383).
LogModuleManager: Display: Found up-to-date module file ../../../Engine/Plugins/Runtime/Steam/SteamVR/Binaries/Win64/UE4Editor-SteamVRController.dll (API version 3709383).
LogModuleManager: Display: Found up-to-date module file ../../../Engine/Plugins/Runtime/WindowsMoviePlayer/Binaries/Win64/UE4Editor-WindowsMoviePlayer.dll (API version 3709383).
LogInit: Using libcurl 7.47.1
LogInit:  - built for x86_64-pc-win32
LogInit:  - supports SSL with OpenSSL/1.0.2g
LogInit:  - supports HTTP deflate (compression) using libz 1.2.8
LogInit:  - other features:
LogInit:      CURL_VERSION_SSL
LogInit:      CURL_VERSION_LIBZ
LogInit:      CURL_VERSION_IPV6
LogInit:      CURL_VERSION_ASYNCHDNS
LogInit:      CURL_VERSION_LARGEFILE
LogInit:      CURL_VERSION_IDN
LogInit:  CurlRequestOptions (configurable via config and command line):
LogInit:  - bVerifyPeer = false  - Libcurl will NOT verify peer certificate
LogInit:  - bUseHttpProxy = false  - Libcurl will NOT use HTTP proxy
LogInit:  - bDontReuseConnections = false  - Libcurl will reuse connections
LogInit:  - CertBundlePath = nullptr  - Libcurl will use whatever was configured at build time.
LogInit: Build: ++UE4+Release-4.18-CL-3832480
LogInit: Engine Version: 4.18.3-3832480+++UE4+Release-4.18
LogInit: Compatible Engine Version: 4.18.0-3709383+++UE4+Release-4.18
LogInit: Net CL: 3709383
LogDevObjectVersion: Number of dev versions registered: 16
LogDevObjectVersion:   Dev-Blueprints (B0D832E4-1F89-4F0D-ACCF-7EB736FD4AA2): 10
LogDevObjectVersion:   Dev-Build (E1C64328-A22C-4D53-A36C-8E866417BD8C): 0
LogDevObjectVersion:   Dev-Core (375EC13C-06E4-48FB-B500-84F0262A717E): 2
LogDevObjectVersion:   Dev-Editor (E4B068ED-F494-42E9-A231-DA0B2E46BB41): 20
LogDevObjectVersion:   Dev-Framework (CFFC743F-43B0-4480-9391-14DF171D2073): 30
LogDevObjectVersion:   Dev-Mobile (B02B49B5-BB20-44E9-A304-32B752E40360): 0
LogDevObjectVersion:   Dev-Networking (A4E4105C-59A1-49B5-A7C5-40C4547EDFEE): 0
LogDevObjectVersion:   Dev-Online (39C831C9-5AE6-47DC-9A44-9C173E1C8E7C): 0
LogDevObjectVersion:   Dev-Physics (78F01B33-EBEA-4F98-B9B4-84EACCB95AA2): 0
LogDevObjectVersion:   Dev-Platform (6631380F-2D4D-43E0-8009-CF276956A95A): 0
LogDevObjectVersion:   Dev-Rendering (12F88B9F-8875-4AFC-A67C-D90C383ABD29): 20
LogDevObjectVersion:   Dev-Sequencer (7B5AE74C-D270-4C10-A958-57980B212A5A): 4
LogDevObjectVersion:   Dev-VR (D7296918-1DD6-4BDD-9DE2-64A83CC13884): 0
LogDevObjectVersion:   Dev-LoadTimes (C2A15278-BFE7-4AFE-6C17-90FF531DF755): 1
LogDevObjectVersion:   Private-Geometry (6EACA3D4-40EC-4CC1-B786-8BED09428FC5): 1
LogDevObjectVersion:   Dev-AnimPhys (29E575DD-E0A3-4627-9D10-D276232CDCEA): 12
LogInit: Compiled (64-bit): Jan 12 2018 02:04:55
LogInit: Compiled with Visual C++: 19.00.24215.01
LogInit: Build Configuration: Development
LogInit: Branch Name: ++UE4+Release-4.18
LogInit: Command line:  -skipcompile
LogInit: Base directory: C:/Program Files/Epic Games/UE_4.18/Engine/Binaries/Win64/
LogInit: Installed Engine Build: 1
LogInit: Presizing for max 8388607 objects, including 0 objects not considered by GC, pre-allocating 0 bytes for permanent pool.
LogInit: Object subsystem initialized
[2018.08.01-00.01.22:565][  0]LogInit: Selected Device Profile: [Windows]
[2018.08.01-00.01.22:565][  0]LogInit: Applying CVar settings loaded from the selected device profile: [Windows]
[2018.08.01-00.01.22:593][  0]LogInit: Computer: DELL-XPS-15
[2018.08.01-00.01.22:594][  0]LogInit: User: Konrad
[2018.08.01-00.01.22:594][  0]LogInit: CPU Page size=4096, Cores=4
[2018.08.01-00.01.22:594][  0]LogInit: High frequency timer resolution =2.742189 MHz
[2018.08.01-00.01.22:595][  0]LogMemory: Memory total: Physical=31.9GB (32GB approx)
[2018.08.01-00.01.22:595][  0]LogMemory: Platform Memory Stats for Windows
[2018.08.01-00.01.22:595][  0]LogMemory: Process Physical Memory: 274.08 MB used, 274.08 MB peak
[2018.08.01-00.01.22:595][  0]LogMemory: Process Virtual Memory: 271.82 MB used, 271.82 MB peak
[2018.08.01-00.01.22:595][  0]LogMemory: Physical Memory: 9585.57 MB used,  23034.37 MB free, 32619.94 MB total
[2018.08.01-00.01.22:595][  0]LogMemory: Virtual Memory: 646.41 MB used,  23034.37 MB free, 134217728.00 MB total
[2018.08.01-00.01.23:573][  0]LogInit: Using OS detected language (en-US).
[2018.08.01-00.01.23:573][  0]LogInit: Using OS detected locale (en-US).
[2018.08.01-00.01.23:577][  0]LogTextLocalizationManager: No specific localization for 'en-US' exists, so the 'en' localization will be used.
[2018.08.01-00.01.24:004][  0]LogInit: Setting process to per monitor DPI aware
[2018.08.01-00.01.24:361][  0]LogD3D11RHI: D3D11 adapters:
[2018.08.01-00.01.24:420][  0]LogD3D11RHI:    0. 'Radeon RX 580 Series' (Feature Level 11_0)
[2018.08.01-00.01.24:420][  0]LogD3D11RHI:       8137/0/16309 MB DedicatedVideo/DedicatedSystem/SharedSystem, Outputs:1, VendorId:0x1002
[2018.08.01-00.01.24:484][  0]LogD3D11RHI:    1. 'Intel(R) HD Graphics 630' (Feature Level 11_0)
[2018.08.01-00.01.24:484][  0]LogD3D11RHI:       128/0/16309 MB DedicatedVideo/DedicatedSystem/SharedSystem, Outputs:0, VendorId:0x8086
[2018.08.01-00.01.25:410][  0]LogD3D11RHI:    2. 'NVIDIA GeForce GTX 1050' (Feature Level 11_0)
[2018.08.01-00.01.25:410][  0]LogD3D11RHI:       4021/0/16309 MB DedicatedVideo/DedicatedSystem/SharedSystem, Outputs:0, VendorId:0x10de
[2018.08.01-00.01.25:414][  0]LogD3D11RHI:    3. 'Microsoft Basic Render Driver' (Feature Level 11_0)
[2018.08.01-00.01.25:414][  0]LogD3D11RHI:       0/0/16309 MB DedicatedVideo/DedicatedSystem/SharedSystem, Outputs:0, VendorId:0x1414
[2018.08.01-00.01.25:415][  0]LogD3D11RHI: Chosen D3D11 Adapter: 0
[2018.08.01-00.01.25:426][  0]LogD3D11RHI: Creating new Direct3DDevice
[2018.08.01-00.01.25:426][  0]LogD3D11RHI:     GPU DeviceId: 0x67df (for the marketing name, search the web for "GPU Device Id")
[2018.08.01-00.01.25:426][  0]LogWindows: EnumDisplayDevices:
[2018.08.01-00.01.25:426][  0]LogWindows:    0. 'Intel(R) HD Graphics 630' (P:0 D:0)
[2018.08.01-00.01.25:427][  0]LogWindows:    1. 'Intel(R) HD Graphics 630' (P:0 D:0)
[2018.08.01-00.01.25:428][  0]LogWindows:    2. 'Intel(R) HD Graphics 630' (P:0 D:0)
[2018.08.01-00.01.25:428][  0]LogWindows:    3. 'Radeon RX 580 Series' (P:1 D:1)
[2018.08.01-00.01.25:429][  0]LogWindows:    4. 'Radeon RX 580 Series' (P:0 D:0)
[2018.08.01-00.01.25:429][  0]LogWindows:    5. 'Radeon RX 580 Series' (P:0 D:0)
[2018.08.01-00.01.25:430][  0]LogWindows:    6. 'Radeon RX 580 Series' (P:0 D:0)
[2018.08.01-00.01.25:431][  0]LogWindows:    7. 'Radeon RX 580 Series' (P:0 D:0)
[2018.08.01-00.01.25:431][  0]LogWindows:    8. 'Radeon RX 580 Series' (P:0 D:0)
[2018.08.01-00.01.25:432][  0]LogWindows:    9. 'Radeon RX 580 Series' (P:0 D:0)
[2018.08.01-00.01.25:432][  0]LogWindows:    10. 'Radeon RX 580 Series' (P:0 D:0)
[2018.08.01-00.01.25:433][  0]LogWindows:    11. 'Radeon RX 580 Series' (P:0 D:0)
[2018.08.01-00.01.25:433][  0]LogWindows:    12. 'Radeon RX 580 Series' (P:0 D:0)
[2018.08.01-00.01.25:434][  0]LogWindows:    13. 'Radeon RX 580 Series' (P:0 D:0)
[2018.08.01-00.01.25:434][  0]LogWindows:    14. 'Radeon RX 580 Series' (P:0 D:0)
[2018.08.01-00.01.25:435][  0]LogWindows:    15. 'Radeon RX 580 Series' (P:0 D:0)
[2018.08.01-00.01.25:435][  0]LogWindows:    16. 'Radeon RX 580 Series' (P:0 D:0)
[2018.08.01-00.01.25:436][  0]LogWindows:    17. 'Radeon RX 580 Series' (P:0 D:0)
[2018.08.01-00.01.25:436][  0]LogWindows:    18. 'Radeon RX 580 Series' (P:0 D:0)
[2018.08.01-00.01.25:436][  0]LogWindows: DebugString: PrimaryIsNotTheChoosenAdapter PrimaryIsNotTheChoosenAdapter PrimaryIsNotTheChoosenAdapter FoundDriverCount:16 
[2018.08.01-00.01.25:437][  0]LogD3D11RHI:     Adapter Name: Radeon RX 580 Series
[2018.08.01-00.01.25:437][  0]LogD3D11RHI:   Driver Version: Adrenalin 18.5.1 (internal:24.20.11016.4, unified:24.20.11016.4)
[2018.08.01-00.01.25:437][  0]LogD3D11RHI:      Driver Date: 5-16-2018
[2018.08.01-00.01.25:437][  0]LogRHI: Texture pool is 5696 MB (70% of 8137 MB)
[2018.08.01-00.01.25:642][  0]LogD3D11RHI: Async texture creation enabled
[2018.08.01-00.01.25:653][  0]LogD3D11RHI: GPU Timing Frequency: 25.000000 (Debug: 2 1)
[2018.08.01-00.01.25:654][  0]LogShaderCompilers: Guid format shader working directory is -32 characters bigger than the processId version (../../../../../../Users/Konrad/Documents/Unreal Projects/FlockingUE4-simplified/Intermediate/Shaders/WorkingDirectory/2464/).
[2018.08.01-00.01.25:655][  0]LogShaderCompilers: Cleaned the shader compiler working directory 'C:/Users/Konrad/AppData/Local/Temp/UnrealShaderWorkingDir/A5755C8B4798E25753553B804B7970BB/'.
[2018.08.01-00.01.25:655][  0]LogShaderCompilers: Display: Using Local Shader Compiler.
[2018.08.01-00.01.26:604][  0]LogTemp: Display: Loaded TP AllDesktopTargetPlatform
[2018.08.01-00.01.26:670][  0]LogTemp: Display: Loaded TP MacClientTargetPlatform
[2018.08.01-00.01.26:736][  0]LogTemp: Display: Loaded TP MacNoEditorTargetPlatform
[2018.08.01-00.01.26:805][  0]LogTemp: Display: Loaded TP MacServerTargetPlatform
[2018.08.01-00.01.26:872][  0]LogTemp: Display: Loaded TP MacTargetPlatform
[2018.08.01-00.01.26:938][  0]LogTemp: Display: Loaded TP WindowsClientTargetPlatform
[2018.08.01-00.01.27:007][  0]LogTemp: Display: Loaded TP WindowsNoEditorTargetPlatform
[2018.08.01-00.01.27:073][  0]LogTemp: Display: Loaded TP WindowsServerTargetPlatform
[2018.08.01-00.01.27:131][  0]LogTemp: Display: Loaded TP WindowsTargetPlatform
[2018.08.01-00.01.27:199][  0]LogTemp: Display: Loaded TP Android_ASTCTargetPlatform
[2018.08.01-00.01.27:265][  0]LogTemp: Display: Loaded TP Android_ATCTargetPlatform
[2018.08.01-00.01.27:330][  0]LogTemp: Display: Loaded TP Android_DXTTargetPlatform
[2018.08.01-00.01.27:398][  0]LogTemp: Display: Loaded TP Android_ETC1TargetPlatform
[2018.08.01-00.01.27:465][  0]LogTemp: Display: Loaded TP Android_ETC2TargetPlatform
[2018.08.01-00.01.27:598][  0]LogTemp: Display: Loaded TP Android_MultiTargetPlatform
[2018.08.01-00.01.27:599][  0]LogTemp: Display: Loaded TP Android_PVRTCTargetPlatform
[2018.08.01-00.01.27:665][  0]LogTemp: Display: Loaded TP AndroidTargetPlatform
[2018.08.01-00.01.27:716][  0]LogTemp: Display: Loaded TP HTML5TargetPlatform
[2018.08.01-00.01.27:840][  0]LogTemp: Display: Loaded TP IOSTargetPlatform
[2018.08.01-00.01.27:894][  0]LogTemp: Display: Loaded TP TVOSTargetPlatform
[2018.08.01-00.01.27:961][  0]LogTemp: Display: Loaded TP LinuxClientTargetPlatform
[2018.08.01-00.01.28:029][  0]LogTemp: Display: Loaded TP LinuxNoEditorTargetPlatform
[2018.08.01-00.01.28:093][  0]LogTemp: Display: Loaded TP LinuxServerTargetPlatform
[2018.08.01-00.01.28:157][  0]LogTemp: Display: Loaded TP LinuxTargetPlatform
[2018.08.01-00.01.28:158][  0]LogTargetPlatformManager: Display: Building Assets For Windows
[2018.08.01-00.01.28:843][  0]LogDerivedDataCache: Display: Max Cache Size: 512 MB
[2018.08.01-00.01.28:945][  0]LogDerivedDataCache: Loaded boot cache 0.10s 78MB C:/Users/Konrad/AppData/Local/UnrealEngine/4.18/DerivedDataCache/Boot.ddc.
[2018.08.01-00.01.28:946][  0]LogDerivedDataCache: Display: Loaded Boot cache: C:/Users/Konrad/AppData/Local/UnrealEngine/4.18/DerivedDataCache/Boot.ddc
[2018.08.01-00.01.28:946][  0]LogDerivedDataCache: FDerivedDataBackendGraph:  Pak pak cache file ../../../../../../Users/Konrad/Documents/Unreal Projects/FlockingUE4-simplified/DerivedDataCache/DDC.ddp not found, will not use a pak cache.
[2018.08.01-00.01.28:946][  0]LogDerivedDataCache: Unable to find inner node Pak for hierarchical cache Hierarchy.
[2018.08.01-00.01.28:946][  0]LogDerivedDataCache: FDerivedDataBackendGraph:  CompressedPak pak cache file ../../../../../../Users/Konrad/Documents/Unreal Projects/FlockingUE4-simplified/DerivedDataCache/Compressed.ddp not found, will not use a pak cache.
[2018.08.01-00.01.28:946][  0]LogDerivedDataCache: Unable to find inner node CompressedPak for hierarchical cache Hierarchy.
[2018.08.01-00.01.28:963][  0]LogDerivedDataCache: Display: Pak cache opened for reading ../../../Engine/DerivedDataCache/Compressed.ddp.
[2018.08.01-00.01.28:977][  0]LogDerivedDataCache: Using Local data cache path C:/Users/Konrad/AppData/Local/UnrealEngine/Common/DerivedDataCache: Writable
[2018.08.01-00.01.28:988][  0]LogMaterial: Verifying Global Shaders for PCD3D_SM5
[2018.08.01-00.01.28:989][  0]LogSlate: Using Freetype 2.6.0
[2018.08.01-00.01.28:990][  0]LogSlate: SlateFontCache - WITH_FREETYPE: 1, WITH_HARFBUZZ: 1
[2018.08.01-00.01.28:990][  0]LogSlate: SlateFontCache - WITH_FREETYPE: 1, WITH_HARFBUZZ: 1
[2018.08.01-00.01.29:378][  0]LogInit: Selected Device Profile: [Windows]
[2018.08.01-00.01.29:837][  0]LogSimplygon: Simplygon DLL not present - disabling.
[2018.08.01-00.01.29:893][  0]LogMeshReduction: Using SimplygonSwarm for distributed automatic mesh merging
[2018.08.01-00.01.29:893][  0]LogMeshReduction: Using QuadricMeshReduction for automatic static mesh reduction
[2018.08.01-00.01.29:893][  0]LogMeshReduction: No automatic skeletal mesh reduction module available
[2018.08.01-00.01.29:893][  0]LogMeshReduction: No automatic mesh merging module available
[2018.08.01-00.01.29:894][  0]LogMeshMerging: No automatic mesh merging module available
[2018.08.01-00.01.29:963][  0]LogNetVersion: NetworkBoids , NetCL: 3709383, EngineNetVer: 2, GameNetVer: 0 (Checksum: 3817124668)
[2018.08.01-00.01.30:150][  0]LogAssetRegistry: FAssetRegistry took 0.0283 seconds to start up
[2018.08.01-00.01.30:755][  0]LogPackageLocalizationCache: Processed 7 localized package path(s) for 2 prioritized culture(s) in 0.093353 seconds
[2018.08.01-00.01.30:760][  0]LogUObjectArray: 35870 objects as part of root set at end of initial load.
[2018.08.01-00.01.30:761][  0]LogUObjectAllocator: 7363704 out of 0 bytes used by permanent object pool.
[2018.08.01-00.01.30:761][  0]LogUObjectArray: CloseDisregardForGC: 0/0 objects in disregard for GC pool
[2018.08.01-00.01.30:832][  0]LogInit: WinSock: version 1.1 (2.2), MaxSocks=32767, MaxUdp=65467
[2018.08.01-00.01.34:264][  0]LogTcpMessaging: Initializing TcpMessaging bridge
[2018.08.01-00.01.34:316][  0]LogUdpMessaging: Initializing bridge on interface 0.0.0.0:0 to multicast group 230.0.0.1:6666.
[2018.08.01-00.01.35:267][  0]LogMaterial: Uniform references updated for custom material expression Custom.
[2018.08.01-00.01.35:790][  0]SourceControl: Source control is disabled
[2018.08.01-00.01.35:790][  0]SourceControl: Source control is disabled
[2018.08.01-00.01.35:859][  0]SourceControl: Source control is disabled
[2018.08.01-00.01.35:929][  0]SourceControl: Source control is disabled
[2018.08.01-00.01.36:974][  0]LogAndroidPermission: UAndroidPermissionCallbackProxy::GetInstance
[2018.08.01-00.01.37:324][  0]LogOcInput: OculusInput pre-init called
[2018.08.01-00.01.37:657][  0]LogEngine: Initializing Engine...
[2018.08.01-00.01.37:660][  0]LogHMD: Failed to initialize OpenVR with code 110
[2018.08.01-00.01.37:920][  0]LogStats: UGameplayTagsManager::ConstructGameplayTagTree: Construct from data asset -  0.000 s
[2018.08.01-00.01.37:920][  0]LogStats: UGameplayTagsManager::ConstructGameplayTagTree: GameplayTagTreeChangedEvent.Broadcast -  0.000 s
[2018.08.01-00.01.38:082][  0]LogAIModule: Creating AISystem for world Untitled
[2018.08.01-00.01.38:108][  0]LogInit: XAudio2 using 'Speakers / Headphones (Realtek Audio)' : 2 channels at 48 kHz using 32 bits per sample (channel mask 0x3)
[2018.08.01-00.01.39:250][  0]LogInit: FAudioDevice initialized.
[2018.08.01-00.01.39:331][  0]LogDerivedDataCache: Saved boot cache 0.08s 78MB C:/Users/Konrad/AppData/Local/UnrealEngine/4.18/DerivedDataCache/Boot.ddc.
[2018.08.01-00.01.39:346][  0]LogInit: Texture streaming: Enabled
[2018.08.01-00.01.39:492][  0]LogEngineSessionManager: EngineSessionManager initialized
[2018.08.01-00.01.39:651][  0]LogInit: Transaction tracking system initialized
[2018.08.01-00.01.40:063][  0]BlueprintLog: New page: Editor Load
[2018.08.01-00.01.41:279][  0]LocalizationService: Localization service is disabled
[2018.08.01-00.01.42:269][  0]LogConsoleResponse: Display: 
[2018.08.01-00.01.42:479][  0]LogCook: Display: Max memory allowance for cook 16384mb min free memory 0mb
[2018.08.01-00.01.42:479][  0]LogCook: Display: Mobile HDR setting 1
[2018.08.01-00.01.42:480][  0]LogGameplayTags: Display: UGameplayTagsManager::DoneAddingNativeTags. DelegateIsBound: 0
[2018.08.01-00.01.43:106][  0]LogFileCache: Scanning file cache for directory 'C:/Users/Konrad/Documents/Unreal Projects/FlockingUE4-simplified/Content/' took 0.01s
[2018.08.01-00.01.44:056][  0]SourceControl: Source control is disabled
[2018.08.01-00.01.44:056][  0]Cmd: MAP LOAD FILE="../../../../../../Users/Konrad/Documents/Unreal Projects/FlockingUE4-simplified/Content/Scenes/BaseLevel.umap" TEMPLATE=0 SHOWPROGRESS=1 FEATURELEVEL=3
[2018.08.01-00.01.44:056][  0]LightingResults: New page: Lighting Build
[2018.08.01-00.01.44:110][  0]MapCheck: New page: Map Check
[2018.08.01-00.01.44:110][  0]LightingResults: New page: Lighting Build
[2018.08.01-00.01.44:213][  0]LogLinker: Warning: Can't find file '/Game/Blueprints/BPBoidsObstacle'
[2018.08.01-00.01.44:213][  0]LogLinker: Warning: Can't find file for asset '/Game/Blueprints/BPBoidsObstacle' while loading ../../../../../../Users/Konrad/Documents/Unreal Projects/FlockingUE4-simplified/Content/Blueprints/BPBoidsSpawner.uasset.
[2018.08.01-00.01.44:213][  0]LoadErrors: Error: /Game/Blueprints/BPBoidsSpawner : Can't find file for asset. /Game/Blueprints/BPBoidsObstacle
[2018.08.01-00.01.44:215][  0]LogLinker: Warning: Can't find file '/Game/Materials/TargetMat'
[2018.08.01-00.01.44:216][  0]LogLinker: Warning: Can't find file for asset '/Game/Materials/TargetMat' while loading ../../../../../../Users/Konrad/Documents/Unreal Projects/FlockingUE4-simplified/Content/BPBoidsTarget.uasset.
[2018.08.01-00.01.44:216][  0]LoadErrors: Error: /Game/BPBoidsTarget : Can't find file for asset. /Game/Materials/TargetMat
[2018.08.01-00.01.44:216][  0]LogLinker: Warning: Can't find file '/Game/Materials/TargetMat'
[2018.08.01-00.01.44:216][  0]LogLinker: Warning: Can't find file for asset '/Game/Materials/TargetMat' while loading ../../../../../../Users/Konrad/Documents/Unreal Projects/FlockingUE4-simplified/Content/BPBoidsTarget.uasset.
[2018.08.01-00.01.44:217][  0]LoadErrors: Error: /Game/BPBoidsTarget : Can't find file for asset. /Game/Materials/TargetMat
[2018.08.01-00.01.44:217][  0]LogLinker: Warning: CreateExport: Failed to load Parent for BlueprintGeneratedClass /Game/BPBoidsTarget.BPBoidsTarget_C
[2018.08.01-00.01.44:217][  0]LogLinker: Warning: CreateExport: Failed to load Parent for BlueprintGeneratedClass /Game/BPBoidsTarget.BPBoidsTarget_C
[2018.08.01-00.01.44:218][  0]LogLinker: Warning: CreateExport: Failed to load Parent for BlueprintGeneratedClass /Game/BPBoidsTarget.BPBoidsTarget_C
[2018.08.01-00.01.44:218][  0]LogLinker: Warning: CreateExport: Failed to load Parent for BlueprintGeneratedClass /Game/BPBoidsTarget.BPBoidsTarget_C
[2018.08.01-00.01.44:218][  0]LogLinker: Warning: CreateExport: Failed to load Parent for BlueprintGeneratedClass /Game/BPBoidsTarget.BPBoidsTarget_C
[2018.08.01-00.01.44:219][  0]LogLinker: Warning: CreateExport: Failed to load Parent for BlueprintGeneratedClass /Game/BPBoidsTarget.BPBoidsTarget_C
[2018.08.01-00.01.44:220][  0]LogLinker: Warning: Can't find file '/Game/Blueprints/BPBoidsObstacle'
[2018.08.01-00.01.44:220][  0]LogLinker: Warning: Can't find file for asset '/Game/Blueprints/BPBoidsObstacle' while loading ../../../../../../Users/Konrad/Documents/Unreal Projects/FlockingUE4-simplified/Content/Blueprints/BPBoidsSpawner.uasset.
[2018.08.01-00.01.44:220][  0]LoadErrors: Error: /Game/Blueprints/BPBoidsSpawner : Can't find file for asset. /Game/Blueprints/BPBoidsObstacle
[2018.08.01-00.01.44:221][  0]LogLinker: Warning: Can't find file '/Game/Blueprints/BPBoidsObstacle'
[2018.08.01-00.01.44:222][  0]LogLinker: Warning: Can't find file for asset '/Game/Blueprints/BPBoidsObstacle' while loading ../../../../../../Users/Konrad/Documents/Unreal Projects/FlockingUE4-simplified/Content/Blueprints/BPBoidsBase.uasset.
[2018.08.01-00.01.44:222][  0]LoadErrors: Error: /Game/Blueprints/BPBoidsBase : Can't find file for asset. /Game/Blueprints/BPBoidsObstacle
[2018.08.01-00.01.44:222][  0]LogLinker: Warning: CreateExport: Failed to load Parent for BlueprintGeneratedClass /Game/BPBoidsTarget.BPBoidsTarget_C
[2018.08.01-00.01.44:222][  0]LogLinker: Warning: Can't find file '/Game/Blueprints/BPBoidsObstacle'
[2018.08.01-00.01.44:222][  0]LogLinker: Warning: Can't find file for asset '/Game/Blueprints/BPBoidsObstacle' while loading ../../../../../../Users/Konrad/Documents/Unreal Projects/FlockingUE4-simplified/Content/Blueprints/BPBoidsBase.uasset.
[2018.08.01-00.01.44:223][  0]LoadErrors: Error: /Game/Blueprints/BPBoidsBase : Can't find file for asset. /Game/Blueprints/BPBoidsObstacle
[2018.08.01-00.01.44:244][  0]LogLinker: Warning: CreateExport: Failed to load Parent for BlueprintGeneratedClass /Game/BPBoidsTarget.BPBoidsTarget_C
[2018.08.01-00.01.44:244][  0]LogLinker: Warning: CreateExport: Failed to load Parent for BlueprintGeneratedClass /Game/BPBoidsTarget.BPBoidsTarget_C
[2018.08.01-00.01.44:319][  0]LogAIModule: Creating AISystem for world BaseLevel
[2018.08.01-00.01.44:324][  0]LogEditorServer: Finished looking for orphan Actors (0.000 secs)
[2018.08.01-00.01.44:336][  0]Cmd: MAP CHECKDEP NOCLEARLOG
[2018.08.01-00.01.44:390][  0]MapCheck: Map check complete: 0 Error(s), 0 Warning(s), took 54.697ms to complete.
[2018.08.01-00.01.44:391][  0]LogFileHelpers: Loading map 'BaseLevel' took 0.335
[2018.08.01-00.01.44:550][  0]LogWindowsTextInputMethodSystem: Display: IME system now deactivated.
[2018.08.01-00.01.44:551][  0]LogWindowsTextInputMethodSystem: Display: IME system now deactivated.
[2018.08.01-00.01.44:688][  0]LogCollectionManager: Loaded 0 collections in 0.002178 seconds
[2018.08.01-00.01.44:791][  0]LogFileCache: Scanning file cache for directory 'C:/Users/Konrad/Documents/Unreal Projects/FlockingUE4-simplified/Saved/Collections/' took 0.01s
[2018.08.01-00.01.44:792][  0]LogFileCache: Scanning file cache for directory 'C:/Users/Konrad/Documents/Unreal Projects/FlockingUE4-simplified/Content/Developers/Konrad/Collections/' took 0.01s
[2018.08.01-00.01.44:792][  0]LogFileCache: Scanning file cache for directory 'C:/Users/Konrad/Documents/Unreal Projects/FlockingUE4-simplified/Content/Collections/' took 0.01s
[2018.08.01-00.01.44:792][  0]LogCollectionManager: Rebuilt the GUID cache for 0 collections in 0.000000 seconds
[2018.08.01-00.01.44:801][  0]LogContentBrowser: Native class hierarchy populated in 0.0084 seconds. Added 2368 classes and 522 folders.
[2018.08.01-00.01.44:882][  0]LogContentBrowser: Native class hierarchy updated for 'WidgetCarousel' in 0.0008 seconds. Added 0 classes and 0 folders.
[2018.08.01-00.01.44:921][  0]LogContentBrowser: Native class hierarchy updated for 'AddContentDialog' in 0.0008 seconds. Added 0 classes and 0 folders.
[2018.08.01-00.01.44:975][  0]LogContentBrowser: Native class hierarchy updated for 'SceneOutliner' in 0.0011 seconds. Added 1 classes and 2 folders.
[2018.08.01-00.01.45:035][  0]LogSlate: Took 0.000189 seconds to synchronously load lazily loaded font '../../../Engine/Content/Slate/Fonts/Roboto-Regular.ttf' (155K)
[2018.08.01-00.01.45:037][  0]LogSlate: Took 0.000160 seconds to synchronously load lazily loaded font '../../../Engine/Content/Slate/Fonts/Roboto-Bold.ttf' (160K)
[2018.08.01-00.01.45:042][  0]LogSlate: Took 0.000168 seconds to synchronously load lazily loaded font '../../../Engine/Content/Editor/Slate/Fonts/FontAwesome.ttf' (139K)
[2018.08.01-00.01.45:158][  0]LogRenderer: Reallocating scene render targets to support 1616x808 Format 10 NumSamples 1 (Frame:1).
[2018.08.01-00.01.45:424][  0]LogContentBrowser: Native class hierarchy updated for 'HierarchicalLODOutliner' in 0.0012 seconds. Added 1 classes and 2 folders.
[2018.08.01-00.01.45:424][  0]LogLoad: (Engine Initialization) Total time: 26.36 seconds
[2018.08.01-00.01.45:425][  0]LogLoad: (Engine Initialization) Total Blueprint compile time: 0.00 seconds
[2018.08.01-00.01.45:425][  0]LogExternalProfiler: Found external profiler: VSPerf
[2018.08.01-00.01.45:425][  0]LogExternalProfiler: Using external profiler: VSPerf
[2018.08.01-00.01.45:449][  0]LoadErrors: Warning: CreateExport: Failed to load Outer for resource 'UserConstructionScript': BlueprintGeneratedClass /Game/BPBoidsTarget.BPBoidsTarget_C
[2018.08.01-00.01.45:449][  0]LoadErrors: Warning: CreateExport: Failed to load Outer for resource 'DefaultSceneRoot_GEN_VARIABLE': BlueprintGeneratedClass /Game/BPBoidsTarget.BPBoidsTarget_C
[2018.08.01-00.01.45:449][  0]LoadErrors: Warning: CreateExport: Failed to load Outer for resource 'SimpleConstructionScript_0': BlueprintGeneratedClass /Game/BPBoidsTarget.BPBoidsTarget_C
[2018.08.01-00.01.45:449][  0]LoadErrors: Warning: CreateExport: Failed to load Outer for resource 'SCS_Node_0': SimpleConstructionScript /Game/BPBoidsTarget.BPBoidsTarget_C:SimpleConstructionScript_0
[2018.08.01-00.01.45:450][  0]LoadErrors: Warning: CreateExport: Failed to load Outer for resource 'Display Sphere': BPBoidsTarget_C /Game/BPBoidsTarget.Default__BPBoidsTarget_C
[2018.08.01-00.01.45:470][  0]LogAssetRegistry: Asset discovery search completed in 15.3428 seconds
[2018.08.01-00.01.45:471][  0]LogCollectionManager: Rebuilt the object cache for 0 collections in 0.000001 seconds (found 0 objects)
[2018.08.01-00.01.45:471][  0]LogCollectionManager: Fixed up redirectors for 0 collections in 0.000148 seconds (updated 0 objects)
[2018.08.01-00.01.45:475][  0]LogContentStreaming: Texture pool size now 1000 MB
[2018.08.01-00.01.53:531][464]LogTemp: Repeating last play command: Selected Viewport
[2018.08.01-00.01.53:562][464]LogPlayLevel: PlayLevel: No blueprints needed recompiling
[2018.08.01-00.01.53:563][464]PIE: New page: PIE session: BaseLevel (Jul 31, 2018, 4:01:53 PM)
[2018.08.01-00.01.53:563][464]LogPlayLevel: Creating play world package: /Game/Scenes/UEDPIE_0_BaseLevel
[2018.08.01-00.01.53:567][464]LogPlayLevel: PIE: StaticDuplicateObject took: (0.003389s)
[2018.08.01-00.01.53:568][464]LogAIModule: Creating AISystem for world BaseLevel
[2018.08.01-00.01.53:568][464]LogPlayLevel: PIE: World Init took: (0.000854s)
[2018.08.01-00.01.53:568][464]LogPlayLevel: PIE: Created PIE world by copying editor world from /Game/Scenes/BaseLevel.BaseLevel to /Game/Scenes/UEDPIE_0_BaseLevel.BaseLevel (0.004853s)
[2018.08.01-00.01.53:583][464]LogInit: XAudio2 using 'Speakers / Headphones (Realtek Audio)' : 2 channels at 48 kHz using 32 bits per sample (channel mask 0x3)
[2018.08.01-00.01.53:599][464]LogInit: FAudioDevice initialized.
[2018.08.01-00.01.53:650][464]LogLoad: Game class is 'BPBoidsBase_C'
[2018.08.01-00.01.53:652][464]LogWorld: Bringing World /Game/Scenes/UEDPIE_0_BaseLevel.BaseLevel up for play (max tick rate 60) at 2018.07.31-20.01.53
[2018.08.01-00.01.53:653][464]LogWorld: Bringing up level for play took: 0.000807
[2018.08.01-00.01.53:705][464]LogContentBrowser: Native class hierarchy updated for 'MovieSceneCapture' in 0.0008 seconds. Added 11 classes and 0 folders.
[2018.08.01-00.01.53:705][464]LogGameMode: Display: Match State Changed from EnteringMap to WaitingToStart
[2018.08.01-00.01.53:705][464]LogGameState: Match State Changed from EnteringMap to WaitingToStart
[2018.08.01-00.01.53:705][464]LogGameMode: Display: Match State Changed from WaitingToStart to InProgress
[2018.08.01-00.01.53:707][464]LogGameState: Match State Changed from WaitingToStart to InProgress
[2018.08.01-00.01.53:707][464]LogTemp: Display: Spawning spawner 2
[2018.08.01-00.01.53:708][464]LogTemp: Display: Spawner created
[2018.08.01-00.01.53:708][464]PIE: Play in editor start time for /Game/Scenes/UEDPIE_0_BaseLevel 0.365
