Log file open, 08/03/18 10:15:51
LogWindows: Failed to load 'aqProf.dll' (GetLastError=126)
LogWindows: File 'aqProf.dll' does not exist
LogWindows: Failed to load 'VtuneApi.dll' (GetLastError=126)
LogWindows: File 'VtuneApi.dll' does not exist
LogWindows: Failed to load 'VtuneApi32e.dll' (GetLastError=126)
LogWindows: File 'VtuneApi32e.dll' does not exist
LogInit: Display: Running engine for game: NetworkBoids
LogPlatformFile: Not using cached read wrapper
LogInit: Display: RandInit(-1433602094) SRandInit(-1433602094).
LogInit: Read version file with build ID '3944462'
LogInit: Overriding engine version to CL 4033788, compatible CL 3944462
LogInit: Registered custom module enumerator with build ID '3944462'
LogTaskGraph: Started task graph with 5 named threads and 23 total threads with 3 sets of task threads.
LogStats: Stats thread started at 0.284530
LogD3D11RHI: Aftermath initialized
LogICUInternationalization: Display: ICU TimeZone Detection - Raw Offset: -5:00, Platform Override: ''
LogPluginManager: Mounting plugin Paper2D
LogPluginManager: Mounting plugin LiveLink
LogPluginManager: Mounting plugin LightPropagationVolume
LogPluginManager: Mounting plugin CLionSourceCodeAccess
LogPluginManager: Mounting plugin CodeLiteSourceCodeAccess
LogPluginManager: Mounting plugin GitSourceControl
LogPluginManager: Mounting plugin KDevelopSourceCodeAccess
LogPluginManager: Mounting plugin NullSourceCodeAccess
LogPluginManager: Mounting plugin PerforceSourceControl
LogPluginManager: Mounting plugin SubversionSourceControl
LogPluginManager: Mounting plugin UObjectPlugin
LogPluginManager: Mounting plugin VisualStudioCodeSourceCodeAccess
LogPluginManager: Mounting plugin VisualStudioSourceCodeAccess
LogPluginManager: Mounting plugin XCodeSourceCodeAccess
LogPluginManager: Mounting plugin AssetManagerEditor
LogPluginManager: Mounting plugin CryptoKeys
LogPluginManager: Mounting plugin DataValidation
LogPluginManager: Mounting plugin FacialAnimation
LogPluginManager: Mounting plugin GameplayTagsEditor
LogPluginManager: Mounting plugin MobileLauncherProfileWizard
LogPluginManager: Mounting plugin PluginBrowser
LogPluginManager: Mounting plugin SpeedTreeImporter
LogPluginManager: Mounting plugin DatasmithContent
LogPluginManager: Mounting plugin AlembicImporter
LogPluginManager: Mounting plugin CharacterAI
LogPluginManager: Mounting plugin HTML5Networking
LogPluginManager: Mounting plugin AndroidMedia
LogPluginManager: Mounting plugin AvfMedia
LogPluginManager: Mounting plugin ImgMedia
LogPluginManager: Mounting plugin LinearTimecode
LogPluginManager: Mounting plugin MediaCompositing
LogPluginManager: Mounting plugin MediaPlayerEditor
LogPluginManager: Mounting plugin WmfMedia
LogPluginManager: Mounting plugin TcpMessaging
LogPluginManager: Mounting plugin UdpMessaging
LogPluginManager: Mounting plugin ActorSequence
LogPluginManager: Mounting plugin LevelSequenceEditor
LogPluginManager: Mounting plugin MatineeToLevelSequence
LogPluginManager: Mounting plugin NetcodeUnitTest
LogPluginManager: Mounting plugin NUTUnrealEngine4
LogPluginManager: Mounting plugin OnlineSubsystemGooglePlay
LogPluginManager: Mounting plugin OnlineSubsystemIOS
LogPluginManager: Mounting plugin OnlineSubsystem
LogPluginManager: Mounting plugin OnlineSubsystemNull
LogPluginManager: Mounting plugin OnlineSubsystemUtils
LogPluginManager: Mounting plugin AndroidDeviceProfileSelector
LogPluginManager: Mounting plugin AndroidMoviePlayer
LogPluginManager: Mounting plugin AndroidPermission
LogPluginManager: Mounting plugin AppleARKit
LogPluginManager: Mounting plugin AppleMoviePlayer
LogPluginManager: Mounting plugin ArchVisCharacter
LogPluginManager: Mounting plugin AudioCapture
LogPluginManager: Mounting plugin CableComponent
LogPluginManager: Mounting plugin CustomMeshComponent
LogPluginManager: Mounting plugin ExampleDeviceProfileSelector
LogPluginManager: Mounting plugin GoogleCloudMessaging
LogPluginManager: Mounting plugin ImmediatePhysics
LogPluginManager: Mounting plugin IOSDeviceProfileSelector
LogPluginManager: Mounting plugin LinuxDeviceProfileSelector
LogPluginManager: Mounting plugin LocationServicesBPLibrary
LogPluginManager: Mounting plugin MobilePatchingUtils
LogPluginManager: Mounting plugin OculusVR
LogPluginManager: Plugin shader directory ../../../Engine/Plugins/Runtime/Oculus/OculusVR/Shaders found
LogPluginManager: Mapping shader source directory ../../../Engine/Plugins/Runtime/Oculus/OculusVR/Shaders to virtual directory /Plugin/OculusVR
LogPluginManager: Mounting plugin PhysXVehicles
LogPluginManager: Mounting plugin ProceduralMeshComponent
LogPluginManager: Mounting plugin RuntimePhysXCooking
LogPluginManager: Mounting plugin SteamVR
LogPluginManager: Mounting plugin WindowsMoviePlayer
LogStreaming: Display: Took  0.183s to configure plugins.
LogModuleManager: Display: Found up-to-date module file ../../../../../../Users/Konrad/Documents/GitHub/MinimalCode/FlockingUE4-simplified/Binaries/Win64/UE4Editor-NetworkBoids.dll (API version 3944462).
LogModuleManager: Display: Found up-to-date module file ../../../Engine/Plugins/2D/Paper2D/Binaries/Win64/UE4Editor-Paper2D.dll (API version 3944462).
LogModuleManager: Display: Found up-to-date module file ../../../Engine/Plugins/2D/Paper2D/Binaries/Win64/UE4Editor-Paper2DEditor.dll (API version 3944462).
LogModuleManager: Display: Found up-to-date module file ../../../Engine/Plugins/2D/Paper2D/Binaries/Win64/UE4Editor-PaperSpriteSheetImporter.dll (API version 3944462).
LogModuleManager: Display: Found up-to-date module file ../../../Engine/Plugins/2D/Paper2D/Binaries/Win64/UE4Editor-PaperTiledImporter.dll (API version 3944462).
LogModuleManager: Display: Found up-to-date module file ../../../Engine/Plugins/2D/Paper2D/Binaries/Win64/UE4Editor-SmartSnapping.dll (API version 3944462).
LogModuleManager: Display: Found up-to-date module file ../../../Engine/Plugins/Animation/LiveLink/Binaries/Win64/UE4Editor-LiveLink.dll (API version 3944462).
LogModuleManager: Display: Found up-to-date module file ../../../Engine/Plugins/Animation/LiveLink/Binaries/Win64/UE4Editor-LiveLinkEditor.dll (API version 3944462).
LogModuleManager: Display: Found up-to-date module file ../../../Engine/Plugins/Blendables/LightPropagationVolume/Binaries/Win64/UE4Editor-LightPropagationVolumeRuntime.dll (API version 3944462).
LogModuleManager: Display: Found up-to-date module file ../../../Engine/Plugins/Blendables/LightPropagationVolume/Binaries/Win64/UE4Editor-LightPropagationVolumeEditor.dll (API version 3944462).
LogModuleManager: Display: Found up-to-date module file ../../../Engine/Plugins/Developer/CLionSourceCodeAccess/Binaries/Win64/UE4Editor-CLionSourceCodeAccess.dll (API version 3944462).
LogModuleManager: Display: Found up-to-date module file ../../../Engine/Plugins/Developer/GitSourceControl/Binaries/Win64/UE4Editor-GitSourceControl.dll (API version 3944462).
LogModuleManager: Display: Found up-to-date module file ../../../Engine/Plugins/Developer/PerforceSourceControl/Binaries/Win64/UE4Editor-PerforceSourceControl.dll (API version 3944462).
LogModuleManager: Display: Found up-to-date module file ../../../Engine/Plugins/Developer/SubversionSourceControl/Binaries/Win64/UE4Editor-SubversionSourceControl.dll (API version 3944462).
LogModuleManager: Display: Found up-to-date module file ../../../Engine/Plugins/Developer/UObjectPlugin/Binaries/Win64/UE4Editor-UObjectPlugin.dll (API version 3944462).
LogModuleManager: Display: Found up-to-date module file ../../../Engine/Plugins/Developer/VisualStudioCodeSourceCodeAccess/Binaries/Win64/UE4Editor-VisualStudioCodeSourceCodeAccess.dll (API version 3944462).
LogModuleManager: Display: Found up-to-date module file ../../../Engine/Plugins/Developer/VisualStudioSourceCodeAccess/Binaries/Win64/UE4Editor-VisualStudioSourceCodeAccess.dll (API version 3944462).
LogModuleManager: Display: Found up-to-date module file ../../../Engine/Plugins/Editor/AssetManagerEditor/Binaries/Win64/UE4Editor-AssetManagerEditor.dll (API version 3944462).
LogModuleManager: Display: Found up-to-date module file ../../../Engine/Plugins/Editor/CryptoKeys/Binaries/Win64/UE4Editor-CryptoKeys.dll (API version 3944462).
LogModuleManager: Display: Found up-to-date module file ../../../Engine/Plugins/Editor/CryptoKeys/Binaries/Win64/UE4Editor-CryptoKeysOpenSSL.dll (API version 3944462).
LogModuleManager: Display: Found up-to-date module file ../../../Engine/Plugins/Editor/DataValidation/Binaries/Win64/UE4Editor-DataValidation.dll (API version 3944462).
LogModuleManager: Display: Found up-to-date module file ../../../Engine/Plugins/Editor/FacialAnimation/Binaries/Win64/UE4Editor-FacialAnimation.dll (API version 3944462).
LogModuleManager: Display: Found up-to-date module file ../../../Engine/Plugins/Editor/FacialAnimation/Binaries/Win64/UE4Editor-FacialAnimationEditor.dll (API version 3944462).
LogModuleManager: Display: Found up-to-date module file ../../../Engine/Plugins/Editor/GameplayTagsEditor/Binaries/Win64/UE4Editor-GameplayTagsEditor.dll (API version 3944462).
LogModuleManager: Display: Found up-to-date module file ../../../Engine/Plugins/Editor/MobileLauncherProfileWizard/Binaries/Win64/UE4Editor-MobileLauncherProfileWizard.dll (API version 3944462).
LogModuleManager: Display: Found up-to-date module file ../../../Engine/Plugins/Editor/PluginBrowser/Binaries/Win64/UE4Editor-PluginBrowser.dll (API version 3944462).
LogModuleManager: Display: Found up-to-date module file ../../../Engine/Plugins/Editor/SpeedTreeImporter/Binaries/Win64/UE4Editor-SpeedTreeImporter.dll (API version 3944462).
LogModuleManager: Display: Found up-to-date module file ../../../Engine/Plugins/Enterprise/DatasmithContent/Binaries/Win64/UE4Editor-DatasmithContent.dll (API version 3944462).
LogModuleManager: Display: Found up-to-date module file ../../../Engine/Plugins/Experimental/AlembicImporter/Binaries/Win64/UE4Editor-AlembicImporter.dll (API version 3944462).
LogModuleManager: Display: Found up-to-date module file ../../../Engine/Plugins/Experimental/AlembicImporter/Binaries/Win64/UE4Editor-AlembicLibrary.dll (API version 3944462).
LogModuleManager: Display: Found up-to-date module file ../../../Engine/Plugins/Experimental/CharacterAI/Binaries/Win64/UE4Editor-CharacterAI.dll (API version 3944462).
LogModuleManager: Display: Found up-to-date module file ../../../Engine/Plugins/Experimental/HTML5Networking/Binaries/Win64/UE4Editor-HTML5Networking.dll (API version 3944462).
LogModuleManager: Display: Found up-to-date module file ../../../Engine/Plugins/Media/AndroidMedia/Binaries/Win64/UE4Editor-AndroidMediaEditor.dll (API version 3944462).
LogModuleManager: Display: Found up-to-date module file ../../../Engine/Plugins/Media/AndroidMedia/Binaries/Win64/UE4Editor-AndroidMediaFactory.dll (API version 3944462).
LogModuleManager: Display: Found up-to-date module file ../../../Engine/Plugins/Media/AvfMedia/Binaries/Win64/UE4Editor-AvfMediaEditor.dll (API version 3944462).
LogModuleManager: Display: Found up-to-date module file ../../../Engine/Plugins/Media/AvfMedia/Binaries/Win64/UE4Editor-AvfMediaFactory.dll (API version 3944462).
LogModuleManager: Display: Found up-to-date module file ../../../Engine/Plugins/Media/AvfMedia/Binaries/Win64/UE4Editor-AvfMediaFactory.dll (API version 3944462).
LogModuleManager: Display: Found up-to-date module file ../../../Engine/Plugins/Media/ImgMedia/Binaries/Win64/UE4Editor-ImgMedia.dll (API version 3944462).
LogModuleManager: Display: Found up-to-date module file ../../../Engine/Plugins/Media/ImgMedia/Binaries/Win64/UE4Editor-ImgMediaEditor.dll (API version 3944462).
LogModuleManager: Display: Found up-to-date module file ../../../Engine/Plugins/Media/ImgMedia/Binaries/Win64/UE4Editor-ImgMediaFactory.dll (API version 3944462).
LogModuleManager: Display: Found up-to-date module file ../../../Engine/Plugins/Media/ImgMedia/Binaries/Win64/UE4Editor-ImgMediaFactory.dll (API version 3944462).
LogModuleManager: Display: Found up-to-date module file ../../../Engine/Plugins/Media/ImgMedia/Binaries/Win64/UE4Editor-OpenExrWrapper.dll (API version 3944462).
LogModuleManager: Display: Found up-to-date module file ../../../Engine/Plugins/Media/LinearTimecode/Binaries/Win64/UE4Editor-LinearTimecode.dll (API version 3944462).
LogModuleManager: Display: Found up-to-date module file ../../../Engine/Plugins/Media/MediaCompositing/Binaries/Win64/UE4Editor-MediaCompositing.dll (API version 3944462).
LogModuleManager: Display: Found up-to-date module file ../../../Engine/Plugins/Media/MediaCompositing/Binaries/Win64/UE4Editor-MediaCompositingEditor.dll (API version 3944462).
LogModuleManager: Display: Found up-to-date module file ../../../Engine/Plugins/Media/MediaPlayerEditor/Binaries/Win64/UE4Editor-MediaPlayerEditor.dll (API version 3944462).
LogModuleManager: Display: Found up-to-date module file ../../../Engine/Plugins/Media/WmfMedia/Binaries/Win64/UE4Editor-WmfMedia.dll (API version 3944462).
LogModuleManager: Display: Found up-to-date module file ../../../Engine/Plugins/Media/WmfMedia/Binaries/Win64/UE4Editor-WmfMediaEditor.dll (API version 3944462).
LogModuleManager: Display: Found up-to-date module file ../../../Engine/Plugins/Media/WmfMedia/Binaries/Win64/UE4Editor-WmfMediaFactory.dll (API version 3944462).
LogModuleManager: Display: Found up-to-date module file ../../../Engine/Plugins/Media/WmfMedia/Binaries/Win64/UE4Editor-WmfMediaFactory.dll (API version 3944462).
LogModuleManager: Display: Found up-to-date module file ../../../Engine/Plugins/Messaging/TcpMessaging/Binaries/Win64/UE4Editor-TcpMessaging.dll (API version 3944462).
LogModuleManager: Display: Found up-to-date module file ../../../Engine/Plugins/Messaging/UdpMessaging/Binaries/Win64/UE4Editor-UdpMessaging.dll (API version 3944462).
LogModuleManager: Display: Found up-to-date module file ../../../Engine/Plugins/MovieScene/ActorSequence/Binaries/Win64/UE4Editor-ActorSequence.dll (API version 3944462).
LogModuleManager: Display: Found up-to-date module file ../../../Engine/Plugins/MovieScene/LevelSequenceEditor/Binaries/Win64/UE4Editor-LevelSequenceEditor.dll (API version 3944462).
LogModuleManager: Display: Found up-to-date module file ../../../Engine/Plugins/MovieScene/MatineeToLevelSequence/Binaries/Win64/UE4Editor-MatineeToLevelSequence.dll (API version 3944462).
LogModuleManager: Display: Found up-to-date module file ../../../Engine/Plugins/NetcodeUnitTest/NetcodeUnitTest/Binaries/Win64/UE4Editor-NetcodeUnitTest.dll (API version 3944462).
LogModuleManager: Display: Found up-to-date module file ../../../Engine/Plugins/NetcodeUnitTest/NUTUnrealEngine4/Binaries/Win64/UE4Editor-NUTUnrealEngine4.dll (API version 3944462).
LogModuleManager: Display: Found up-to-date module file ../../../Engine/Plugins/Online/OnlineSubsystem/Binaries/Win64/UE4Editor-OnlineSubsystem.dll (API version 3944462).
LogModuleManager: Display: Found up-to-date module file ../../../Engine/Plugins/Online/OnlineSubsystemNull/Binaries/Win64/UE4Editor-OnlineSubsystemNull.dll (API version 3944462).
LogModuleManager: Display: Found up-to-date module file ../../../Engine/Plugins/Online/OnlineSubsystemUtils/Binaries/Win64/UE4Editor-OnlineSubsystemUtils.dll (API version 3944462).
LogModuleManager: Display: Found up-to-date module file ../../../Engine/Plugins/Online/OnlineSubsystemUtils/Binaries/Win64/UE4Editor-OnlineBlueprintSupport.dll (API version 3944462).
LogModuleManager: Display: Found up-to-date module file ../../../Engine/Plugins/Runtime/AndroidDeviceProfileSelector/Binaries/Win64/UE4Editor-AndroidDeviceProfileSelector.dll (API version 3944462).
LogModuleManager: Display: Found up-to-date module file ../../../Engine/Plugins/Runtime/AndroidPermission/Binaries/Win64/UE4Editor-AndroidPermission.dll (API version 3944462).
LogModuleManager: Display: Found up-to-date module file ../../../Engine/Plugins/Runtime/AppleARKit/Binaries/Win64/UE4Editor-AppleARKit.dll (API version 3944462).
LogModuleManager: Display: Found up-to-date module file ../../../Engine/Plugins/Runtime/ArchVisCharacter/Binaries/Win64/UE4Editor-ArchVisCharacter.dll (API version 3944462).
LogModuleManager: Display: Found up-to-date module file ../../../Engine/Plugins/Runtime/AudioCapture/Binaries/Win64/UE4Editor-AudioCapture.dll (API version 3944462).
LogModuleManager: Display: Found up-to-date module file ../../../Engine/Plugins/Runtime/AudioCapture/Binaries/Win64/UE4Editor-AudioCaptureEditor.dll (API version 3944462).
LogModuleManager: Display: Found up-to-date module file ../../../Engine/Plugins/Runtime/CableComponent/Binaries/Win64/UE4Editor-CableComponent.dll (API version 3944462).
LogModuleManager: Display: Found up-to-date module file ../../../Engine/Plugins/Runtime/CustomMeshComponent/Binaries/Win64/UE4Editor-CustomMeshComponent.dll (API version 3944462).
LogModuleManager: Display: Found up-to-date module file ../../../Engine/Plugins/Runtime/ExampleDeviceProfileSelector/Binaries/Win64/UE4Editor-ExampleDeviceProfileSelector.dll (API version 3944462).
LogModuleManager: Display: Found up-to-date module file ../../../Engine/Plugins/Runtime/ImmediatePhysics/Binaries/Win64/UE4Editor-ImmediatePhysics.dll (API version 3944462).
LogModuleManager: Display: Found up-to-date module file ../../../Engine/Plugins/Runtime/ImmediatePhysics/Binaries/Win64/UE4Editor-ImmediatePhysicsEditor.dll (API version 3944462).
LogModuleManager: Display: Found up-to-date module file ../../../Engine/Plugins/Runtime/LocationServicesBPLibrary/Binaries/Win64/UE4Editor-LocationServicesBPLibrary.dll (API version 3944462).
LogModuleManager: Display: Found up-to-date module file ../../../Engine/Plugins/Runtime/MobilePatchingUtils/Binaries/Win64/UE4Editor-MobilePatchingUtils.dll (API version 3944462).
LogModuleManager: Display: Found up-to-date module file ../../../Engine/Plugins/Runtime/Oculus/OculusVR/Binaries/Win64/UE4Editor-OculusHMD.dll (API version 3944462).
LogModuleManager: Display: Found up-to-date module file ../../../Engine/Plugins/Runtime/Oculus/OculusVR/Binaries/Win64/UE4Editor-OculusInput.dll (API version 3944462).
LogModuleManager: Display: Found up-to-date module file ../../../Engine/Plugins/Runtime/Oculus/OculusVR/Binaries/Win64/UE4Editor-OculusEditor.dll (API version 3944462).
LogModuleManager: Display: Found up-to-date module file ../../../Engine/Plugins/Runtime/PhysXVehicles/Binaries/Win64/UE4Editor-PhysXVehicles.dll (API version 3944462).
LogModuleManager: Display: Found up-to-date module file ../../../Engine/Plugins/Runtime/PhysXVehicles/Binaries/Win64/UE4Editor-PhysXVehiclesEditor.dll (API version 3944462).
LogModuleManager: Display: Found up-to-date module file ../../../Engine/Plugins/Runtime/ProceduralMeshComponent/Binaries/Win64/UE4Editor-ProceduralMeshComponent.dll (API version 3944462).
LogModuleManager: Display: Found up-to-date module file ../../../Engine/Plugins/Runtime/ProceduralMeshComponent/Binaries/Win64/UE4Editor-ProceduralMeshComponentEditor.dll (API version 3944462).
LogModuleManager: Display: Found up-to-date module file ../../../Engine/Plugins/Runtime/RuntimePhysXCooking/Binaries/Win64/UE4Editor-RuntimePhysXCooking.dll (API version 3944462).
LogModuleManager: Display: Found up-to-date module file ../../../Engine/Plugins/Runtime/Steam/SteamVR/Binaries/Win64/UE4Editor-SteamVR.dll (API version 3944462).
LogModuleManager: Display: Found up-to-date module file ../../../Engine/Plugins/Runtime/Steam/SteamVR/Binaries/Win64/UE4Editor-SteamVRController.dll (API version 3944462).
LogModuleManager: Display: Found up-to-date module file ../../../Engine/Plugins/Runtime/WindowsMoviePlayer/Binaries/Win64/UE4Editor-WindowsMoviePlayer.dll (API version 3944462).
LogInit: Using libcurl 7.47.1
LogInit:  - built for x86_64-pc-win32
LogInit:  - supports SSL with OpenSSL/1.0.2g
LogInit:  - supports HTTP deflate (compression) using libz 1.2.8
LogInit:  - other features:
LogInit:      CURL_VERSION_SSL
LogInit:      CURL_VERSION_LIBZ
LogInit:      CURL_VERSION_IPV6
LogInit:      CURL_VERSION_ASYNCHDNS
LogInit:      CURL_VERSION_LARGEFILE
LogInit:      CURL_VERSION_IDN
LogInit:  CurlRequestOptions (configurable via config and command line):
LogInit:  - bVerifyPeer = false  - Libcurl will NOT verify peer certificate
LogInit:  - bUseHttpProxy = false  - Libcurl will NOT use HTTP proxy
LogInit:  - bDontReuseConnections = false  - Libcurl will reuse connections
LogInit:  - CertBundlePath = nullptr  - Libcurl will use whatever was configured at build time.
LogInit:  - MaxHostConnections = 16  - Libcurl will limit the number of connections to a host
LogInit:  - LocalHostAddr = Default
LogInit: WinSock: version 1.1 (2.2), MaxSocks=32767, MaxUdp=65467
LogInit: WinSock: I am Dell-XPS-15 (192.168.1.249:0)
LogInit: Build: ++UE4+Release-4.19-CL-4033788
LogInit: Engine Version: 4.19.2-4033788+++UE4+Release-4.19
LogInit: Compatible Engine Version: 4.19.0-3944462+++UE4+Release-4.19
LogInit: Net CL: 3944462
LogDevObjectVersion: Number of dev versions registered: 18
LogDevObjectVersion:   Dev-Blueprints (B0D832E4-1F89-4F0D-ACCF-7EB736FD4AA2): 10
LogDevObjectVersion:   Dev-Build (E1C64328-A22C-4D53-A36C-8E866417BD8C): 0
LogDevObjectVersion:   Dev-Core (375EC13C-06E4-48FB-B500-84F0262A717E): 2
LogDevObjectVersion:   Dev-Editor (E4B068ED-F494-42E9-A231-DA0B2E46BB41): 23
LogDevObjectVersion:   Dev-Framework (CFFC743F-43B0-4480-9391-14DF171D2073): 33
LogDevObjectVersion:   Dev-Mobile (B02B49B5-BB20-44E9-A304-32B752E40360): 2
LogDevObjectVersion:   Dev-Networking (A4E4105C-59A1-49B5-A7C5-40C4547EDFEE): 0
LogDevObjectVersion:   Dev-Online (39C831C9-5AE6-47DC-9A44-9C173E1C8E7C): 0
LogDevObjectVersion:   Dev-Physics (78F01B33-EBEA-4F98-B9B4-84EACCB95AA2): 0
LogDevObjectVersion:   Dev-Platform (6631380F-2D4D-43E0-8009-CF276956A95A): 0
LogDevObjectVersion:   Dev-Rendering (12F88B9F-8875-4AFC-A67C-D90C383ABD29): 25
LogDevObjectVersion:   Dev-Sequencer (7B5AE74C-D270-4C10-A958-57980B212A5A): 6
LogDevObjectVersion:   Dev-VR (D7296918-1DD6-4BDD-9DE2-64A83CC13884): 1
LogDevObjectVersion:   Dev-LoadTimes (C2A15278-BFE7-4AFE-6C17-90FF531DF755): 1
LogDevObjectVersion:   Private-Geometry (6EACA3D4-40EC-4CC1-B786-8BED09428FC5): 2
LogDevObjectVersion:   Dev-AnimPhys (29E575DD-E0A3-4627-9D10-D276232CDCEA): 16
LogDevObjectVersion:   Dev-ReflectionCapture (6B266CEC-1EC7-4B8F-A30B-E4D90942FC07): 1
LogDevObjectVersion:   Dev-Automation (0DF73D61-A23F-47EA-B727-89E90C41499A): 1
LogInit: Compiled (64-bit): Apr 27 2018 02:06:57
LogInit: Compiled with Visual C++: 19.00.24215.01
LogInit: Build Configuration: Development
LogInit: Branch Name: ++UE4+Release-4.19
LogInit: Command Line:  
LogInit: Base Directory: C:/Program Files/Epic Games/UE_4.19/Engine/Binaries/Win64/
LogInit: Installed Engine Build: 1
LogStreaming: Display: Took  0.003s to delete old logs.
LogInit: Presizing for max 8388607 objects, including 0 objects not considered by GC, pre-allocating 0 bytes for permanent pool.
LogInit: Object subsystem initialized
[2018.08.03-14.15.53:397][  0]LogInit: Selected Device Profile: [Windows]
[2018.08.03-14.15.53:397][  0]LogInit: Applying CVar settings loaded from the selected device profile: [Windows]
[2018.08.03-14.15.53:413][  0]LogInit: Computer: DELL-XPS-15
[2018.08.03-14.15.53:413][  0]LogInit: User: Konrad
[2018.08.03-14.15.53:413][  0]LogInit: CPU Page size=4096, Cores=4
[2018.08.03-14.15.53:413][  0]LogInit: High frequency timer resolution =2.742189 MHz
[2018.08.03-14.15.53:414][  0]LogMemory: Memory total: Physical=31.9GB (32GB approx)
[2018.08.03-14.15.53:414][  0]LogMemory: Platform Memory Stats for Windows
[2018.08.03-14.15.53:414][  0]LogMemory: Process Physical Memory: 274.23 MB used, 274.23 MB peak
[2018.08.03-14.15.53:414][  0]LogMemory: Process Virtual Memory: 264.54 MB used, 264.54 MB peak
[2018.08.03-14.15.53:414][  0]LogMemory: Physical Memory: 6473.88 MB used,  26146.06 MB free, 32619.94 MB total
[2018.08.03-14.15.53:414][  0]LogMemory: Virtual Memory: 659.43 MB used,  26146.06 MB free, 134217728.00 MB total
[2018.08.03-14.15.54:184][  0]LogInit: Using OS detected language (en-US).
[2018.08.03-14.15.54:184][  0]LogInit: Using OS detected locale (en-US).
[2018.08.03-14.15.54:187][  0]LogTextLocalizationManager: No specific localization for 'en-US' exists, so the 'en' localization will be used.
[2018.08.03-14.15.54:617][  0]LogStreaming: Display: Took  0.432s to EndInitTextLocalization.
[2018.08.03-14.15.54:617][  0]LogInit: Setting process to per monitor DPI aware
[2018.08.03-14.15.54:675][  0]LogSlate: New Slate User Created.  User Index 0, Is Virtual User: 0
[2018.08.03-14.15.54:675][  0]LogSlate: Slate User Registered.  User Index 0, Is Virtual User: 0
[2018.08.03-14.15.54:897][  0]LogD3D11RHI: D3D11 adapters:
[2018.08.03-14.15.54:927][  0]LogD3D11RHI:    0. 'Radeon RX 580 Series' (Feature Level 11_0)
[2018.08.03-14.15.54:927][  0]LogD3D11RHI:       8137/0/16309 MB DedicatedVideo/DedicatedSystem/SharedSystem, Outputs:1, VendorId:0x1002
[2018.08.03-14.15.54:952][  0]LogD3D11RHI:    1. 'Intel(R) HD Graphics 630' (Feature Level 11_0)
[2018.08.03-14.15.54:952][  0]LogD3D11RHI:       128/0/16309 MB DedicatedVideo/DedicatedSystem/SharedSystem, Outputs:0, VendorId:0x8086
[2018.08.03-14.15.55:860][  0]LogD3D11RHI:    2. 'NVIDIA GeForce GTX 1050' (Feature Level 11_0)
[2018.08.03-14.15.55:860][  0]LogD3D11RHI:       4021/0/16309 MB DedicatedVideo/DedicatedSystem/SharedSystem, Outputs:0, VendorId:0x10de
[2018.08.03-14.15.55:861][  0]LogD3D11RHI:    3. 'Microsoft Basic Render Driver' (Feature Level 11_0)
[2018.08.03-14.15.55:861][  0]LogD3D11RHI:       0/0/16309 MB DedicatedVideo/DedicatedSystem/SharedSystem, Outputs:0, VendorId:0x1414
[2018.08.03-14.15.55:861][  0]LogD3D11RHI: Chosen D3D11 Adapter: 0
[2018.08.03-14.15.55:872][  0]LogD3D11RHI: Creating new Direct3DDevice
[2018.08.03-14.15.55:873][  0]LogD3D11RHI:     GPU DeviceId: 0x67df (for the marketing name, search the web for "GPU Device Id")
[2018.08.03-14.15.55:873][  0]LogWindows: EnumDisplayDevices:
[2018.08.03-14.15.55:873][  0]LogWindows:    0. 'Intel(R) HD Graphics 630' (P:0 D:0)
[2018.08.03-14.15.55:873][  0]LogWindows:    1. 'Intel(R) HD Graphics 630' (P:0 D:0)
[2018.08.03-14.15.55:874][  0]LogWindows:    2. 'Intel(R) HD Graphics 630' (P:0 D:0)
[2018.08.03-14.15.55:874][  0]LogWindows:    3. 'Radeon RX 580 Series' (P:1 D:1)
[2018.08.03-14.15.55:874][  0]LogWindows:    4. 'Radeon RX 580 Series' (P:0 D:0)
[2018.08.03-14.15.55:874][  0]LogWindows:    5. 'Radeon RX 580 Series' (P:0 D:0)
[2018.08.03-14.15.55:875][  0]LogWindows:    6. 'Radeon RX 580 Series' (P:0 D:0)
[2018.08.03-14.15.55:875][  0]LogWindows:    7. 'Radeon RX 580 Series' (P:0 D:0)
[2018.08.03-14.15.55:875][  0]LogWindows:    8. 'Radeon RX 580 Series' (P:0 D:0)
[2018.08.03-14.15.55:876][  0]LogWindows:    9. 'Radeon RX 580 Series' (P:0 D:0)
[2018.08.03-14.15.55:876][  0]LogWindows:    10. 'Radeon RX 580 Series' (P:0 D:0)
[2018.08.03-14.15.55:876][  0]LogWindows:    11. 'Radeon RX 580 Series' (P:0 D:0)
[2018.08.03-14.15.55:877][  0]LogWindows:    12. 'Radeon RX 580 Series' (P:0 D:0)
[2018.08.03-14.15.55:877][  0]LogWindows:    13. 'Radeon RX 580 Series' (P:0 D:0)
[2018.08.03-14.15.55:877][  0]LogWindows:    14. 'Radeon RX 580 Series' (P:0 D:0)
[2018.08.03-14.15.55:878][  0]LogWindows:    15. 'Radeon RX 580 Series' (P:0 D:0)
[2018.08.03-14.15.55:878][  0]LogWindows:    16. 'Radeon RX 580 Series' (P:0 D:0)
[2018.08.03-14.15.55:878][  0]LogWindows:    17. 'Radeon RX 580 Series' (P:0 D:0)
[2018.08.03-14.15.55:879][  0]LogWindows:    18. 'Radeon RX 580 Series' (P:0 D:0)
[2018.08.03-14.15.55:879][  0]LogWindows: DebugString: PrimaryIsNotTheChoosenAdapter PrimaryIsNotTheChoosenAdapter PrimaryIsNotTheChoosenAdapter FoundDriverCount:16 
[2018.08.03-14.15.55:879][  0]LogD3D11RHI:     Adapter Name: Radeon RX 580 Series
[2018.08.03-14.15.55:879][  0]LogD3D11RHI:   Driver Version: Adrenalin 18.5.1 (internal:24.20.11016.4, unified:24.20.11016.4)
[2018.08.03-14.15.55:879][  0]LogD3D11RHI:      Driver Date: 5-16-2018
[2018.08.03-14.15.55:879][  0]LogRHI: Texture pool is 5696 MB (70% of 8137 MB)
[2018.08.03-14.15.56:062][  0]LogD3D11RHI: Async texture creation enabled
[2018.08.03-14.15.56:075][  0]LogD3D11RHI: GPU Timing Frequency: 25.000000 (Debug: 2 1)
[2018.08.03-14.15.56:076][  0]LogShaderCompilers: Guid format shader working directory is -35 characters bigger than the processId version (../../../../../../Users/Konrad/Documents/GitHub/MinimalCode/FlockingUE4-simplified/Intermediate/Shaders/WorkingDirectory/2584/).
[2018.08.03-14.15.56:076][  0]LogShaderCompilers: Cleaned the shader compiler working directory 'C:/Users/Konrad/AppData/Local/Temp/UnrealShaderWorkingDir/914CA507488B68E00A4FABAE12FAD3B4/'.
[2018.08.03-14.15.56:297][  0]LogTemp: Display: Loaded TP AllDesktopTargetPlatform
[2018.08.03-14.15.56:311][  0]LogTemp: Display: Loaded TP MacClientTargetPlatform
[2018.08.03-14.15.56:324][  0]LogTemp: Display: Loaded TP MacNoEditorTargetPlatform
[2018.08.03-14.15.56:336][  0]LogTemp: Display: Loaded TP MacServerTargetPlatform
[2018.08.03-14.15.56:349][  0]LogTemp: Display: Loaded TP MacTargetPlatform
[2018.08.03-14.15.56:363][  0]LogTemp: Display: Loaded TP WindowsClientTargetPlatform
[2018.08.03-14.15.56:376][  0]LogTemp: Display: Loaded TP WindowsNoEditorTargetPlatform
[2018.08.03-14.15.56:390][  0]LogTemp: Display: Loaded TP WindowsServerTargetPlatform
[2018.08.03-14.15.56:396][  0]LogTemp: Display: Loaded TP WindowsTargetPlatform
[2018.08.03-14.15.56:408][  0]LogTemp: Display: Loaded TP Android_ASTCTargetPlatform
[2018.08.03-14.15.56:419][  0]LogTemp: Display: Loaded TP Android_ATCTargetPlatform
[2018.08.03-14.15.56:431][  0]LogTemp: Display: Loaded TP Android_DXTTargetPlatform
[2018.08.03-14.15.56:444][  0]LogTemp: Display: Loaded TP Android_ETC1aTargetPlatform
[2018.08.03-14.15.56:456][  0]LogTemp: Display: Loaded TP Android_ETC1TargetPlatform
[2018.08.03-14.15.56:467][  0]LogTemp: Display: Loaded TP Android_ETC2TargetPlatform
[2018.08.03-14.15.56:490][  0]LogTemp: Display: Loaded TP Android_MultiTargetPlatform
[2018.08.03-14.15.56:490][  0]LogTemp: Display: Loaded TP Android_PVRTCTargetPlatform
[2018.08.03-14.15.56:501][  0]LogTemp: Display: Loaded TP AndroidTargetPlatform
[2018.08.03-14.15.56:502][  0]LogTemp: Display: Loaded TP HTML5TargetPlatform
[2018.08.03-14.15.56:539][  0]LogTemp: Display: Loaded TP IOSTargetPlatform
[2018.08.03-14.15.56:551][  0]LogTemp: Display: Loaded TP TVOSTargetPlatform
[2018.08.03-14.15.56:582][  0]LogTemp: Display: Loaded TP LinuxClientTargetPlatform
[2018.08.03-14.15.56:594][  0]LogTemp: Display: Loaded TP LinuxNoEditorTargetPlatform
[2018.08.03-14.15.56:606][  0]LogTemp: Display: Loaded TP LinuxServerTargetPlatform
[2018.08.03-14.15.56:618][  0]LogTemp: Display: Loaded TP LinuxTargetPlatform
[2018.08.03-14.15.56:618][  0]LogTargetPlatformManager: Display: Building Assets For Windows
[2018.08.03-14.15.56:726][  0]LogXGEController: Cleaning working directory: C:/Users/Konrad/AppData/Local/Temp/UnrealXGEWorkingDir/
[2018.08.03-14.15.56:727][  0]LogXGEController: Cannot use XGE Controller as Incredibuild is not installed on this machine.
[2018.08.03-14.15.56:727][  0]LogShaderCompilers: Cannot use XGE Shader Compiler as Incredibuild is not installed on this machine.
[2018.08.03-14.15.56:727][  0]LogShaderCompilers: Display: Using Local Shader Compiler.
[2018.08.03-14.15.57:411][  0]LogDerivedDataCache: Display: Max Cache Size: 512 MB
[2018.08.03-14.15.57:506][  0]LogDerivedDataCache: Loaded boot cache 0.09s 74MB C:/Users/Konrad/AppData/Local/UnrealEngine/4.19/DerivedDataCache/Boot.ddc.
[2018.08.03-14.15.57:506][  0]LogDerivedDataCache: Display: Loaded Boot cache: C:/Users/Konrad/AppData/Local/UnrealEngine/4.19/DerivedDataCache/Boot.ddc
[2018.08.03-14.15.57:506][  0]LogDerivedDataCache: FDerivedDataBackendGraph:  Pak pak cache file ../../../../../../Users/Konrad/Documents/GitHub/MinimalCode/FlockingUE4-simplified/DerivedDataCache/DDC.ddp not found, will not use a pak cache.
[2018.08.03-14.15.57:506][  0]LogDerivedDataCache: Unable to find inner node Pak for hierarchical cache Hierarchy.
[2018.08.03-14.15.57:506][  0]LogDerivedDataCache: FDerivedDataBackendGraph:  CompressedPak pak cache file ../../../../../../Users/Konrad/Documents/GitHub/MinimalCode/FlockingUE4-simplified/DerivedDataCache/Compressed.ddp not found, will not use a pak cache.
[2018.08.03-14.15.57:506][  0]LogDerivedDataCache: Unable to find inner node CompressedPak for hierarchical cache Hierarchy.
[2018.08.03-14.15.57:521][  0]LogDerivedDataCache: Display: Pak cache opened for reading ../../../Engine/DerivedDataCache/Compressed.ddp.
[2018.08.03-14.15.57:534][  0]LogDerivedDataCache: Using Local data cache path C:/Users/Konrad/AppData/Local/UnrealEngine/Common/DerivedDataCache: Writable
[2018.08.03-14.15.57:534][  0]LogDerivedDataCache: Shared data cache path not found in *engine.ini, will not use an Shared cache.
[2018.08.03-14.15.57:534][  0]LogDerivedDataCache: Unable to find inner node Shared for hierarchical cache Hierarchy.
[2018.08.03-14.15.57:545][  0]LogMaterial: Verifying Global Shaders for PCD3D_SM5
[2018.08.03-14.15.57:545][  0]LogSlate: Using Freetype 2.6.0
[2018.08.03-14.15.57:546][  0]LogSlate: SlateFontCache - WITH_FREETYPE: 1, WITH_HARFBUZZ: 1
[2018.08.03-14.15.57:546][  0]LogSlate: SlateFontCache - WITH_FREETYPE: 1, WITH_HARFBUZZ: 1
[2018.08.03-14.15.57:666][  0]LogAssetRegistry: FAssetRegistry took 0.0261 seconds to start up
[2018.08.03-14.15.57:964][  0]LogInit: Selected Device Profile: [Windows]
[2018.08.03-14.15.58:124][  0]LogSimplygon: Simplygon DLL not present - disabling.
[2018.08.03-14.15.58:127][  0]LogMeshReduction: Using SimplygonSwarm for distributed automatic mesh merging
[2018.08.03-14.15.58:127][  0]LogMeshReduction: Using QuadricMeshReduction for automatic static mesh reduction
[2018.08.03-14.15.58:127][  0]LogMeshReduction: No automatic skeletal mesh reduction module available
[2018.08.03-14.15.58:127][  0]LogMeshReduction: No automatic mesh merging module available
[2018.08.03-14.15.58:127][  0]LogMeshMerging: No automatic mesh merging module available
[2018.08.03-14.15.58:172][  0]LogNetVersion: NetworkBoids , NetCL: 3944462, EngineNetVer: 2, GameNetVer: 0 (Checksum: 685302668)
[2018.08.03-14.15.58:700][  0]LogPackageLocalizationCache: Processed 9 localized package path(s) for 2 prioritized culture(s) in 0.130624 seconds
[2018.08.03-14.15.58:705][  0]LogUObjectArray: 36728 objects as part of root set at end of initial load.
[2018.08.03-14.15.58:705][  0]LogUObjectAllocator: 7314312 out of 0 bytes used by permanent object pool.
[2018.08.03-14.15.58:705][  0]LogUObjectArray: CloseDisregardForGC: 0/0 objects in disregard for GC pool
[2018.08.03-14.16.00:325][  0]LogTcpMessaging: Initializing TcpMessaging bridge
[2018.08.03-14.16.00:353][  0]LogUdpMessaging: Initializing bridge on interface 0.0.0.0:0 to multicast group 230.0.0.1:6666.
[2018.08.03-14.16.00:736][  0]SourceControl: Source control is disabled
[2018.08.03-14.16.00:736][  0]SourceControl: Source control is disabled
[2018.08.03-14.16.00:753][  0]SourceControl: Source control is disabled
[2018.08.03-14.16.00:769][  0]SourceControl: Source control is disabled
[2018.08.03-14.16.01:231][  0]LogAndroidPermission: UAndroidPermissionCallbackProxy::GetInstance
[2018.08.03-14.16.01:412][  0]LogOcInput: OculusInput pre-init called
[2018.08.03-14.16.01:512][  0]LogEngine: Initializing Engine...
[2018.08.03-14.16.01:514][  0]LogHMD: Failed to initialize OpenVR with code 110
[2018.08.03-14.16.01:515][  0]LogStats: UGameplayTagsManager::ConstructGameplayTagTree: Construct from data asset -  0.000 s
[2018.08.03-14.16.01:515][  0]LogStats: UGameplayTagsManager::ConstructGameplayTagTree: GameplayTagTreeChangedEvent.Broadcast -  0.000 s
[2018.08.03-14.16.01:752][  0]LogAIModule: Creating AISystem for world Untitled
[2018.08.03-14.16.01:788][  0]LogInit: XAudio2 using '3 - LED Cinema (AMD High Definition Audio Device)' : 2 channels at 48 kHz using 16 bits per sample (channel mask 0x3)
[2018.08.03-14.16.01:820][  0]LogInit: FAudioDevice initialized.
[2018.08.03-14.16.01:881][  0]LogDerivedDataCache: Saved boot cache 0.06s 74MB C:/Users/Konrad/AppData/Local/UnrealEngine/4.19/DerivedDataCache/Boot.ddc.
[2018.08.03-14.16.01:895][  0]LogInit: Texture streaming: Enabled
[2018.08.03-14.16.01:912][  0]LogEngineSessionManager: EngineSessionManager initialized
[2018.08.03-14.16.01:930][  0]LogInit: Transaction tracking system initialized
[2018.08.03-14.16.01:954][  0]BlueprintLog: New page: Editor Load
[2018.08.03-14.16.02:037][  0]LocalizationService: Localization service is disabled
[2018.08.03-14.16.02:130][  0]LogConsoleResponse: Display: 
[2018.08.03-14.16.02:274][  0]LogCook: Display: Max memory allowance for cook 16384mb min free memory 0mb
[2018.08.03-14.16.02:274][  0]LogCook: Display: Mobile HDR setting 1
[2018.08.03-14.16.02:274][  0]LogGameplayTags: Display: UGameplayTagsManager::DoneAddingNativeTags. DelegateIsBound: 0
[2018.08.03-14.16.02:274][  0]LogStats: UGameplayTagsManager::ConstructGameplayTagTree: Construct from data asset -  0.000 s
[2018.08.03-14.16.02:275][  0]LogStats: UGameplayTagsManager::ConstructGameplayTagTree: GameplayTagTreeChangedEvent.Broadcast -  0.000 s
[2018.08.03-14.16.02:618][  0]LogFileCache: Scanning file cache for directory 'C:/Users/Konrad/Documents/GitHub/MinimalCode/FlockingUE4-simplified/Content/' took 0.01s
[2018.08.03-14.16.02:618][  0]SourceControl: Source control is disabled
[2018.08.03-14.16.02:618][  0]Cmd: MAP LOAD FILE="../../../../../../Users/Konrad/Documents/GitHub/MinimalCode/FlockingUE4-simplified/Content/Scenes/BaseLevel.umap" TEMPLATE=0 SHOWPROGRESS=1 FEATURELEVEL=3
[2018.08.03-14.16.02:622][  0]LightingResults: New page: Lighting Build
[2018.08.03-14.16.02:625][  0]MapCheck: New page: Map Check
[2018.08.03-14.16.02:625][  0]LightingResults: New page: Lighting Build
[2018.08.03-14.16.02:746][  0]LogLinker: Warning: Can't find file '/Game/Blueprints/BPBoidsObstacle'
[2018.08.03-14.16.02:746][  0]LogLinker: Warning: Can't find file for asset '/Game/Blueprints/BPBoidsObstacle' while loading ../../../../../../Users/Konrad/Documents/GitHub/MinimalCode/FlockingUE4-simplified/Content/Blueprints/BPBoidsSpawner.uasset.
[2018.08.03-14.16.02:746][  0]LoadErrors: Error: /Game/Blueprints/BPBoidsSpawner : Can't find file for asset. /Game/Blueprints/BPBoidsObstacle
[2018.08.03-14.16.02:751][  0]LogLinker: Warning: Can't find file '/Game/Materials/TargetMat'
[2018.08.03-14.16.02:751][  0]LogLinker: Warning: Can't find file for asset '/Game/Materials/TargetMat' while loading ../../../../../../Users/Konrad/Documents/GitHub/MinimalCode/FlockingUE4-simplified/Content/BPBoidsTarget.uasset.
[2018.08.03-14.16.02:751][  0]LoadErrors: Error: /Game/BPBoidsTarget : Can't find file for asset. /Game/Materials/TargetMat
[2018.08.03-14.16.02:751][  0]LogLinker: Warning: Can't find file '/Game/Materials/TargetMat'
[2018.08.03-14.16.02:752][  0]LogLinker: Warning: Can't find file for asset '/Game/Materials/TargetMat' while loading ../../../../../../Users/Konrad/Documents/GitHub/MinimalCode/FlockingUE4-simplified/Content/BPBoidsTarget.uasset.
[2018.08.03-14.16.02:752][  0]LoadErrors: Error: /Game/BPBoidsTarget : Can't find file for asset. /Game/Materials/TargetMat
[2018.08.03-14.16.02:752][  0]LogLinker: Warning: CreateExport: Failed to load Parent for BlueprintGeneratedClass /Game/BPBoidsTarget.BPBoidsTarget_C
[2018.08.03-14.16.02:752][  0]LogLinker: Warning: CreateExport: Failed to load Parent for BlueprintGeneratedClass /Game/BPBoidsTarget.BPBoidsTarget_C
[2018.08.03-14.16.02:753][  0]LogLinker: Warning: CreateExport: Failed to load Parent for BlueprintGeneratedClass /Game/BPBoidsTarget.BPBoidsTarget_C
[2018.08.03-14.16.02:753][  0]LogLinker: Warning: Unable to load Default__BPBoidsTarget_C with outer Package /Game/BPBoidsTarget because its class does not exist
[2018.08.03-14.16.02:753][  0]LogLinker: Warning: CreateExport: Failed to load Parent for BlueprintGeneratedClass /Game/BPBoidsTarget.BPBoidsTarget_C
[2018.08.03-14.16.02:753][  0]LogLinker: Warning: CreateExport: Failed to load Parent for BlueprintGeneratedClass /Game/BPBoidsTarget.BPBoidsTarget_C
[2018.08.03-14.16.02:754][  0]LogLinker: Warning: Can't find file '/Game/Blueprints/BPBoidsObstacle'
[2018.08.03-14.16.02:754][  0]LogLinker: Warning: Can't find file for asset '/Game/Blueprints/BPBoidsObstacle' while loading ../../../../../../Users/Konrad/Documents/GitHub/MinimalCode/FlockingUE4-simplified/Content/Blueprints/BPBoidsSpawner.uasset.
[2018.08.03-14.16.02:754][  0]LoadErrors: Error: /Game/Blueprints/BPBoidsSpawner : Can't find file for asset. /Game/Blueprints/BPBoidsObstacle
[2018.08.03-14.16.02:755][  0]LogLinker: Warning: Can't find file '/Game/Blueprints/BPBoidsObstacle'
[2018.08.03-14.16.02:755][  0]LogLinker: Warning: Can't find file for asset '/Game/Blueprints/BPBoidsObstacle' while loading ../../../../../../Users/Konrad/Documents/GitHub/MinimalCode/FlockingUE4-simplified/Content/Blueprints/BPBoidsBase.uasset.
[2018.08.03-14.16.02:755][  0]LoadErrors: Error: /Game/Blueprints/BPBoidsBase : Can't find file for asset. /Game/Blueprints/BPBoidsObstacle
[2018.08.03-14.16.02:755][  0]LogLinker: Warning: CreateExport: Failed to load Parent for BlueprintGeneratedClass /Game/BPBoidsTarget.BPBoidsTarget_C
[2018.08.03-14.16.02:755][  0]LogLinker: Warning: Can't find file '/Game/Blueprints/BPBoidsObstacle'
[2018.08.03-14.16.02:755][  0]LogLinker: Warning: Can't find file for asset '/Game/Blueprints/BPBoidsObstacle' while loading ../../../../../../Users/Konrad/Documents/GitHub/MinimalCode/FlockingUE4-simplified/Content/Blueprints/BPBoidsBase.uasset.
[2018.08.03-14.16.02:755][  0]LoadErrors: Error: /Game/Blueprints/BPBoidsBase : Can't find file for asset. /Game/Blueprints/BPBoidsObstacle
[2018.08.03-14.16.02:790][  0]LogLinker: Warning: CreateExport: Failed to load Parent for BlueprintGeneratedClass /Game/BPBoidsTarget.BPBoidsTarget_C
[2018.08.03-14.16.02:790][  0]LogLinker: Warning: CreateExport: Failed to load Parent for BlueprintGeneratedClass /Game/BPBoidsTarget.BPBoidsTarget_C
[2018.08.03-14.16.02:867][  0]LogAIModule: Creating AISystem for world BaseLevel
[2018.08.03-14.16.02:873][  0]LogEditorServer: Finished looking for orphan Actors (0.000 secs)
[2018.08.03-14.16.02:887][  0]Cmd: MAP CHECKDEP NOCLEARLOG
[2018.08.03-14.16.02:938][  0]MapCheck: Map check complete: 0 Error(s), 0 Warning(s), took 51.087ms to complete.
[2018.08.03-14.16.02:938][  0]LogFileHelpers: Loading map 'BaseLevel' took 0.320
[2018.08.03-14.16.03:024][  0]LogWindowsTextInputMethodSystem: Display: IME system now deactivated.
[2018.08.03-14.16.03:024][  0]LogWindowsTextInputMethodSystem: Display: IME system now deactivated.
[2018.08.03-14.16.03:097][  0]LogCollectionManager: Loaded 0 collections in 0.001757 seconds
[2018.08.03-14.16.03:156][  0]LogFileCache: Scanning file cache for directory 'C:/Users/Konrad/Documents/GitHub/MinimalCode/FlockingUE4-simplified/Saved/Collections/' took 0.01s
[2018.08.03-14.16.03:156][  0]LogFileCache: Scanning file cache for directory 'C:/Users/Konrad/Documents/GitHub/MinimalCode/FlockingUE4-simplified/Content/Developers/Konrad/Collections/' took 0.01s
[2018.08.03-14.16.03:156][  0]LogFileCache: Scanning file cache for directory 'C:/Users/Konrad/Documents/GitHub/MinimalCode/FlockingUE4-simplified/Content/Collections/' took 0.01s
[2018.08.03-14.16.03:156][  0]LogCollectionManager: Rebuilt the GUID cache for 0 collections in 0.000001 seconds
[2018.08.03-14.16.03:165][  0]LogContentBrowser: Native class hierarchy populated in 0.0092 seconds. Added 2457 classes and 561 folders.
[2018.08.03-14.16.03:173][  0]LogContentBrowser: Native class hierarchy updated for 'WidgetCarousel' in 0.0007 seconds. Added 0 classes and 0 folders.
[2018.08.03-14.16.03:214][  0]LogContentBrowser: Native class hierarchy updated for 'AddContentDialog' in 0.0007 seconds. Added 0 classes and 0 folders.
[2018.08.03-14.16.03:219][  0]LogContentBrowser: Native class hierarchy updated for 'SceneOutliner' in 0.0010 seconds. Added 1 classes and 2 folders.
[2018.08.03-14.16.03:268][  0]LogSlate: Took 0.000161 seconds to synchronously load lazily loaded font '../../../Engine/Content/Slate/Fonts/Roboto-Regular.ttf' (155K)
[2018.08.03-14.16.03:270][  0]LogSlate: Took 0.000160 seconds to synchronously load lazily loaded font '../../../Engine/Content/Slate/Fonts/Roboto-Bold.ttf' (160K)
[2018.08.03-14.16.03:275][  0]LogSlate: Took 0.000148 seconds to synchronously load lazily loaded font '../../../Engine/Content/Editor/Slate/Fonts/FontAwesome.ttf' (139K)
[2018.08.03-14.16.03:372][  0]LogRenderer: Reallocating scene render targets to support 1616x808 Format 10 NumSamples 1 (Frame:1).
[2018.08.03-14.16.03:629][  0]LogContentBrowser: Native class hierarchy updated for 'HierarchicalLODOutliner' in 0.0016 seconds. Added 0 classes and 0 folders.
[2018.08.03-14.16.03:629][  0]LogLoad: (Engine Initialization) Total time: 13.19 seconds
[2018.08.03-14.16.03:629][  0]LogLoad: (Engine Initialization) Total Blueprint compile time: 0.00 seconds
[2018.08.03-14.16.03:661][  0]LoadErrors: Warning: CreateExport: Failed to load Outer for resource 'UserConstructionScript': BlueprintGeneratedClass /Game/BPBoidsTarget.BPBoidsTarget_C
[2018.08.03-14.16.03:661][  0]LoadErrors: Warning: CreateExport: Failed to load Outer for resource 'DefaultSceneRoot_GEN_VARIABLE': BlueprintGeneratedClass /Game/BPBoidsTarget.BPBoidsTarget_C
[2018.08.03-14.16.03:661][  0]LoadErrors: Warning: CreateExport: Failed to load Outer for resource 'SimpleConstructionScript_0': BlueprintGeneratedClass /Game/BPBoidsTarget.BPBoidsTarget_C
[2018.08.03-14.16.03:661][  0]LoadErrors: Warning: CreateExport: Failed to load Outer for resource 'SCS_Node_0': SimpleConstructionScript /Game/BPBoidsTarget.BPBoidsTarget_C:SimpleConstructionScript_0
[2018.08.03-14.16.03:661][  0]LoadErrors: Warning: CreateExport: Failed to load Outer for resource 'Display Sphere': BPBoidsTarget_C /Game/BPBoidsTarget.Default__BPBoidsTarget_C
[2018.08.03-14.16.03:711][  0]LogContentStreaming: Texture pool size now 1000 MB
[2018.08.03-14.16.03:714][  0]LogSlate: FSceneViewport::OnFocusLost() reason 2
[2018.08.03-14.16.03:756][  1]LogFileCache: Retrieving MD5 hashes for directory 'C:/Users/Konrad/Documents/GitHub/MinimalCode/FlockingUE4-simplified/Content/' took 0.08s
[2018.08.03-14.16.03:770][  1]LogAssetRegistry: Asset discovery search completed in 6.1262 seconds
[2018.08.03-14.16.03:771][  1]LogCollectionManager: Rebuilt the object cache for 0 collections in 0.000000 seconds (found 0 objects)
[2018.08.03-14.16.03:771][  1]LogCollectionManager: Fixed up redirectors for 0 collections in 0.000044 seconds (updated 0 objects)
[2018.08.03-14.16.06:023][125]LogSlate: Window 'Message Log' being destroyed
[2018.08.03-14.16.06:027][125]LogSlate: Window 'NetworkBoids - Unreal Editor' being destroyed
[2018.08.03-14.16.06:028][125]LogWindowsTextInputMethodSystem: Display: IME system now deactivated.
[2018.08.03-14.16.06:028][125]LogWindowsTextInputMethodSystem: Display: IME system now deactivated.
[2018.08.03-14.16.06:215][126]Cmd: QUIT_EDITOR
[2018.08.03-14.16.06:246][126]LogSlate: Slate User Destroyed.  User Index 0, Is Virtual User: 0
[2018.08.03-14.16.06:246][126]LogExit: Preparing to exit.
[2018.08.03-14.16.07:378][126]LogDirectoryWatcher: A directory notification for 'C:/Users/Konrad/Documents/GitHub/MinimalCode/FlockingUE4-simplified/Content/' was aborted.
[2018.08.03-14.16.07:397][126]LogExit: Editor shut down
[2018.08.03-14.16.07:398][126]LogExit: Transaction tracking system shut down
[2018.08.03-14.16.07:601][126]LogDirectoryWatcher: A directory notification for '../../../Engine/Content/' was aborted.
[2018.08.03-14.16.07:601][126]LogDirectoryWatcher: A directory notification for '../../../../../../Users/Konrad/Documents/GitHub/MinimalCode/FlockingUE4-simplified/Content/' was aborted.
[2018.08.03-14.16.07:601][126]LogDirectoryWatcher: A directory notification for '../../Plugins/2D/Paper2D/Content/' was aborted.
[2018.08.03-14.16.07:601][126]LogDirectoryWatcher: A directory notification for '../../Plugins/Enterprise/DatasmithContent/Content/' was aborted.
[2018.08.03-14.16.07:601][126]LogDirectoryWatcher: A directory notification for '../../Plugins/Media/MediaCompositing/Content/' was aborted.
[2018.08.03-14.16.07:602][126]LogDirectoryWatcher: A directory notification for '../../Plugins/Runtime/AppleARKit/Content/' was aborted.
[2018.08.03-14.16.07:602][126]LogDirectoryWatcher: A directory notification for '../../Plugins/Runtime/Oculus/OculusVR/Content/' was aborted.
[2018.08.03-14.16.07:602][126]LogDirectoryWatcher: A directory notification for '../../Plugins/Runtime/Steam/SteamVR/Content/' was aborted.
[2018.08.03-14.16.07:666][126]LogExit: Object subsystem successfully closed.
[2018.08.03-14.16.07:684][126]LogShaderCompilers: Display: Shaders left to compile 0
[2018.08.03-14.16.07:687][126]LogD3D11RHI: Shutdown
[2018.08.03-14.16.07:687][126]LogD3D11RHI: CleanupD3DDevice
[2018.08.03-14.16.07:688][126]LogD3D11RHI: ~FD3D11DynamicRHI
[2018.08.03-14.16.07:704][126]LogModuleManager: Shutting down and abandoning module HierarchicalLODOutliner (576)
[2018.08.03-14.16.07:704][126]LogModuleManager: Shutting down and abandoning module DesktopPlatform (574)
[2018.08.03-14.16.07:704][126]LogModuleManager: Shutting down and abandoning module SceneOutliner (572)
[2018.08.03-14.16.07:704][126]LogModuleManager: Shutting down and abandoning module AddContentDialog (570)
[2018.08.03-14.16.07:705][126]LogDirectoryWatcher: A directory notification for 'C:/Program Files/Epic Games/UE_4.19/FeaturePacks/' was aborted.
[2018.08.03-14.16.07:705][126]LogModuleManager: Shutting down and abandoning module WidgetCarousel (569)
[2018.08.03-14.16.07:705][126]LogModuleManager: Shutting down and abandoning module EditorWidgets (566)
[2018.08.03-14.16.07:705][126]LogModuleManager: Shutting down and abandoning module CollectionManager (564)
[2018.08.03-14.16.07:705][126]LogDirectoryWatcher: A directory notification for 'C:/Users/Konrad/Documents/GitHub/MinimalCode/FlockingUE4-simplified/Content/Collections/' was aborted.
[2018.08.03-14.16.07:705][126]LogDirectoryWatcher: A directory notification for 'C:/Users/Konrad/Documents/GitHub/MinimalCode/FlockingUE4-simplified/Content/Developers/Konrad/Collections/' was aborted.
[2018.08.03-14.16.07:705][126]LogDirectoryWatcher: A directory notification for 'C:/Users/Konrad/Documents/GitHub/MinimalCode/FlockingUE4-simplified/Saved/Collections/' was aborted.
[2018.08.03-14.16.07:705][126]LogModuleManager: Shutting down and abandoning module StatsViewer (562)
[2018.08.03-14.16.07:705][126]LogModuleManager: Shutting down and abandoning module FoliageEdit (560)
[2018.08.03-14.16.07:705][126]LogModuleManager: Shutting down and abandoning module LandscapeEditor (558)
[2018.08.03-14.16.07:705][126]LogModuleManager: Shutting down and abandoning module MeshPaintMode (556)
[2018.08.03-14.16.07:705][126]LogModuleManager: Shutting down and abandoning module SceneDepthPickerMode (554)
[2018.08.03-14.16.07:705][126]LogModuleManager: Shutting down and abandoning module ActorPickerMode (552)
[2018.08.03-14.16.07:705][126]LogModuleManager: Shutting down and abandoning module GeometryMode (550)
[2018.08.03-14.16.07:706][126]LogModuleManager: Shutting down and abandoning module TextureAlignMode (548)
[2018.08.03-14.16.07:706][126]LogModuleManager: Shutting down and abandoning module BspMode (546)
[2018.08.03-14.16.07:706][126]LogModuleManager: Shutting down and abandoning module PIEPreviewDeviceProfileSelector (544)
[2018.08.03-14.16.07:706][126]LogModuleManager: Shutting down and abandoning module HardwareSurvey (542)
[2018.08.03-14.16.07:706][126]LogModuleManager: Shutting down and abandoning module SequenceRecorderSections (540)
[2018.08.03-14.16.07:706][126]LogModuleManager: Shutting down and abandoning module AutomationWorker (538)
[2018.08.03-14.16.07:706][126]LogModuleManager: Shutting down and abandoning module AudioCaptureEditor (536)
[2018.08.03-14.16.07:706][126]LogModuleManager: Shutting down and abandoning module SequenceRecorder (535)
[2018.08.03-14.16.07:706][126]LogModuleManager: Shutting down and abandoning module MatineeToLevelSequence (532)
[2018.08.03-14.16.07:706][126]LogModuleManager: Shutting down and abandoning module LevelSequenceEditor (530)
[2018.08.03-14.16.07:706][126]LogModuleManager: Shutting down and abandoning module PlacementMode (529)
[2018.08.03-14.16.07:706][126]LogModuleManager: Shutting down and abandoning module MaterialEditor (528)
[2018.08.03-14.16.07:706][126]LogModuleManager: Shutting down and abandoning module WmfMediaFactory (524)
[2018.08.03-14.16.07:706][126]LogModuleManager: Shutting down and abandoning module WmfMediaEditor (522)
[2018.08.03-14.16.07:706][126]LogModuleManager: Shutting down and abandoning module MediaPlayerEditor (520)
[2018.08.03-14.16.07:706][126]LogModuleManager: Shutting down and abandoning module OpenExrWrapper (518)
[2018.08.03-14.16.07:706][126]LogModuleManager: Shutting down and abandoning module ImgMediaFactory (516)
[2018.08.03-14.16.07:706][126]LogModuleManager: Shutting down and abandoning module ImgMediaEditor (514)
[2018.08.03-14.16.07:706][126]LogModuleManager: Shutting down and abandoning module AvfMediaFactory (512)
[2018.08.03-14.16.07:706][126]LogModuleManager: Shutting down and abandoning module AvfMediaEditor (510)
[2018.08.03-14.16.07:706][126]LogModuleManager: Shutting down and abandoning module AndroidMediaFactory (508)
[2018.08.03-14.16.07:706][126]LogModuleManager: Shutting down and abandoning module AndroidMediaEditor (506)
[2018.08.03-14.16.07:706][126]LogModuleManager: Shutting down and abandoning module CharacterAI (504)
[2018.08.03-14.16.07:706][126]LogModuleManager: Shutting down and abandoning module SmartSnapping (502)
[2018.08.03-14.16.07:706][126]LogModuleManager: Shutting down and abandoning module SessionServices (500)
[2018.08.03-14.16.07:706][126]LogModuleManager: Shutting down and abandoning module ViewportSnapping (498)
[2018.08.03-14.16.07:706][126]LogModuleManager: Shutting down and abandoning module ViewportInteraction (496)
[2018.08.03-14.16.07:706][126]LogModuleManager: Shutting down and abandoning module ClothPainter (494)
[2018.08.03-14.16.07:706][126]LogModuleManager: Shutting down and abandoning module SkeletalMeshEditor (493)
[2018.08.03-14.16.07:706][126]LogModuleManager: Shutting down and abandoning module LogVisualizer (490)
[2018.08.03-14.16.07:706][126]LogModuleManager: Shutting down and abandoning module IntroTutorials (488)
[2018.08.03-14.16.07:706][126]LogModuleManager: Shutting down and abandoning module GameProjectGeneration (487)
[2018.08.03-14.16.07:707][126]LogModuleManager: Shutting down and abandoning module IOSPlatformEditor (484)
[2018.08.03-14.16.07:707][126]LogModuleManager: Shutting down and abandoning module HTML5PlatformEditor (482)
[2018.08.03-14.16.07:707][126]LogModuleManager: Shutting down and abandoning module AndroidPlatformEditor (480)
[2018.08.03-14.16.07:707][126]LogModuleManager: Shutting down and abandoning module AndroidDeviceDetection (479)
[2018.08.03-14.16.08:091][126]LogModuleManager: Shutting down and abandoning module WindowsPlatformEditor (476)
[2018.08.03-14.16.08:091][126]LogModuleManager: Shutting down and abandoning module IOSRuntimeSettings (474)
[2018.08.03-14.16.08:091][126]LogModuleManager: Shutting down and abandoning module AndroidRuntimeSettings (472)
[2018.08.03-14.16.08:091][126]LogModuleManager: Shutting down and abandoning module InputBindingEditor (470)
[2018.08.03-14.16.08:091][126]LogModuleManager: Shutting down and abandoning module MergeActors (468)
[2018.08.03-14.16.08:091][126]LogModuleManager: Shutting down and abandoning module LocalizationDashboard (466)
[2018.08.03-14.16.08:091][126]LogModuleManager: Shutting down and abandoning module LocalizationService (465)
[2018.08.03-14.16.08:091][126]LogModuleManager: Shutting down and abandoning module HardwareTargeting (462)
[2018.08.03-14.16.08:092][126]LogModuleManager: Shutting down and abandoning module DeviceProfileEditor (460)
[2018.08.03-14.16.08:092][126]LogModuleManager: Shutting down and abandoning module UndoHistory (458)
[2018.08.03-14.16.08:092][126]LogModuleManager: Shutting down and abandoning module XmlParser (456)
[2018.08.03-14.16.08:092][126]LogModuleManager: Shutting down and abandoning module Blutility (454)
[2018.08.03-14.16.08:092][126]LogModuleManager: Shutting down and abandoning module ProjectSettingsViewer (452)
[2018.08.03-14.16.08:092][126]LogModuleManager: Shutting down and abandoning module ProjectTargetPlatformEditor (451)
[2018.08.03-14.16.08:092][126]LogModuleManager: Shutting down and abandoning module EditorSettingsViewer (448)
[2018.08.03-14.16.08:092][126]LogModuleManager: Shutting down and abandoning module SettingsEditor (446)
[2018.08.03-14.16.08:092][126]LogModuleManager: Shutting down and abandoning module ProjectLauncher (444)
[2018.08.03-14.16.08:092][126]LogModuleManager: Shutting down and abandoning module SessionFrontend (442)
[2018.08.03-14.16.08:092][126]LogModuleManager: Shutting down and abandoning module ProfilerClient (440)
[2018.08.03-14.16.08:093][126]LogModuleManager: Shutting down and abandoning module DeviceManager (438)
[2018.08.03-14.16.08:093][126]LogModuleManager: Shutting down and abandoning module TargetDeviceServices (437)
[2018.08.03-14.16.08:147][126]LogModuleManager: Shutting down and abandoning module AutomationController (434)
[2018.08.03-14.16.08:147][126]LogModuleManager: Shutting down and abandoning module AutomationWindow (432)
[2018.08.03-14.16.08:147][126]LogModuleManager: Shutting down and abandoning module Layers (430)
[2018.08.03-14.16.08:147][126]LogModuleManager: Shutting down and abandoning module ComponentVisualizers (428)
[2018.08.03-14.16.08:147][126]LogModuleManager: Shutting down and abandoning module DetailCustomizations (426)
[2018.08.03-14.16.08:147][126]LogModuleManager: Shutting down and abandoning module PackagesDialog (424)
[2018.08.03-14.16.08:147][126]LogModuleManager: Shutting down and abandoning module Persona (422)
[2018.08.03-14.16.08:148][126]LogModuleManager: Shutting down and abandoning module AdvancedPreviewScene (421)
[2018.08.03-14.16.08:148][126]LogModuleManager: Shutting down and abandoning module AnimGraph (419)
[2018.08.03-14.16.08:148][126]LogModuleManager: Shutting down and abandoning module Kismet (416)
[2018.08.03-14.16.08:148][126]LogModuleManager: Shutting down and abandoning module GraphEditor (414)
[2018.08.03-14.16.08:148][126]LogModuleManager: Shutting down and abandoning module ClassViewer (412)
[2018.08.03-14.16.08:148][126]LogModuleManager: Shutting down and abandoning module Toolbox (410)
[2018.08.03-14.16.08:149][126]LogModuleManager: Shutting down and abandoning module ModuleUI (408)
[2018.08.03-14.16.08:149][126]LogModuleManager: Shutting down and abandoning module MovieSceneTools (406)
[2018.08.03-14.16.08:149][126]LogModuleManager: Shutting down and abandoning module OutputLog (404)
[2018.08.03-14.16.08:149][126]LogModuleManager: Shutting down and abandoning module GammaUI (402)
[2018.08.03-14.16.08:149][126]LogModuleManager: Shutting down and abandoning module Documentation (400)
[2018.08.03-14.16.08:149][126]LogModuleManager: Shutting down and abandoning module MovieSceneTracks (398)
[2018.08.03-14.16.08:149][126]LogModuleManager: Shutting down and abandoning module MovieScene (396)
[2018.08.03-14.16.08:149][126]LogModuleManager: Shutting down and abandoning module StreamingPauseRendering (394)
[2018.08.03-14.16.08:149][126]LogModuleManager: Shutting down and abandoning module LauncherPlatform (392)
[2018.08.03-14.16.08:149][126]LogModuleManager: Shutting down and abandoning module AnalyticsET (390)
[2018.08.03-14.16.08:149][126]LogModuleManager: Shutting down and abandoning module PortalServices (388)
[2018.08.03-14.16.08:149][126]LogModuleManager: Shutting down and abandoning module PortalRpc (386)
[2018.08.03-14.16.08:149][126]LogModuleManager: Shutting down and abandoning module MessagingRpc (384)
[2018.08.03-14.16.08:149][126]LogModuleManager: Shutting down and abandoning module AIModule (382)
[2018.08.03-14.16.08:149][126]LogModuleManager: Shutting down and abandoning module GameplayDebugger (381)
[2018.08.03-14.16.08:149][126]LogModuleManager: Shutting down and abandoning module AITestSuite (379)
[2018.08.03-14.16.08:150][126]LogModuleManager: Shutting down and abandoning module ProfilerService (376)
[2018.08.03-14.16.08:231][126]LogModuleManager: Shutting down and abandoning module TaskGraph (374)
[2018.08.03-14.16.08:231][126]LogModuleManager: Shutting down and abandoning module SteamVRController (372)
[2018.08.03-14.16.08:231][126]LogModuleManager: Shutting down and abandoning module ProceduralMeshComponentEditor (370)
[2018.08.03-14.16.08:231][126]LogModuleManager: Shutting down and abandoning module ProceduralMeshComponent (368)
[2018.08.03-14.16.08:231][126]LogModuleManager: Shutting down and abandoning module OculusInput (366)
[2018.08.03-14.16.08:231][126]LogModuleManager: Shutting down and abandoning module MobilePatchingUtils (364)
[2018.08.03-14.16.08:231][126]LogModuleManager: Shutting down and abandoning module CustomMeshComponent (362)
[2018.08.03-14.16.08:231][126]LogModuleManager: Shutting down and abandoning module CableComponent (360)
[2018.08.03-14.16.08:231][126]LogModuleManager: Shutting down and abandoning module AudioCapture (358)
[2018.08.03-14.16.08:231][126]LogModuleManager: Shutting down and abandoning module ArchVisCharacter (356)
[2018.08.03-14.16.08:231][126]LogModuleManager: Shutting down and abandoning module AndroidPermission (354)
[2018.08.03-14.16.08:231][126]LogModuleManager: Shutting down and abandoning module NUTUnrealEngine4 (350)
[2018.08.03-14.16.08:231][126]LogModuleManager: Shutting down and abandoning module NetcodeUnitTest (348)
[2018.08.03-14.16.08:231][126]LogModuleManager: Shutting down and abandoning module MediaCompositingEditor (346)
[2018.08.03-14.16.08:232][126]LogModuleManager: Shutting down and abandoning module MediaCompositing (344)
[2018.08.03-14.16.08:232][126]LogModuleManager: Shutting down and abandoning module LinearTimecode (342)
[2018.08.03-14.16.08:232][126]LogModuleManager: Shutting down and abandoning module ImgMedia (340)
[2018.08.03-14.16.08:239][126]LogModuleManager: Shutting down and abandoning module HTML5Networking (338)
[2018.08.03-14.16.08:240][126]LogModuleManager: Shutting down and abandoning module AlembicImporter (336)
[2018.08.03-14.16.08:240][126]LogModuleManager: Shutting down and abandoning module AlembicLibrary (335)
[2018.08.03-14.16.08:240][126]LogModuleManager: Shutting down and abandoning module GeometryCache (334)
[2018.08.03-14.16.08:240][126]LogModuleManager: Shutting down and abandoning module GeometryCacheEd (333)
[2018.08.03-14.16.08:240][126]LogModuleManager: Shutting down and abandoning module DatasmithContent (328)
[2018.08.03-14.16.08:240][126]LogModuleManager: Shutting down and abandoning module SpeedTreeImporter (326)
[2018.08.03-14.16.08:240][126]LogModuleManager: Shutting down and abandoning module PluginBrowser (324)
[2018.08.03-14.16.08:240][126]LogModuleManager: Shutting down and abandoning module MobileLauncherProfileWizard (322)
[2018.08.03-14.16.08:240][126]LogModuleManager: Shutting down and abandoning module CryptoKeysOpenSSL (320)
[2018.08.03-14.16.08:240][126]LogModuleManager: Shutting down and abandoning module CryptoKeys (318)
[2018.08.03-14.16.08:240][126]LogModuleManager: Shutting down and abandoning module VisualStudioSourceCodeAccess (316)
[2018.08.03-14.16.08:240][126]LogModuleManager: Shutting down and abandoning module VisualStudioCodeSourceCodeAccess (314)
[2018.08.03-14.16.08:240][126]LogModuleManager: Shutting down and abandoning module UObjectPlugin (312)
[2018.08.03-14.16.08:240][126]LogModuleManager: Shutting down and abandoning module SubversionSourceControl (310)
[2018.08.03-14.16.08:240][126]LogModuleManager: Shutting down and abandoning module PerforceSourceControl (308)
[2018.08.03-14.16.08:241][126]LogModuleManager: Shutting down and abandoning module GitSourceControl (306)
[2018.08.03-14.16.08:241][126]LogModuleManager: Shutting down and abandoning module SourceControl (305)
[2018.08.03-14.16.08:241][126]LogModuleManager: Shutting down and abandoning module CLionSourceCodeAccess (302)
[2018.08.03-14.16.08:241][126]LogModuleManager: Shutting down and abandoning module LightPropagationVolumeEditor (300)
[2018.08.03-14.16.08:241][126]LogModuleManager: Shutting down and abandoning module PaperTiledImporter (298)
[2018.08.03-14.16.08:241][126]LogModuleManager: Shutting down and abandoning module PaperSpriteSheetImporter (296)
[2018.08.03-14.16.08:241][126]LogModuleManager: Shutting down and abandoning module Paper2DEditor (294)
[2018.08.03-14.16.08:241][126]LogModuleManager: Shutting down and abandoning module MeshPaint (293)
[2018.08.03-14.16.08:241][126]LogModuleManager: Shutting down and abandoning module NetworkBoids (290)
[2018.08.03-14.16.08:241][126]LogModuleManager: Shutting down and abandoning module RuntimePhysXCooking (288)
[2018.08.03-14.16.08:241][126]LogModuleManager: Shutting down and abandoning module PhysXVehiclesEditor (286)
[2018.08.03-14.16.08:241][126]LogModuleManager: Shutting down and abandoning module PhysXVehicles (284)
[2018.08.03-14.16.08:241][126]LogModuleManager: Shutting down and abandoning module OculusEditor (282)
[2018.08.03-14.16.08:241][126]LogModuleManager: Shutting down and abandoning module LocationServicesBPLibrary (280)
[2018.08.03-14.16.08:242][126]LogModuleManager: Shutting down and abandoning module ImmediatePhysicsEditor (278)
[2018.08.03-14.16.08:242][126]LogModuleManager: Shutting down and abandoning module ImmediatePhysics (276)
[2018.08.03-14.16.08:242][126]LogModuleManager: Shutting down and abandoning module ActorSequence (274)
[2018.08.03-14.16.08:242][126]LogModuleManager: Shutting down and abandoning module UdpMessaging (272)
[2018.08.03-14.16.08:343][126]LogModuleManager: Shutting down and abandoning module TcpMessaging (270)
[2018.08.03-14.16.08:444][126]LogModuleManager: Shutting down and abandoning module GameplayTagsEditor (268)
[2018.08.03-14.16.08:444][126]LogModuleManager: Shutting down and abandoning module FacialAnimationEditor (266)
[2018.08.03-14.16.08:444][126]LogModuleManager: Shutting down and abandoning module FacialAnimation (264)
[2018.08.03-14.16.08:444][126]LogModuleManager: Shutting down and abandoning module DataValidation (262)
[2018.08.03-14.16.08:444][126]LogModuleManager: Shutting down and abandoning module AssetManagerEditor (260)
[2018.08.03-14.16.08:444][126]LogModuleManager: Shutting down and abandoning module LevelEditor (259)
[2018.08.03-14.16.08:446][126]LogModuleManager: Shutting down and abandoning module PixelInspectorModule (258)
[2018.08.03-14.16.08:446][126]LogModuleManager: Shutting down and abandoning module CommonMenuExtensions (256)
[2018.08.03-14.16.08:447][126]LogModuleManager: Shutting down and abandoning module MainFrame (254)
[2018.08.03-14.16.08:447][126]LogModuleManager: Shutting down and abandoning module HotReload (253)
[2018.08.03-14.16.08:447][126]LogDirectoryWatcher: A directory notification for 'C:/Users/Konrad/Documents/GitHub/MinimalCode/FlockingUE4-simplified/Binaries/Win64' was aborted.
[2018.08.03-14.16.08:448][126]LogModuleManager: Shutting down and abandoning module ContentBrowser (249)
[2018.08.03-14.16.08:451][126]LogModuleManager: Shutting down and abandoning module TreeMap (247)
[2018.08.03-14.16.08:451][126]LogModuleManager: Shutting down and abandoning module LightPropagationVolumeRuntime (244)
[2018.08.03-14.16.08:451][126]LogModuleManager: Shutting down and abandoning module LiveLinkEditor (242)
[2018.08.03-14.16.08:451][126]LogModuleManager: Shutting down and abandoning module LiveLink (240)
[2018.08.03-14.16.09:034][126]LogModuleManager: Shutting down and abandoning module Paper2D (238)
[2018.08.03-14.16.09:034][126]LogModuleManager: Shutting down and abandoning module WindowsMoviePlayer (236)
[2018.08.03-14.16.09:034][126]LogModuleManager: Shutting down and abandoning module WmfMedia (234)
[2018.08.03-14.16.09:034][126]LogModuleManager: Shutting down and abandoning module Media (233)
[2018.08.03-14.16.09:042][126]LogModuleManager: Shutting down and abandoning module PacketHandler (230)
[2018.08.03-14.16.09:042][126]LogModuleManager: Shutting down and abandoning module ClothingSystemEditor (228)
[2018.08.03-14.16.09:042][126]LogModuleManager: Shutting down and abandoning module ClothingSystemRuntime (226)
[2018.08.03-14.16.09:042][126]LogModuleManager: Shutting down and abandoning module MediaAssets (224)
[2018.08.03-14.16.09:042][126]LogModuleManager: Shutting down and abandoning module Overlay (222)
[2018.08.03-14.16.09:042][126]LogModuleManager: Shutting down and abandoning module OverlayEditor (221)
[2018.08.03-14.16.09:042][126]LogModuleManager: Shutting down and abandoning module VREditor (218)
[2018.08.03-14.16.09:042][126]LogModuleManager: Shutting down and abandoning module StringTableEditor (216)
[2018.08.03-14.16.09:043][126]LogModuleManager: Shutting down and abandoning module GameplayTasksEditor (214)
[2018.08.03-14.16.09:043][126]LogModuleManager: Shutting down and abandoning module BehaviorTreeEditor (212)
[2018.08.03-14.16.09:043][126]LogModuleManager: Shutting down and abandoning module FunctionalTesting (210)
[2018.08.03-14.16.09:043][126]LogModuleManager: Shutting down and abandoning module CollisionAnalyzer (208)
[2018.08.03-14.16.09:043][126]LogModuleManager: Shutting down and abandoning module WorkspaceMenuStructure (207)
[2018.08.03-14.16.09:043][126]LogModuleManager: Shutting down and abandoning module UMG (204)
[2018.08.03-14.16.09:043][126]LogModuleManager: Shutting down and abandoning module UMGEditor (203)
[2018.08.03-14.16.09:044][126]LogModuleManager: Shutting down and abandoning module Sequencer (202)
[2018.08.03-14.16.09:044][126]LogModuleManager: Shutting down and abandoning module MessageLog (199)
[2018.08.03-14.16.09:044][126]LogModuleManager: Shutting down and abandoning module SlateReflector (194)
[2018.08.03-14.16.09:044][126]LogModuleManager: Shutting down and abandoning module Slate (192)
[2018.08.03-14.16.09:044][126]LogModuleManager: Shutting down and abandoning module EditorStyle (190)
[2018.08.03-14.16.09:048][126]LogModuleManager: Shutting down and abandoning module MRMesh (188)
[2018.08.03-14.16.09:048][126]LogModuleManager: Shutting down and abandoning module SourceCodeAccess (186)
[2018.08.03-14.16.09:048][126]LogModuleManager: Shutting down and abandoning module HeadMountedDisplay (184)
[2018.08.03-14.16.09:048][126]LogModuleManager: Shutting down and abandoning module XAudio2 (182)
[2018.08.03-14.16.09:048][126]LogModuleManager: Shutting down and abandoning module Networking (180)
[2018.08.03-14.16.09:049][126]LogModuleManager: Shutting down and abandoning module Core (178)
[2018.08.03-14.16.09:049][126]LogModuleManager: Shutting down and abandoning module LevelSequence (176)
[2018.08.03-14.16.09:049][126]LogModuleManager: Shutting down and abandoning module KismetCompiler (174)
[2018.08.03-14.16.09:049][126]LogModuleManager: Shutting down and abandoning module MeshUtilities (172)
[2018.08.03-14.16.09:049][126]LogModuleManager: Shutting down and abandoning module MeshMergeUtilities (171)
[2018.08.03-14.16.09:049][126]LogModuleManager: Shutting down and abandoning module MeshReductionInterface (170)
[2018.08.03-14.16.09:049][126]LogModuleManager: Shutting down and abandoning module SimplygonSwarm (169)
[2018.08.03-14.16.09:049][126]LogModuleManager: Shutting down and abandoning module SimplygonMeshReduction (167)
[2018.08.03-14.16.09:049][126]LogModuleManager: Shutting down and abandoning module QuadricMeshReduction (165)
[2018.08.03-14.16.09:049][126]LogModuleManager: Shutting down and abandoning module MaterialBaking (161)
[2018.08.03-14.16.09:049][126]LogModuleManager: Shutting down and abandoning module DirectoryWatcher (157)
[2018.08.03-14.16.09:050][126]LogModuleManager: Shutting down and abandoning module DerivedDataCache (154)
[2018.08.03-14.16.09:065][126]LogDerivedDataCache: Shutdown
[2018.08.03-14.16.09:065][126]LogModuleManager: Shutting down and abandoning module XGEController (152)
[2018.08.03-14.16.09:066][126]LogXGEController: Cleaning working directory: C:/Users/Konrad/AppData/Local/Temp/UnrealXGEWorkingDir/
[2018.08.03-14.16.09:066][126]LogModuleManager: Shutting down and abandoning module TargetPlatform (150)
[2018.08.03-14.16.09:066][126]LogModuleManager: Shutting down and abandoning module VulkanShaderFormat (149)
[2018.08.03-14.16.09:066][126]LogModuleManager: Shutting down and abandoning module ShaderFormatVectorVM (147)
[2018.08.03-14.16.09:066][126]LogModuleManager: Shutting down and abandoning module ShaderFormatOpenGL (145)
[2018.08.03-14.16.09:066][126]LogModuleManager: Shutting down and abandoning module ShaderFormatD3D (143)
[2018.08.03-14.16.09:066][126]LogModuleManager: Shutting down and abandoning module MetalShaderFormat (141)
[2018.08.03-14.16.09:067][126]LogModuleManager: Shutting down and abandoning module TextureFormatUncompressed (139)
[2018.08.03-14.16.09:067][126]LogModuleManager: Shutting down and abandoning module TextureFormatPVR (137)
[2018.08.03-14.16.09:067][126]LogModuleManager: Shutting down and abandoning module TextureFormatDXT (135)
[2018.08.03-14.16.09:067][126]LogModuleManager: Shutting down and abandoning module TextureFormatIntelISPCTexComp (133)
[2018.08.03-14.16.09:067][126]LogModuleManager: Shutting down and abandoning module TextureFormatASTC (131)
[2018.08.03-14.16.09:067][126]LogModuleManager: Shutting down and abandoning module ImageWrapper (130)
[2018.08.03-14.16.09:067][126]LogModuleManager: Shutting down and abandoning module TextureFormatAndroid (127)
[2018.08.03-14.16.09:067][126]LogModuleManager: Shutting down and abandoning module AudioFormatOpus (125)
[2018.08.03-14.16.09:067][126]LogModuleManager: Shutting down and abandoning module AudioFormatOgg (123)
[2018.08.03-14.16.09:067][126]LogModuleManager: Shutting down and abandoning module AudioFormatADPCM (121)
[2018.08.03-14.16.09:067][126]LogModuleManager: Shutting down and abandoning module LinuxTargetPlatform (119)
[2018.08.03-14.16.09:067][126]LogModuleManager: Shutting down and abandoning module LinuxServerTargetPlatform (117)
[2018.08.03-14.16.09:067][126]LogModuleManager: Shutting down and abandoning module LinuxNoEditorTargetPlatform (115)
[2018.08.03-14.16.09:067][126]LogModuleManager: Shutting down and abandoning module LinuxClientTargetPlatform (113)
[2018.08.03-14.16.09:067][126]LogModuleManager: Shutting down and abandoning module TVOSTargetPlatform (111)
[2018.08.03-14.16.09:068][126]LogModuleManager: Shutting down and abandoning module Messaging (109)
[2018.08.03-14.16.09:068][126]LogModuleManager: Shutting down and abandoning module IOSTargetPlatform (107)
[2018.08.03-14.16.09:068][126]LogModuleManager: Shutting down and abandoning module HTML5TargetPlatform (105)
[2018.08.03-14.16.09:068][126]LogModuleManager: Shutting down and abandoning module AndroidTargetPlatform (103)
[2018.08.03-14.16.09:068][126]LogModuleManager: Shutting down and abandoning module Android_PVRTCTargetPlatform (101)
[2018.08.03-14.16.09:068][126]LogModuleManager: Shutting down and abandoning module Android_MultiTargetPlatform (99)
[2018.08.03-14.16.09:068][126]LogModuleManager: Shutting down and abandoning module Android_ETC2TargetPlatform (97)
[2018.08.03-14.16.09:068][126]LogModuleManager: Shutting down and abandoning module Android_ETC1TargetPlatform (95)
[2018.08.03-14.16.09:068][126]LogModuleManager: Shutting down and abandoning module Android_ETC1aTargetPlatform (93)
[2018.08.03-14.16.09:068][126]LogModuleManager: Shutting down and abandoning module Android_DXTTargetPlatform (91)
[2018.08.03-14.16.09:068][126]LogModuleManager: Shutting down and abandoning module Android_ATCTargetPlatform (89)
[2018.08.03-14.16.09:068][126]LogModuleManager: Shutting down and abandoning module Android_ASTCTargetPlatform (87)
[2018.08.03-14.16.09:068][126]LogModuleManager: Shutting down and abandoning module WindowsTargetPlatform (85)
[2018.08.03-14.16.09:068][126]LogModuleManager: Shutting down and abandoning module WindowsServerTargetPlatform (83)
[2018.08.03-14.16.09:068][126]LogModuleManager: Shutting down and abandoning module WindowsNoEditorTargetPlatform (81)
[2018.08.03-14.16.09:068][126]LogModuleManager: Shutting down and abandoning module WindowsClientTargetPlatform (79)
[2018.08.03-14.16.09:068][126]LogModuleManager: Shutting down and abandoning module MacTargetPlatform (77)
[2018.08.03-14.16.09:068][126]LogModuleManager: Shutting down and abandoning module MacServerTargetPlatform (75)
[2018.08.03-14.16.09:068][126]LogModuleManager: Shutting down and abandoning module MacNoEditorTargetPlatform (73)
[2018.08.03-14.16.09:068][126]LogModuleManager: Shutting down and abandoning module MacClientTargetPlatform (71)
[2018.08.03-14.16.09:069][126]LogModuleManager: Shutting down and abandoning module AllDesktopTargetPlatform (69)
[2018.08.03-14.16.09:069][126]LogModuleManager: Shutting down and abandoning module InputCore (66)
[2018.08.03-14.16.09:069][126]LogModuleManager: Shutting down and abandoning module Settings (64)
[2018.08.03-14.16.09:069][126]LogModuleManager: Shutting down and abandoning module PhysXCooking (62)
[2018.08.03-14.16.09:069][126]LogModuleManager: Shutting down and abandoning module SteamVR (60)
[2018.08.03-14.16.09:069][126]LogModuleManager: Shutting down and abandoning module OculusHMD (58)
[2018.08.03-14.16.09:069][126]LogModuleManager: Shutting down and abandoning module ExampleDeviceProfileSelector (56)
[2018.08.03-14.16.09:069][126]LogModuleManager: Shutting down and abandoning module AppleARKit (54)
[2018.08.03-14.16.09:069][126]LogModuleManager: Shutting down and abandoning module AugmentedReality (51)
[2018.08.03-14.16.09:069][126]LogModuleManager: Shutting down and abandoning module OnlineBlueprintSupport (48)
[2018.08.03-14.16.09:069][126]LogModuleManager: Shutting down and abandoning module OnlineSubsystem (44)
[2018.08.03-14.16.09:069][126]LogModuleManager: Shutting down and abandoning module XMPP (43)
[2018.08.03-14.16.09:069][126]LogModuleManager: Shutting down and abandoning module HTTP (41)
[2018.08.03-14.16.09:070][126]LogHttp: Display: Http module shutting down, but needs to wait on 1 outstanding Http requests:
[2018.08.03-14.16.09:070][126]LogHttp: Display: 	verb=[POST] url=[https://datarouter.ol.epicgames.com/datarouter/api/v1/public/data?SessionID=%7B566FBDDB-4D46-6554-24C8-15B74860DD7B%7D&AppID=UEEditor.Rocket.Release&AppVersion=4.19.2-4033788%2B%2B%2BUE4%2BRelease-4.19&UserID=9c80b6b14c6da758c77cb59e4d6e2229%7C1ac39d8239524608914f58de93969ce5%7Ce7a5f472-363b-4dae-baaa-7358d3c8fa10&AppEnvironment=datacollector-binary&UploadType=eteventstream] status=Processing
[2018.08.03-14.16.09:089][126]LogModuleManager: Shutting down and abandoning module SSL (40)
[2018.08.03-14.16.09:092][126]LogModuleManager: Shutting down and abandoning module AnimationModifiers (36)
[2018.08.03-14.16.09:092][126]LogModuleManager: Shutting down and abandoning module PropertyEditor (35)
[2018.08.03-14.16.09:092][126]LogModuleManager: Shutting down and abandoning module AudioEditor (32)
[2018.08.03-14.16.09:092][126]LogModuleManager: Shutting down and abandoning module TextureCompressor (30)
[2018.08.03-14.16.09:093][126]LogModuleManager: Shutting down and abandoning module ShaderCore (28)
[2018.08.03-14.16.09:093][126]LogModuleManager: Shutting down and abandoning module Landscape (26)
[2018.08.03-14.16.09:093][126]LogModuleManager: Shutting down and abandoning module SlateRHIRenderer (24)
[2018.08.03-14.16.09:094][126]LogModuleManager: Shutting down and abandoning module OpenGLDrv (22)
[2018.08.03-14.16.09:094][126]LogModuleManager: Shutting down and abandoning module D3D11RHI (20)
[2018.08.03-14.16.09:094][126]LogModuleManager: Shutting down and abandoning module AnimGraphRuntime (18)
[2018.08.03-14.16.09:094][126]LogModuleManager: Shutting down and abandoning module Renderer (16)
[2018.08.03-14.16.09:094][126]LogModuleManager: Shutting down and abandoning module Engine (14)
[2018.08.03-14.16.09:094][126]LogModuleManager: Shutting down and abandoning module CoreUObject (12)
[2018.08.03-14.16.09:094][126]LogModuleManager: Shutting down and abandoning module NetworkFile (10)
[2018.08.03-14.16.09:094][126]LogModuleManager: Shutting down and abandoning module CookedIterativeFile (8)
[2018.08.03-14.16.09:094][126]LogModuleManager: Shutting down and abandoning module StreamingFile (6)
[2018.08.03-14.16.09:094][126]LogModuleManager: Shutting down and abandoning module SandboxFile (4)
[2018.08.03-14.16.09:094][126]LogModuleManager: Shutting down and abandoning module PakFile (2)
[2018.08.03-14.16.09:111][126]LogExit: Exiting.
[2018.08.03-14.16.09:140][126]Log file closed, 08/03/18 10:16:09
