Log file open, 08/01/18 20:34:18
LogWindows: Failed to load 'aqProf.dll' (GetLastError=126)
LogWindows: File 'aqProf.dll' does not exist
LogWindows: Failed to load 'VtuneApi.dll' (GetLastError=126)
LogWindows: File 'VtuneApi.dll' does not exist
LogWindows: Failed to load 'VtuneApi32e.dll' (GetLastError=126)
LogWindows: File 'VtuneApi32e.dll' does not exist
LogInit: Display: Running engine for game: NetworkBoids
LogPlatformFile: Not using cached read wrapper
LogInit: Display: RandInit(1575030309) SRandInit(1575030309).
LogInit: Read version file with build ID '3709383'
LogInit: Overriding engine version to CL 3832480, compatible CL 3709383
LogInit: Registered custom module enumerator with build ID '3709383'
LogTaskGraph: Started task graph with 5 named threads and 14 total threads with 3 sets of task threads.
LogStats: Stats thread started at 0.600775
LogD3D11RHI: Aftermath initialized
LogPluginManager: Mounting plugin Paper2D
LogPluginManager: Mounting plugin LightPropagationVolume
LogPluginManager: Mounting plugin CodeLiteSourceCodeAccess
LogPluginManager: Mounting plugin GitSourceControl
LogPluginManager: Mounting plugin KDevelopSourceCodeAccess
LogPluginManager: Mounting plugin NullSourceCodeAccess
LogPluginManager: Mounting plugin PerforceSourceControl
LogPluginManager: Mounting plugin SubversionSourceControl
LogPluginManager: Mounting plugin UObjectPlugin
LogPluginManager: Mounting plugin VisualStudioCodeSourceCodeAccess
LogPluginManager: Mounting plugin VisualStudioSourceCodeAccess
LogPluginManager: Mounting plugin XCodeSourceCodeAccess
LogPluginManager: Mounting plugin AssetManagerEditor
LogPluginManager: Mounting plugin AudioCapture
LogPluginManager: Mounting plugin FacialAnimation
LogPluginManager: Mounting plugin GameplayTagsEditor
LogPluginManager: Mounting plugin MobileLauncherProfileWizard
LogPluginManager: Mounting plugin PluginBrowser
LogPluginManager: Mounting plugin SpeedTreeImporter
LogPluginManager: Mounting plugin AlembicImporter
LogPluginManager: Mounting plugin CharacterAI
LogPluginManager: Mounting plugin HTML5Networking
LogPluginManager: Mounting plugin AndroidMedia
LogPluginManager: Mounting plugin AvfMedia
LogPluginManager: Mounting plugin ImgMedia
LogPluginManager: Mounting plugin MediaCompositing
LogPluginManager: Mounting plugin MediaPlayerEditor
LogPluginManager: Mounting plugin WmfMedia
LogPluginManager: Mounting plugin TcpMessaging
LogPluginManager: Mounting plugin UdpMessaging
LogPluginManager: Mounting plugin ActorSequence
LogPluginManager: Mounting plugin LevelSequenceEditor
LogPluginManager: Mounting plugin MatineeToLevelSequence
LogPluginManager: Mounting plugin OnlineSubsystemGooglePlay
LogPluginManager: Mounting plugin OnlineSubsystemIOS
LogPluginManager: Mounting plugin OnlineSubsystem
LogPluginManager: Mounting plugin OnlineSubsystemNull
LogPluginManager: Mounting plugin OnlineSubsystemUtils
LogPluginManager: Mounting plugin AndroidDeviceProfileSelector
LogPluginManager: Mounting plugin AndroidMoviePlayer
LogPluginManager: Mounting plugin AndroidPermission
LogPluginManager: Mounting plugin AppleARKit
LogPluginManager: Mounting plugin AppleMoviePlayer
LogPluginManager: Mounting plugin ArchVisCharacter
LogPluginManager: Mounting plugin CableComponent
LogPluginManager: Mounting plugin CustomMeshComponent
LogPluginManager: Mounting plugin ExampleDeviceProfileSelector
LogPluginManager: Mounting plugin GoogleCloudMessaging
LogPluginManager: Mounting plugin ImmediatePhysics
LogPluginManager: Mounting plugin IOSDeviceProfileSelector
LogPluginManager: Mounting plugin LinuxDeviceProfileSelector
LogPluginManager: Mounting plugin LocationServicesBPLibrary
LogPluginManager: Mounting plugin MobilePatchingUtils
LogPluginManager: Mounting plugin OculusVR
LogPluginManager: Plugin shader directory ../../../Engine/Plugins/Runtime/Oculus/OculusVR/Shaders found
LogPluginManager: Mapping shader source directory ../../../Engine/Plugins/Runtime/Oculus/OculusVR/Shaders to virtual directory /Plugin/OculusVR
LogPluginManager: Mounting plugin PhysXVehicles
LogPluginManager: Mounting plugin ProceduralMeshComponent
LogPluginManager: Mounting plugin RuntimePhysXCooking
LogPluginManager: Mounting plugin SteamVR
LogPluginManager: Mounting plugin WindowsMoviePlayer
LogModuleManager: Display: Found up-to-date module file ../../../../../../Users/Konrad/Documents/Unreal Projects/FlockingUE4-simplified/Binaries/Win64/UE4Editor-NetworkBoids-1944.dll (API version 3709383).
LogModuleManager: Display: Found up-to-date module file ../../../Engine/Plugins/2D/Paper2D/Binaries/Win64/UE4Editor-Paper2D.dll (API version 3709383).
LogModuleManager: Display: Found up-to-date module file ../../../Engine/Plugins/2D/Paper2D/Binaries/Win64/UE4Editor-Paper2DEditor.dll (API version 3709383).
LogModuleManager: Display: Found up-to-date module file ../../../Engine/Plugins/2D/Paper2D/Binaries/Win64/UE4Editor-PaperSpriteSheetImporter.dll (API version 3709383).
LogModuleManager: Display: Found up-to-date module file ../../../Engine/Plugins/2D/Paper2D/Binaries/Win64/UE4Editor-PaperTiledImporter.dll (API version 3709383).
LogModuleManager: Display: Found up-to-date module file ../../../Engine/Plugins/2D/Paper2D/Binaries/Win64/UE4Editor-SmartSnapping.dll (API version 3709383).
LogModuleManager: Display: Found up-to-date module file ../../../Engine/Plugins/Blendables/LightPropagationVolume/Binaries/Win64/UE4Editor-LightPropagationVolumeRuntime.dll (API version 3709383).
LogModuleManager: Display: Found up-to-date module file ../../../Engine/Plugins/Blendables/LightPropagationVolume/Binaries/Win64/UE4Editor-LightPropagationVolumeEditor.dll (API version 3709383).
LogModuleManager: Display: Found up-to-date module file ../../../Engine/Plugins/Developer/GitSourceControl/Binaries/Win64/UE4Editor-GitSourceControl.dll (API version 3709383).
LogModuleManager: Display: Found up-to-date module file ../../../Engine/Plugins/Developer/PerforceSourceControl/Binaries/Win64/UE4Editor-PerforceSourceControl.dll (API version 3709383).
LogModuleManager: Display: Found up-to-date module file ../../../Engine/Plugins/Developer/SubversionSourceControl/Binaries/Win64/UE4Editor-SubversionSourceControl.dll (API version 3709383).
LogModuleManager: Display: Found up-to-date module file ../../../Engine/Plugins/Developer/UObjectPlugin/Binaries/Win64/UE4Editor-UObjectPlugin.dll (API version 3709383).
LogModuleManager: Display: Found up-to-date module file ../../../Engine/Plugins/Developer/VisualStudioCodeSourceCodeAccess/Binaries/Win64/UE4Editor-VisualStudioCodeSourceCodeAccess.dll (API version 3709383).
LogModuleManager: Display: Found up-to-date module file ../../../Engine/Plugins/Developer/VisualStudioSourceCodeAccess/Binaries/Win64/UE4Editor-VisualStudioSourceCodeAccess.dll (API version 3709383).
LogModuleManager: Display: Found up-to-date module file ../../../Engine/Plugins/Editor/AssetManagerEditor/Binaries/Win64/UE4Editor-AssetManagerEditor.dll (API version 3709383).
LogModuleManager: Display: Found up-to-date module file ../../../Engine/Plugins/Editor/AudioCapture/Binaries/Win64/UE4Editor-AudioCapture.dll (API version 3709383).
LogModuleManager: Display: Found up-to-date module file ../../../Engine/Plugins/Editor/FacialAnimation/Binaries/Win64/UE4Editor-FacialAnimation.dll (API version 3709383).
LogModuleManager: Display: Found up-to-date module file ../../../Engine/Plugins/Editor/FacialAnimation/Binaries/Win64/UE4Editor-FacialAnimationEditor.dll (API version 3709383).
LogModuleManager: Display: Found up-to-date module file ../../../Engine/Plugins/Editor/GameplayTagsEditor/Binaries/Win64/UE4Editor-GameplayTagsEditor.dll (API version 3709383).
LogModuleManager: Display: Found up-to-date module file ../../../Engine/Plugins/Editor/MobileLauncherProfileWizard/Binaries/Win64/UE4Editor-MobileLauncherProfileWizard.dll (API version 3709383).
LogModuleManager: Display: Found up-to-date module file ../../../Engine/Plugins/Editor/PluginBrowser/Binaries/Win64/UE4Editor-PluginBrowser.dll (API version 3709383).
LogModuleManager: Display: Found up-to-date module file ../../../Engine/Plugins/Editor/SpeedTreeImporter/Binaries/Win64/UE4Editor-SpeedTreeImporter.dll (API version 3709383).
LogModuleManager: Display: Found up-to-date module file ../../../Engine/Plugins/Experimental/AlembicImporter/Binaries/Win64/UE4Editor-AlembicImporter.dll (API version 3709383).
LogModuleManager: Display: Found up-to-date module file ../../../Engine/Plugins/Experimental/AlembicImporter/Binaries/Win64/UE4Editor-AlembicLibrary.dll (API version 3709383).
LogModuleManager: Display: Found up-to-date module file ../../../Engine/Plugins/Experimental/CharacterAI/Binaries/Win64/UE4Editor-CharacterAI.dll (API version 3709383).
LogModuleManager: Display: Found up-to-date module file ../../../Engine/Plugins/Experimental/HTML5Networking/Binaries/Win64/UE4Editor-HTML5Networking.dll (API version 3709383).
LogModuleManager: Display: Found up-to-date module file ../../../Engine/Plugins/Media/AndroidMedia/Binaries/Win64/UE4Editor-AndroidMediaEditor.dll (API version 3709383).
LogModuleManager: Display: Found up-to-date module file ../../../Engine/Plugins/Media/AndroidMedia/Binaries/Win64/UE4Editor-AndroidMediaFactory.dll (API version 3709383).
LogModuleManager: Display: Found up-to-date module file ../../../Engine/Plugins/Media/AvfMedia/Binaries/Win64/UE4Editor-AvfMediaEditor.dll (API version 3709383).
LogModuleManager: Display: Found up-to-date module file ../../../Engine/Plugins/Media/AvfMedia/Binaries/Win64/UE4Editor-AvfMediaFactory.dll (API version 3709383).
LogModuleManager: Display: Found up-to-date module file ../../../Engine/Plugins/Media/AvfMedia/Binaries/Win64/UE4Editor-AvfMediaFactory.dll (API version 3709383).
LogModuleManager: Display: Found up-to-date module file ../../../Engine/Plugins/Media/ImgMedia/Binaries/Win64/UE4Editor-ImgMedia.dll (API version 3709383).
LogModuleManager: Display: Found up-to-date module file ../../../Engine/Plugins/Media/ImgMedia/Binaries/Win64/UE4Editor-ImgMediaEditor.dll (API version 3709383).
LogModuleManager: Display: Found up-to-date module file ../../../Engine/Plugins/Media/ImgMedia/Binaries/Win64/UE4Editor-ImgMediaFactory.dll (API version 3709383).
LogModuleManager: Display: Found up-to-date module file ../../../Engine/Plugins/Media/ImgMedia/Binaries/Win64/UE4Editor-ImgMediaFactory.dll (API version 3709383).
LogModuleManager: Display: Found up-to-date module file ../../../Engine/Plugins/Media/ImgMedia/Binaries/Win64/UE4Editor-OpenExrWrapper.dll (API version 3709383).
LogModuleManager: Display: Found up-to-date module file ../../../Engine/Plugins/Media/MediaCompositing/Binaries/Win64/UE4Editor-MediaCompositing.dll (API version 3709383).
LogModuleManager: Display: Found up-to-date module file ../../../Engine/Plugins/Media/MediaCompositing/Binaries/Win64/UE4Editor-MediaCompositingEditor.dll (API version 3709383).
LogModuleManager: Display: Found up-to-date module file ../../../Engine/Plugins/Media/MediaPlayerEditor/Binaries/Win64/UE4Editor-MediaPlayerEditor.dll (API version 3709383).
LogModuleManager: Display: Found up-to-date module file ../../../Engine/Plugins/Media/WmfMedia/Binaries/Win64/UE4Editor-WmfMedia.dll (API version 3709383).
LogModuleManager: Display: Found up-to-date module file ../../../Engine/Plugins/Media/WmfMedia/Binaries/Win64/UE4Editor-WmfMediaEditor.dll (API version 3709383).
LogModuleManager: Display: Found up-to-date module file ../../../Engine/Plugins/Media/WmfMedia/Binaries/Win64/UE4Editor-WmfMediaFactory.dll (API version 3709383).
LogModuleManager: Display: Found up-to-date module file ../../../Engine/Plugins/Media/WmfMedia/Binaries/Win64/UE4Editor-WmfMediaFactory.dll (API version 3709383).
LogModuleManager: Display: Found up-to-date module file ../../../Engine/Plugins/Messaging/TcpMessaging/Binaries/Win64/UE4Editor-TcpMessaging.dll (API version 3709383).
LogModuleManager: Display: Found up-to-date module file ../../../Engine/Plugins/Messaging/UdpMessaging/Binaries/Win64/UE4Editor-UdpMessaging.dll (API version 3709383).
LogModuleManager: Display: Found up-to-date module file ../../../Engine/Plugins/MovieScene/ActorSequence/Binaries/Win64/UE4Editor-ActorSequence.dll (API version 3709383).
LogModuleManager: Display: Found up-to-date module file ../../../Engine/Plugins/MovieScene/LevelSequenceEditor/Binaries/Win64/UE4Editor-LevelSequenceEditor.dll (API version 3709383).
LogModuleManager: Display: Found up-to-date module file ../../../Engine/Plugins/MovieScene/MatineeToLevelSequence/Binaries/Win64/UE4Editor-MatineeToLevelSequence.dll (API version 3709383).
LogModuleManager: Display: Found up-to-date module file ../../../Engine/Plugins/Online/OnlineSubsystem/Binaries/Win64/UE4Editor-OnlineSubsystem.dll (API version 3709383).
LogModuleManager: Display: Found up-to-date module file ../../../Engine/Plugins/Online/OnlineSubsystemNull/Binaries/Win64/UE4Editor-OnlineSubsystemNull.dll (API version 3709383).
LogModuleManager: Display: Found up-to-date module file ../../../Engine/Plugins/Online/OnlineSubsystemUtils/Binaries/Win64/UE4Editor-OnlineSubsystemUtils.dll (API version 3709383).
LogModuleManager: Display: Found up-to-date module file ../../../Engine/Plugins/Online/OnlineSubsystemUtils/Binaries/Win64/UE4Editor-OnlineBlueprintSupport.dll (API version 3709383).
LogModuleManager: Display: Found up-to-date module file ../../../Engine/Plugins/Runtime/AndroidDeviceProfileSelector/Binaries/Win64/UE4Editor-AndroidDeviceProfileSelector.dll (API version 3709383).
LogModuleManager: Display: Found up-to-date module file ../../../Engine/Plugins/Runtime/AndroidPermission/Binaries/Win64/UE4Editor-AndroidPermission.dll (API version 3709383).
LogModuleManager: Display: Found up-to-date module file ../../../Engine/Plugins/Runtime/AppleARKit/Binaries/Win64/UE4Editor-AppleARKit.dll (API version 3709383).
LogModuleManager: Display: Found up-to-date module file ../../../Engine/Plugins/Runtime/ArchVisCharacter/Binaries/Win64/UE4Editor-ArchVisCharacter.dll (API version 3709383).
LogModuleManager: Display: Found up-to-date module file ../../../Engine/Plugins/Runtime/CableComponent/Binaries/Win64/UE4Editor-CableComponent.dll (API version 3709383).
LogModuleManager: Display: Found up-to-date module file ../../../Engine/Plugins/Runtime/CustomMeshComponent/Binaries/Win64/UE4Editor-CustomMeshComponent.dll (API version 3709383).
LogModuleManager: Display: Found up-to-date module file ../../../Engine/Plugins/Runtime/ExampleDeviceProfileSelector/Binaries/Win64/UE4Editor-ExampleDeviceProfileSelector.dll (API version 3709383).
LogModuleManager: Display: Found up-to-date module file ../../../Engine/Plugins/Runtime/ImmediatePhysics/Binaries/Win64/UE4Editor-ImmediatePhysics.dll (API version 3709383).
LogModuleManager: Display: Found up-to-date module file ../../../Engine/Plugins/Runtime/ImmediatePhysics/Binaries/Win64/UE4Editor-ImmediatePhysicsEditor.dll (API version 3709383).
LogModuleManager: Display: Found up-to-date module file ../../../Engine/Plugins/Runtime/LocationServicesBPLibrary/Binaries/Win64/UE4Editor-LocationServicesBPLibrary.dll (API version 3709383).
LogModuleManager: Display: Found up-to-date module file ../../../Engine/Plugins/Runtime/MobilePatchingUtils/Binaries/Win64/UE4Editor-MobilePatchingUtils.dll (API version 3709383).
LogModuleManager: Display: Found up-to-date module file ../../../Engine/Plugins/Runtime/Oculus/OculusVR/Binaries/Win64/UE4Editor-OculusHMD.dll (API version 3709383).
LogModuleManager: Display: Found up-to-date module file ../../../Engine/Plugins/Runtime/Oculus/OculusVR/Binaries/Win64/UE4Editor-OculusInput.dll (API version 3709383).
LogModuleManager: Display: Found up-to-date module file ../../../Engine/Plugins/Runtime/Oculus/OculusVR/Binaries/Win64/UE4Editor-OculusEditor.dll (API version 3709383).
LogModuleManager: Display: Found up-to-date module file ../../../Engine/Plugins/Runtime/PhysXVehicles/Binaries/Win64/UE4Editor-PhysXVehicles.dll (API version 3709383).
LogModuleManager: Display: Found up-to-date module file ../../../Engine/Plugins/Runtime/PhysXVehicles/Binaries/Win64/UE4Editor-PhysXVehiclesEditor.dll (API version 3709383).
LogModuleManager: Display: Found up-to-date module file ../../../Engine/Plugins/Runtime/ProceduralMeshComponent/Binaries/Win64/UE4Editor-ProceduralMeshComponent.dll (API version 3709383).
LogModuleManager: Display: Found up-to-date module file ../../../Engine/Plugins/Runtime/ProceduralMeshComponent/Binaries/Win64/UE4Editor-ProceduralMeshComponentEditor.dll (API version 3709383).
LogModuleManager: Display: Found up-to-date module file ../../../Engine/Plugins/Runtime/RuntimePhysXCooking/Binaries/Win64/UE4Editor-RuntimePhysXCooking.dll (API version 3709383).
LogModuleManager: Display: Found up-to-date module file ../../../Engine/Plugins/Runtime/Steam/SteamVR/Binaries/Win64/UE4Editor-SteamVR.dll (API version 3709383).
LogModuleManager: Display: Found up-to-date module file ../../../Engine/Plugins/Runtime/Steam/SteamVR/Binaries/Win64/UE4Editor-SteamVRController.dll (API version 3709383).
LogModuleManager: Display: Found up-to-date module file ../../../Engine/Plugins/Runtime/WindowsMoviePlayer/Binaries/Win64/UE4Editor-WindowsMoviePlayer.dll (API version 3709383).
LogInit: Using libcurl 7.47.1
LogInit:  - built for x86_64-pc-win32
LogInit:  - supports SSL with OpenSSL/1.0.2g
LogInit:  - supports HTTP deflate (compression) using libz 1.2.8
LogInit:  - other features:
LogInit:      CURL_VERSION_SSL
LogInit:      CURL_VERSION_LIBZ
LogInit:      CURL_VERSION_IPV6
LogInit:      CURL_VERSION_ASYNCHDNS
LogInit:      CURL_VERSION_LARGEFILE
LogInit:      CURL_VERSION_IDN
LogInit:  CurlRequestOptions (configurable via config and command line):
LogInit:  - bVerifyPeer = false  - Libcurl will NOT verify peer certificate
LogInit:  - bUseHttpProxy = false  - Libcurl will NOT use HTTP proxy
LogInit:  - bDontReuseConnections = false  - Libcurl will reuse connections
LogInit:  - CertBundlePath = nullptr  - Libcurl will use whatever was configured at build time.
LogInit: Build: ++UE4+Release-4.18-CL-3832480
LogInit: Engine Version: 4.18.3-3832480+++UE4+Release-4.18
LogInit: Compatible Engine Version: 4.18.0-3709383+++UE4+Release-4.18
LogInit: Net CL: 3709383
LogDevObjectVersion: Number of dev versions registered: 16
LogDevObjectVersion:   Dev-Blueprints (B0D832E4-1F89-4F0D-ACCF-7EB736FD4AA2): 10
LogDevObjectVersion:   Dev-Build (E1C64328-A22C-4D53-A36C-8E866417BD8C): 0
LogDevObjectVersion:   Dev-Core (375EC13C-06E4-48FB-B500-84F0262A717E): 2
LogDevObjectVersion:   Dev-Editor (E4B068ED-F494-42E9-A231-DA0B2E46BB41): 20
LogDevObjectVersion:   Dev-Framework (CFFC743F-43B0-4480-9391-14DF171D2073): 30
LogDevObjectVersion:   Dev-Mobile (B02B49B5-BB20-44E9-A304-32B752E40360): 0
LogDevObjectVersion:   Dev-Networking (A4E4105C-59A1-49B5-A7C5-40C4547EDFEE): 0
LogDevObjectVersion:   Dev-Online (39C831C9-5AE6-47DC-9A44-9C173E1C8E7C): 0
LogDevObjectVersion:   Dev-Physics (78F01B33-EBEA-4F98-B9B4-84EACCB95AA2): 0
LogDevObjectVersion:   Dev-Platform (6631380F-2D4D-43E0-8009-CF276956A95A): 0
LogDevObjectVersion:   Dev-Rendering (12F88B9F-8875-4AFC-A67C-D90C383ABD29): 20
LogDevObjectVersion:   Dev-Sequencer (7B5AE74C-D270-4C10-A958-57980B212A5A): 4
LogDevObjectVersion:   Dev-VR (D7296918-1DD6-4BDD-9DE2-64A83CC13884): 0
LogDevObjectVersion:   Dev-LoadTimes (C2A15278-BFE7-4AFE-6C17-90FF531DF755): 1
LogDevObjectVersion:   Private-Geometry (6EACA3D4-40EC-4CC1-B786-8BED09428FC5): 1
LogDevObjectVersion:   Dev-AnimPhys (29E575DD-E0A3-4627-9D10-D276232CDCEA): 12
LogInit: Compiled (64-bit): Jan 12 2018 02:04:55
LogInit: Compiled with Visual C++: 19.00.24215.01
LogInit: Build Configuration: Development
LogInit: Branch Name: ++UE4+Release-4.18
LogInit: Command line:  
LogInit: Base directory: C:/Program Files/Epic Games/UE_4.18/Engine/Binaries/Win64/
LogInit: Installed Engine Build: 1
LogInit: Presizing for max 8388607 objects, including 0 objects not considered by GC, pre-allocating 0 bytes for permanent pool.
LogInit: Object subsystem initialized
[2018.08.02-00.34.20:761][  0]LogInit: Selected Device Profile: [Windows]
[2018.08.02-00.34.20:761][  0]LogInit: Applying CVar settings loaded from the selected device profile: [Windows]
[2018.08.02-00.34.20:816][  0]LogInit: Computer: DELL-XPS-15
[2018.08.02-00.34.20:816][  0]LogInit: User: Konrad
[2018.08.02-00.34.20:816][  0]LogInit: CPU Page size=4096, Cores=4
[2018.08.02-00.34.20:817][  0]LogInit: High frequency timer resolution =2.742189 MHz
[2018.08.02-00.34.20:817][  0]LogMemory: Memory total: Physical=31.9GB (32GB approx)
[2018.08.02-00.34.20:817][  0]LogMemory: Platform Memory Stats for Windows
[2018.08.02-00.34.20:817][  0]LogMemory: Process Physical Memory: 273.19 MB used, 273.19 MB peak
[2018.08.02-00.34.20:817][  0]LogMemory: Process Virtual Memory: 271.61 MB used, 271.61 MB peak
[2018.08.02-00.34.20:817][  0]LogMemory: Physical Memory: 5609.93 MB used,  27010.01 MB free, 32619.94 MB total
[2018.08.02-00.34.20:817][  0]LogMemory: Virtual Memory: 646.41 MB used,  27010.01 MB free, 134217728.00 MB total
[2018.08.02-00.34.21:852][  0]LogInit: Using OS detected language (en-US).
[2018.08.02-00.34.21:852][  0]LogInit: Using OS detected locale (en-US).
[2018.08.02-00.34.21:904][  0]LogTextLocalizationManager: No specific localization for 'en-US' exists, so the 'en' localization will be used.
[2018.08.02-00.34.22:358][  0]LogInit: Setting process to per monitor DPI aware
[2018.08.02-00.34.24:393][  0]LogD3D11RHI: D3D11 adapters:
[2018.08.02-00.34.24:425][  0]LogD3D11RHI:    0. 'Radeon RX 580 Series' (Feature Level 11_0)
[2018.08.02-00.34.24:425][  0]LogD3D11RHI:       8137/0/16309 MB DedicatedVideo/DedicatedSystem/SharedSystem, Outputs:1, VendorId:0x1002
[2018.08.02-00.34.24:450][  0]LogD3D11RHI:    1. 'Intel(R) HD Graphics 630' (Feature Level 11_0)
[2018.08.02-00.34.24:450][  0]LogD3D11RHI:       128/0/16309 MB DedicatedVideo/DedicatedSystem/SharedSystem, Outputs:0, VendorId:0x8086
[2018.08.02-00.34.25:357][  0]LogD3D11RHI:    2. 'NVIDIA GeForce GTX 1050' (Feature Level 11_0)
[2018.08.02-00.34.25:357][  0]LogD3D11RHI:       4021/0/16309 MB DedicatedVideo/DedicatedSystem/SharedSystem, Outputs:0, VendorId:0x10de
[2018.08.02-00.34.25:359][  0]LogD3D11RHI:    3. 'Microsoft Basic Render Driver' (Feature Level 11_0)
[2018.08.02-00.34.25:359][  0]LogD3D11RHI:       0/0/16309 MB DedicatedVideo/DedicatedSystem/SharedSystem, Outputs:0, VendorId:0x1414
[2018.08.02-00.34.25:359][  0]LogD3D11RHI: Chosen D3D11 Adapter: 0
[2018.08.02-00.34.25:369][  0]LogD3D11RHI: Creating new Direct3DDevice
[2018.08.02-00.34.25:369][  0]LogD3D11RHI:     GPU DeviceId: 0x67df (for the marketing name, search the web for "GPU Device Id")
[2018.08.02-00.34.25:369][  0]LogWindows: EnumDisplayDevices:
[2018.08.02-00.34.25:370][  0]LogWindows:    0. 'Intel(R) HD Graphics 630' (P:0 D:0)
[2018.08.02-00.34.25:370][  0]LogWindows:    1. 'Intel(R) HD Graphics 630' (P:0 D:0)
[2018.08.02-00.34.25:370][  0]LogWindows:    2. 'Intel(R) HD Graphics 630' (P:0 D:0)
[2018.08.02-00.34.25:370][  0]LogWindows:    3. 'Radeon RX 580 Series' (P:1 D:1)
[2018.08.02-00.34.25:371][  0]LogWindows:    4. 'Radeon RX 580 Series' (P:0 D:0)
[2018.08.02-00.34.25:371][  0]LogWindows:    5. 'Radeon RX 580 Series' (P:0 D:0)
[2018.08.02-00.34.25:371][  0]LogWindows:    6. 'Radeon RX 580 Series' (P:0 D:0)
[2018.08.02-00.34.25:372][  0]LogWindows:    7. 'Radeon RX 580 Series' (P:0 D:0)
[2018.08.02-00.34.25:372][  0]LogWindows:    8. 'Radeon RX 580 Series' (P:0 D:0)
[2018.08.02-00.34.25:372][  0]LogWindows:    9. 'Radeon RX 580 Series' (P:0 D:0)
[2018.08.02-00.34.25:373][  0]LogWindows:    10. 'Radeon RX 580 Series' (P:0 D:0)
[2018.08.02-00.34.25:373][  0]LogWindows:    11. 'Radeon RX 580 Series' (P:0 D:0)
[2018.08.02-00.34.25:373][  0]LogWindows:    12. 'Radeon RX 580 Series' (P:0 D:0)
[2018.08.02-00.34.25:374][  0]LogWindows:    13. 'Radeon RX 580 Series' (P:0 D:0)
[2018.08.02-00.34.25:374][  0]LogWindows:    14. 'Radeon RX 580 Series' (P:0 D:0)
[2018.08.02-00.34.25:374][  0]LogWindows:    15. 'Radeon RX 580 Series' (P:0 D:0)
[2018.08.02-00.34.25:374][  0]LogWindows:    16. 'Radeon RX 580 Series' (P:0 D:0)
[2018.08.02-00.34.25:375][  0]LogWindows:    17. 'Radeon RX 580 Series' (P:0 D:0)
[2018.08.02-00.34.25:375][  0]LogWindows:    18. 'Radeon RX 580 Series' (P:0 D:0)
[2018.08.02-00.34.25:375][  0]LogWindows: DebugString: PrimaryIsNotTheChoosenAdapter PrimaryIsNotTheChoosenAdapter PrimaryIsNotTheChoosenAdapter FoundDriverCount:16 
[2018.08.02-00.34.25:375][  0]LogD3D11RHI:     Adapter Name: Radeon RX 580 Series
[2018.08.02-00.34.25:375][  0]LogD3D11RHI:   Driver Version: Adrenalin 18.5.1 (internal:24.20.11016.4, unified:24.20.11016.4)
[2018.08.02-00.34.25:375][  0]LogD3D11RHI:      Driver Date: 5-16-2018
[2018.08.02-00.34.25:375][  0]LogRHI: Texture pool is 5696 MB (70% of 8137 MB)
[2018.08.02-00.34.25:553][  0]LogD3D11RHI: Async texture creation enabled
[2018.08.02-00.34.25:577][  0]LogD3D11RHI: GPU Timing Frequency: 25.000000 (Debug: 2 1)
[2018.08.02-00.34.25:581][  0]LogShaderCompilers: Guid format shader working directory is -33 characters bigger than the processId version (../../../../../../Users/Konrad/Documents/Unreal Projects/FlockingUE4-simplified/Intermediate/Shaders/WorkingDirectory/11180/).
[2018.08.02-00.34.25:581][  0]LogShaderCompilers: Cleaned the shader compiler working directory 'C:/Users/Konrad/AppData/Local/Temp/UnrealShaderWorkingDir/42323BFD46619D5E316CC68C341367E0/'.
[2018.08.02-00.34.25:581][  0]LogShaderCompilers: Display: Using Local Shader Compiler.
[2018.08.02-00.34.27:399][  0]LogTemp: Display: Loaded TP AllDesktopTargetPlatform
[2018.08.02-00.34.27:456][  0]LogTemp: Display: Loaded TP MacClientTargetPlatform
[2018.08.02-00.34.27:513][  0]LogTemp: Display: Loaded TP MacNoEditorTargetPlatform
[2018.08.02-00.34.27:575][  0]LogTemp: Display: Loaded TP MacServerTargetPlatform
[2018.08.02-00.34.27:639][  0]LogTemp: Display: Loaded TP MacTargetPlatform
[2018.08.02-00.34.27:697][  0]LogTemp: Display: Loaded TP WindowsClientTargetPlatform
[2018.08.02-00.34.27:755][  0]LogTemp: Display: Loaded TP WindowsNoEditorTargetPlatform
[2018.08.02-00.34.27:812][  0]LogTemp: Display: Loaded TP WindowsServerTargetPlatform
[2018.08.02-00.34.27:864][  0]LogTemp: Display: Loaded TP WindowsTargetPlatform
[2018.08.02-00.34.27:924][  0]LogTemp: Display: Loaded TP Android_ASTCTargetPlatform
[2018.08.02-00.34.27:979][  0]LogTemp: Display: Loaded TP Android_ATCTargetPlatform
[2018.08.02-00.34.28:039][  0]LogTemp: Display: Loaded TP Android_DXTTargetPlatform
[2018.08.02-00.34.28:099][  0]LogTemp: Display: Loaded TP Android_ETC1TargetPlatform
[2018.08.02-00.34.28:160][  0]LogTemp: Display: Loaded TP Android_ETC2TargetPlatform
[2018.08.02-00.34.28:275][  0]LogTemp: Display: Loaded TP Android_MultiTargetPlatform
[2018.08.02-00.34.28:275][  0]LogTemp: Display: Loaded TP Android_PVRTCTargetPlatform
[2018.08.02-00.34.28:343][  0]LogTemp: Display: Loaded TP AndroidTargetPlatform
[2018.08.02-00.34.28:392][  0]LogTemp: Display: Loaded TP HTML5TargetPlatform
[2018.08.02-00.34.28:501][  0]LogTemp: Display: Loaded TP IOSTargetPlatform
[2018.08.02-00.34.28:532][  0]LogTemp: Display: Loaded TP TVOSTargetPlatform
[2018.08.02-00.34.28:590][  0]LogTemp: Display: Loaded TP LinuxClientTargetPlatform
[2018.08.02-00.34.28:666][  0]LogTemp: Display: Loaded TP LinuxNoEditorTargetPlatform
[2018.08.02-00.34.28:722][  0]LogTemp: Display: Loaded TP LinuxServerTargetPlatform
[2018.08.02-00.34.28:784][  0]LogTemp: Display: Loaded TP LinuxTargetPlatform
[2018.08.02-00.34.28:784][  0]LogTargetPlatformManager: Display: Building Assets For Windows
[2018.08.02-00.34.29:414][  0]LogDerivedDataCache: Display: Max Cache Size: 512 MB
[2018.08.02-00.34.29:675][  0]LogDerivedDataCache: Loaded boot cache 0.26s 78MB C:/Users/Konrad/AppData/Local/UnrealEngine/4.18/DerivedDataCache/Boot.ddc.
[2018.08.02-00.34.29:676][  0]LogDerivedDataCache: Display: Loaded Boot cache: C:/Users/Konrad/AppData/Local/UnrealEngine/4.18/DerivedDataCache/Boot.ddc
[2018.08.02-00.34.29:676][  0]LogDerivedDataCache: FDerivedDataBackendGraph:  Pak pak cache file ../../../../../../Users/Konrad/Documents/Unreal Projects/FlockingUE4-simplified/DerivedDataCache/DDC.ddp not found, will not use a pak cache.
[2018.08.02-00.34.29:676][  0]LogDerivedDataCache: Unable to find inner node Pak for hierarchical cache Hierarchy.
[2018.08.02-00.34.29:676][  0]LogDerivedDataCache: FDerivedDataBackendGraph:  CompressedPak pak cache file ../../../../../../Users/Konrad/Documents/Unreal Projects/FlockingUE4-simplified/DerivedDataCache/Compressed.ddp not found, will not use a pak cache.
[2018.08.02-00.34.29:676][  0]LogDerivedDataCache: Unable to find inner node CompressedPak for hierarchical cache Hierarchy.
[2018.08.02-00.34.29:701][  0]LogDerivedDataCache: Display: Pak cache opened for reading ../../../Engine/DerivedDataCache/Compressed.ddp.
[2018.08.02-00.34.29:714][  0]LogDerivedDataCache: Using Local data cache path C:/Users/Konrad/AppData/Local/UnrealEngine/Common/DerivedDataCache: Writable
[2018.08.02-00.34.29:728][  0]LogMaterial: Verifying Global Shaders for PCD3D_SM5
[2018.08.02-00.34.29:735][  0]LogSlate: Using Freetype 2.6.0
[2018.08.02-00.34.29:749][  0]LogSlate: SlateFontCache - WITH_FREETYPE: 1, WITH_HARFBUZZ: 1
[2018.08.02-00.34.29:750][  0]LogSlate: SlateFontCache - WITH_FREETYPE: 1, WITH_HARFBUZZ: 1
[2018.08.02-00.34.30:547][  0]LogInit: Selected Device Profile: [Windows]
[2018.08.02-00.34.31:159][  0]LogSimplygon: Simplygon DLL not present - disabling.
[2018.08.02-00.34.31:207][  0]LogMeshReduction: Using SimplygonSwarm for distributed automatic mesh merging
[2018.08.02-00.34.31:208][  0]LogMeshReduction: Using QuadricMeshReduction for automatic static mesh reduction
[2018.08.02-00.34.31:208][  0]LogMeshReduction: No automatic skeletal mesh reduction module available
[2018.08.02-00.34.31:208][  0]LogMeshReduction: No automatic mesh merging module available
[2018.08.02-00.34.31:208][  0]LogMeshMerging: No automatic mesh merging module available
[2018.08.02-00.34.31:284][  0]LogNetVersion: NetworkBoids , NetCL: 3709383, EngineNetVer: 2, GameNetVer: 0 (Checksum: 3817124668)
[2018.08.02-00.34.31:724][  0]LogAssetRegistry: FAssetRegistry took 0.0296 seconds to start up
[2018.08.02-00.34.32:890][  0]LogPackageLocalizationCache: Processed 7 localized package path(s) for 2 prioritized culture(s) in 0.103209 seconds
[2018.08.02-00.34.32:896][  0]LogUObjectArray: 35870 objects as part of root set at end of initial load.
[2018.08.02-00.34.32:896][  0]LogUObjectAllocator: 7363704 out of 0 bytes used by permanent object pool.
[2018.08.02-00.34.32:896][  0]LogUObjectArray: CloseDisregardForGC: 0/0 objects in disregard for GC pool
[2018.08.02-00.34.32:966][  0]LogInit: WinSock: version 1.1 (2.2), MaxSocks=32767, MaxUdp=65467
[2018.08.02-00.34.38:752][  0]LogTcpMessaging: Initializing TcpMessaging bridge
[2018.08.02-00.34.38:801][  0]LogUdpMessaging: Initializing bridge on interface 0.0.0.0:0 to multicast group 230.0.0.1:6666.
[2018.08.02-00.34.39:853][  0]LogMaterial: Uniform references updated for custom material expression Custom.
[2018.08.02-00.34.40:462][  0]SourceControl: Source control is disabled
[2018.08.02-00.34.40:462][  0]SourceControl: Source control is disabled
[2018.08.02-00.34.40:535][  0]SourceControl: Source control is disabled
[2018.08.02-00.34.40:599][  0]SourceControl: Source control is disabled
[2018.08.02-00.34.41:669][  0]LogAndroidPermission: UAndroidPermissionCallbackProxy::GetInstance
[2018.08.02-00.34.41:983][  0]LogOcInput: OculusInput pre-init called
[2018.08.02-00.34.42:344][  0]LogEngine: Initializing Engine...
[2018.08.02-00.34.42:349][  0]LogHMD: Failed to initialize OpenVR with code 110
[2018.08.02-00.34.42:744][  0]LogStats: UGameplayTagsManager::ConstructGameplayTagTree: Construct from data asset -  0.000 s
[2018.08.02-00.34.42:744][  0]LogStats: UGameplayTagsManager::ConstructGameplayTagTree: GameplayTagTreeChangedEvent.Broadcast -  0.000 s
[2018.08.02-00.34.42:918][  0]LogAIModule: Creating AISystem for world Untitled
[2018.08.02-00.34.42:945][  0]LogInit: XAudio2 using '3 - LED Cinema (AMD High Definition Audio Device)' : 2 channels at 48 kHz using 16 bits per sample (channel mask 0x3)
[2018.08.02-00.34.42:980][  0]LogInit: FAudioDevice initialized.
[2018.08.02-00.34.43:038][  0]LogDerivedDataCache: Saved boot cache 0.06s 78MB C:/Users/Konrad/AppData/Local/UnrealEngine/4.18/DerivedDataCache/Boot.ddc.
[2018.08.02-00.34.43:051][  0]LogInit: Texture streaming: Enabled
[2018.08.02-00.34.43:179][  0]LogEngineSessionManager: EngineSessionManager initialized
[2018.08.02-00.34.43:340][  0]LogInit: Transaction tracking system initialized
[2018.08.02-00.34.43:749][  0]BlueprintLog: New page: Editor Load
[2018.08.02-00.34.45:046][  0]LocalizationService: Localization service is disabled
[2018.08.02-00.34.46:014][  0]LogConsoleResponse: Display: 
[2018.08.02-00.34.46:564][  0]LogFileCache: Scanning file cache for directory 'C:/Users/Konrad/Documents/Unreal Projects/FlockingUE4-simplified/Content/' took 0.02s
[2018.08.02-00.34.46:564][  0]LogCook: Display: Max memory allowance for cook 16384mb min free memory 0mb
[2018.08.02-00.34.46:564][  0]LogCook: Display: Mobile HDR setting 1
[2018.08.02-00.34.46:564][  0]LogGameplayTags: Display: UGameplayTagsManager::DoneAddingNativeTags. DelegateIsBound: 0
[2018.08.02-00.34.48:138][  0]SourceControl: Source control is disabled
[2018.08.02-00.34.48:140][  0]Cmd: MAP LOAD FILE="../../../../../../Users/Konrad/Documents/Unreal Projects/FlockingUE4-simplified/Content/Scenes/BaseLevel.umap" TEMPLATE=0 SHOWPROGRESS=1 FEATURELEVEL=3
[2018.08.02-00.34.48:146][  0]LightingResults: New page: Lighting Build
[2018.08.02-00.34.48:200][  0]MapCheck: New page: Map Check
[2018.08.02-00.34.48:200][  0]LightingResults: New page: Lighting Build
[2018.08.02-00.34.48:395][  0]LogLinker: Warning: Can't find file '/Game/Blueprints/BPBoidsObstacle'
[2018.08.02-00.34.48:395][  0]LogLinker: Warning: Can't find file for asset '/Game/Blueprints/BPBoidsObstacle' while loading ../../../../../../Users/Konrad/Documents/Unreal Projects/FlockingUE4-simplified/Content/Blueprints/BPBoidsSpawner.uasset.
[2018.08.02-00.34.48:395][  0]LoadErrors: Error: /Game/Blueprints/BPBoidsSpawner : Can't find file for asset. /Game/Blueprints/BPBoidsObstacle
[2018.08.02-00.34.48:402][  0]LogLinker: Warning: Can't find file '/Game/Materials/TargetMat'
[2018.08.02-00.34.48:403][  0]LogLinker: Warning: Can't find file for asset '/Game/Materials/TargetMat' while loading ../../../../../../Users/Konrad/Documents/Unreal Projects/FlockingUE4-simplified/Content/BPBoidsTarget.uasset.
[2018.08.02-00.34.48:403][  0]LoadErrors: Error: /Game/BPBoidsTarget : Can't find file for asset. /Game/Materials/TargetMat
[2018.08.02-00.34.48:403][  0]LogLinker: Warning: Can't find file '/Game/Materials/TargetMat'
[2018.08.02-00.34.48:403][  0]LogLinker: Warning: Can't find file for asset '/Game/Materials/TargetMat' while loading ../../../../../../Users/Konrad/Documents/Unreal Projects/FlockingUE4-simplified/Content/BPBoidsTarget.uasset.
[2018.08.02-00.34.48:403][  0]LoadErrors: Error: /Game/BPBoidsTarget : Can't find file for asset. /Game/Materials/TargetMat
[2018.08.02-00.34.48:403][  0]LogLinker: Warning: CreateExport: Failed to load Parent for BlueprintGeneratedClass /Game/BPBoidsTarget.BPBoidsTarget_C
[2018.08.02-00.34.48:403][  0]LogLinker: Warning: CreateExport: Failed to load Parent for BlueprintGeneratedClass /Game/BPBoidsTarget.BPBoidsTarget_C
[2018.08.02-00.34.48:403][  0]LogLinker: Warning: CreateExport: Failed to load Parent for BlueprintGeneratedClass /Game/BPBoidsTarget.BPBoidsTarget_C
[2018.08.02-00.34.48:403][  0]LogLinker: Warning: CreateExport: Failed to load Parent for BlueprintGeneratedClass /Game/BPBoidsTarget.BPBoidsTarget_C
[2018.08.02-00.34.48:405][  0]LogLinker: Warning: CreateExport: Failed to load Parent for BlueprintGeneratedClass /Game/BPBoidsTarget.BPBoidsTarget_C
[2018.08.02-00.34.48:405][  0]LogLinker: Warning: CreateExport: Failed to load Parent for BlueprintGeneratedClass /Game/BPBoidsTarget.BPBoidsTarget_C
[2018.08.02-00.34.48:405][  0]LogLinker: Warning: Can't find file '/Game/Blueprints/BPBoidsObstacle'
[2018.08.02-00.34.48:405][  0]LogLinker: Warning: Can't find file for asset '/Game/Blueprints/BPBoidsObstacle' while loading ../../../../../../Users/Konrad/Documents/Unreal Projects/FlockingUE4-simplified/Content/Blueprints/BPBoidsSpawner.uasset.
[2018.08.02-00.34.48:405][  0]LoadErrors: Error: /Game/Blueprints/BPBoidsSpawner : Can't find file for asset. /Game/Blueprints/BPBoidsObstacle
[2018.08.02-00.34.48:406][  0]LogLinker: Warning: Can't find file '/Game/Blueprints/BPBoidsObstacle'
[2018.08.02-00.34.48:406][  0]LogLinker: Warning: Can't find file for asset '/Game/Blueprints/BPBoidsObstacle' while loading ../../../../../../Users/Konrad/Documents/Unreal Projects/FlockingUE4-simplified/Content/Blueprints/BPBoidsBase.uasset.
[2018.08.02-00.34.48:406][  0]LoadErrors: Error: /Game/Blueprints/BPBoidsBase : Can't find file for asset. /Game/Blueprints/BPBoidsObstacle
[2018.08.02-00.34.48:406][  0]LogLinker: Warning: CreateExport: Failed to load Parent for BlueprintGeneratedClass /Game/BPBoidsTarget.BPBoidsTarget_C
[2018.08.02-00.34.48:406][  0]LogLinker: Warning: Can't find file '/Game/Blueprints/BPBoidsObstacle'
[2018.08.02-00.34.48:407][  0]LogLinker: Warning: Can't find file for asset '/Game/Blueprints/BPBoidsObstacle' while loading ../../../../../../Users/Konrad/Documents/Unreal Projects/FlockingUE4-simplified/Content/Blueprints/BPBoidsBase.uasset.
[2018.08.02-00.34.48:407][  0]LoadErrors: Error: /Game/Blueprints/BPBoidsBase : Can't find file for asset. /Game/Blueprints/BPBoidsObstacle
[2018.08.02-00.34.48:440][  0]LogLinker: Warning: CreateExport: Failed to load Parent for BlueprintGeneratedClass /Game/BPBoidsTarget.BPBoidsTarget_C
[2018.08.02-00.34.48:440][  0]LogLinker: Warning: CreateExport: Failed to load Parent for BlueprintGeneratedClass /Game/BPBoidsTarget.BPBoidsTarget_C
[2018.08.02-00.34.48:553][  0]LogAIModule: Creating AISystem for world BaseLevel
[2018.08.02-00.34.48:572][  0]LogEditorServer: Finished looking for orphan Actors (0.000 secs)
[2018.08.02-00.34.48:585][  0]Cmd: MAP CHECKDEP NOCLEARLOG
[2018.08.02-00.34.48:638][  0]MapCheck: Map check complete: 0 Error(s), 0 Warning(s), took 53.64ms to complete.
[2018.08.02-00.34.48:638][  0]LogFileHelpers: Loading map 'BaseLevel' took 0.500
[2018.08.02-00.34.48:857][  0]LogCollectionManager: Loaded 0 collections in 0.002359 seconds
[2018.08.02-00.34.48:975][  0]LogFileCache: Scanning file cache for directory 'C:/Users/Konrad/Documents/Unreal Projects/FlockingUE4-simplified/Saved/Collections/' took 0.01s
[2018.08.02-00.34.48:975][  0]LogFileCache: Scanning file cache for directory 'C:/Users/Konrad/Documents/Unreal Projects/FlockingUE4-simplified/Content/Developers/Konrad/Collections/' took 0.01s
[2018.08.02-00.34.48:975][  0]LogFileCache: Scanning file cache for directory 'C:/Users/Konrad/Documents/Unreal Projects/FlockingUE4-simplified/Content/Collections/' took 0.01s
[2018.08.02-00.34.48:975][  0]LogCollectionManager: Rebuilt the GUID cache for 0 collections in 0.000000 seconds
[2018.08.02-00.34.48:986][  0]LogContentBrowser: Native class hierarchy populated in 0.0092 seconds. Added 2368 classes and 522 folders.
[2018.08.02-00.34.49:070][  0]LogContentBrowser: Native class hierarchy updated for 'WidgetCarousel' in 0.0008 seconds. Added 0 classes and 0 folders.
[2018.08.02-00.34.49:446][  0]LogContentBrowser: Native class hierarchy updated for 'AddContentDialog' in 0.0008 seconds. Added 0 classes and 0 folders.
[2018.08.02-00.34.49:510][  0]LogContentBrowser: Native class hierarchy updated for 'SceneOutliner' in 0.0009 seconds. Added 1 classes and 2 folders.
[2018.08.02-00.34.49:690][  0]LogContentBrowser: Native class hierarchy updated for 'HierarchicalLODOutliner' in 0.0011 seconds. Added 1 classes and 2 folders.
[2018.08.02-00.34.49:690][  0]LogLoad: (Engine Initialization) Total time: 33.88 seconds
[2018.08.02-00.34.49:690][  0]LogLoad: (Engine Initialization) Total Blueprint compile time: 0.00 seconds
[2018.08.02-00.34.49:690][  0]LogExternalProfiler: Found external profiler: VSPerf
[2018.08.02-00.34.49:690][  0]LogExternalProfiler: Using external profiler: VSPerf
[2018.08.02-00.34.49:711][  0]LoadErrors: Warning: CreateExport: Failed to load Outer for resource 'UserConstructionScript': BlueprintGeneratedClass /Game/BPBoidsTarget.BPBoidsTarget_C
[2018.08.02-00.34.49:711][  0]LoadErrors: Warning: CreateExport: Failed to load Outer for resource 'DefaultSceneRoot_GEN_VARIABLE': BlueprintGeneratedClass /Game/BPBoidsTarget.BPBoidsTarget_C
[2018.08.02-00.34.49:712][  0]LoadErrors: Warning: CreateExport: Failed to load Outer for resource 'SimpleConstructionScript_0': BlueprintGeneratedClass /Game/BPBoidsTarget.BPBoidsTarget_C
[2018.08.02-00.34.49:712][  0]LoadErrors: Warning: CreateExport: Failed to load Outer for resource 'SCS_Node_0': SimpleConstructionScript /Game/BPBoidsTarget.BPBoidsTarget_C:SimpleConstructionScript_0
[2018.08.02-00.34.49:712][  0]LoadErrors: Warning: CreateExport: Failed to load Outer for resource 'Display Sphere': BPBoidsTarget_C /Game/BPBoidsTarget.Default__BPBoidsTarget_C
[2018.08.02-00.34.49:726][  0]LogAssetRegistry: Asset discovery search completed in 18.0240 seconds
[2018.08.02-00.34.49:728][  0]LogCollectionManager: Rebuilt the object cache for 0 collections in 0.000001 seconds (found 0 objects)
[2018.08.02-00.34.49:728][  0]LogCollectionManager: Fixed up redirectors for 0 collections in 0.000041 seconds (updated 0 objects)
[2018.08.02-00.34.49:734][  0]LogContentStreaming: Texture pool size now 1000 MB
[2018.08.02-00.34.49:761][  0]LogSlate: Took 0.004214 seconds to synchronously load lazily loaded font '../../../Engine/Content/Slate/Fonts/Roboto-Regular.ttf' (155K)
[2018.08.02-00.34.49:768][  0]LogSlate: Took 0.005071 seconds to synchronously load lazily loaded font '../../../Engine/Content/Slate/Fonts/Roboto-Bold.ttf' (160K)
[2018.08.02-00.34.49:778][  0]LogSlate: Took 0.005376 seconds to synchronously load lazily loaded font '../../../Engine/Content/Editor/Slate/Fonts/FontAwesome.ttf' (139K)
[2018.08.02-00.34.49:990][  2]LogRenderer: Reallocating scene render targets to support 804x360 Format 10 NumSamples 1 (Frame:1).
[2018.08.02-00.34.57:197][426]LogTemp: Repeating last play command: Selected Viewport
[2018.08.02-00.34.57:233][426]LogPlayLevel: PlayLevel: No blueprints needed recompiling
[2018.08.02-00.34.57:234][426]PIE: New page: PIE session: BaseLevel (Aug 1, 2018, 4:34:57 PM)
[2018.08.02-00.34.57:234][426]LogPlayLevel: Creating play world package: /Game/Scenes/UEDPIE_0_BaseLevel
[2018.08.02-00.34.57:238][426]LogPlayLevel: PIE: StaticDuplicateObject took: (0.004040s)
[2018.08.02-00.34.57:239][426]LogAIModule: Creating AISystem for world BaseLevel
[2018.08.02-00.34.57:240][426]LogPlayLevel: PIE: World Init took: (0.000997s)
[2018.08.02-00.34.57:240][426]LogPlayLevel: PIE: Created PIE world by copying editor world from /Game/Scenes/BaseLevel.BaseLevel to /Game/Scenes/UEDPIE_0_BaseLevel.BaseLevel (0.005370s)
[2018.08.02-00.34.57:257][426]LogInit: XAudio2 using '3 - LED Cinema (AMD High Definition Audio Device)' : 2 channels at 48 kHz using 16 bits per sample (channel mask 0x3)
[2018.08.02-00.34.57:266][426]LogInit: FAudioDevice initialized.
[2018.08.02-00.34.57:311][426]LogLoad: Game class is 'BPBoidsBase_C'
[2018.08.02-00.34.57:314][426]LogWorld: Bringing World /Game/Scenes/UEDPIE_0_BaseLevel.BaseLevel up for play (max tick rate 60) at 2018.08.01-20.34.57
[2018.08.02-00.34.57:314][426]LogWorld: Bringing up level for play took: 0.000811
[2018.08.02-00.34.57:368][426]LogContentBrowser: Native class hierarchy updated for 'MovieSceneCapture' in 0.0012 seconds. Added 11 classes and 0 folders.
[2018.08.02-00.34.57:368][426]LogGameMode: Display: Match State Changed from EnteringMap to WaitingToStart
[2018.08.02-00.34.57:368][426]LogGameState: Match State Changed from EnteringMap to WaitingToStart
[2018.08.02-00.34.57:368][426]LogGameMode: Display: Match State Changed from WaitingToStart to InProgress
[2018.08.02-00.34.57:371][426]LogGameState: Match State Changed from WaitingToStart to InProgress
[2018.08.02-00.34.57:372][426]LogTemp: Display: Spawning spawner 2
[2018.08.02-00.34.57:372][426]LogTemp: Display: Spawner created
[2018.08.02-00.34.57:372][426]PIE: Play in editor start time for /Game/Scenes/UEDPIE_0_BaseLevel 0.258
[2018.08.02-00.35.04:581][848]LogWindowsTextInputMethodSystem: Display: IME system now deactivated.
[2018.08.02-00.35.04:581][848]LogWindowsTextInputMethodSystem: Display: IME system now deactivated.
[2018.08.02-00.35.04:748][849]Cmd: QUIT_EDITOR
[2018.08.02-00.35.05:114][849]LogExit: Preparing to exit.
[2018.08.02-00.35.05:855][849]LogDirectoryWatcher: A directory notification for 'C:/Users/Konrad/Documents/Unreal Projects/FlockingUE4-simplified/Content/' was aborted.
[2018.08.02-00.35.05:874][849]LogExit: Editor shut down
[2018.08.02-00.35.05:876][849]LogExit: Transaction tracking system shut down
[2018.08.02-00.35.06:038][849]LogDirectoryWatcher: A directory notification for '../../../Engine/Content/' was aborted.
[2018.08.02-00.35.06:038][849]LogDirectoryWatcher: A directory notification for '../../../../../../Users/Konrad/Documents/Unreal Projects/FlockingUE4-simplified/Content/' was aborted.
[2018.08.02-00.35.06:038][849]LogDirectoryWatcher: A directory notification for '../../../Engine/Plugins/2D/Paper2D/Content/' was aborted.
[2018.08.02-00.35.06:038][849]LogDirectoryWatcher: A directory notification for '../../../Engine/Plugins/Media/MediaCompositing/Content/' was aborted.
[2018.08.02-00.35.06:038][849]LogDirectoryWatcher: A directory notification for '../../../Engine/Plugins/Runtime/AppleARKit/Content/' was aborted.
[2018.08.02-00.35.06:038][849]LogDirectoryWatcher: A directory notification for '../../../Engine/Plugins/Runtime/Oculus/OculusVR/Content/' was aborted.
[2018.08.02-00.35.06:038][849]LogDirectoryWatcher: A directory notification for '../../../Engine/Plugins/Runtime/Steam/SteamVR/Content/' was aborted.
[2018.08.02-00.35.06:088][849]LogExit: Object subsystem successfully closed.
[2018.08.02-00.35.06:108][849]LogD3D11RHI: Shutdown
[2018.08.02-00.35.06:108][849]LogD3D11RHI: CleanupD3DDevice
[2018.08.02-00.35.06:110][849]LogD3D11RHI: ~FD3D11DynamicRHI
[2018.08.02-00.35.06:135][849]LogModuleManager: Shutting down and abandoning module MovieSceneCapture (552)
[2018.08.02-00.35.06:135][849]LogModuleManager: Shutting down and abandoning module HierarchicalLODOutliner (550)
[2018.08.02-00.35.06:135][849]LogModuleManager: Shutting down and abandoning module DesktopPlatform (548)
[2018.08.02-00.35.06:135][849]LogModuleManager: Shutting down and abandoning module SceneOutliner (546)
[2018.08.02-00.35.06:135][849]LogModuleManager: Shutting down and abandoning module AddContentDialog (544)
[2018.08.02-00.35.06:136][849]LogDirectoryWatcher: A directory notification for 'C:/Program Files/Epic Games/UE_4.18/FeaturePacks/' was aborted.
[2018.08.02-00.35.06:137][849]LogModuleManager: Shutting down and abandoning module WidgetCarousel (543)
[2018.08.02-00.35.06:137][849]LogModuleManager: Shutting down and abandoning module EditorWidgets (540)
[2018.08.02-00.35.06:137][849]LogModuleManager: Shutting down and abandoning module CollectionManager (538)
[2018.08.02-00.35.06:137][849]LogDirectoryWatcher: A directory notification for 'C:/Users/Konrad/Documents/Unreal Projects/FlockingUE4-simplified/Content/Collections/' was aborted.
[2018.08.02-00.35.06:137][849]LogDirectoryWatcher: A directory notification for 'C:/Users/Konrad/Documents/Unreal Projects/FlockingUE4-simplified/Content/Developers/Konrad/Collections/' was aborted.
[2018.08.02-00.35.06:137][849]LogDirectoryWatcher: A directory notification for 'C:/Users/Konrad/Documents/Unreal Projects/FlockingUE4-simplified/Saved/Collections/' was aborted.
[2018.08.02-00.35.06:137][849]LogModuleManager: Shutting down and abandoning module StatsViewer (536)
[2018.08.02-00.35.06:137][849]LogModuleManager: Shutting down and abandoning module FoliageEdit (534)
[2018.08.02-00.35.06:137][849]LogModuleManager: Shutting down and abandoning module LandscapeEditor (532)
[2018.08.02-00.35.06:138][849]LogModuleManager: Shutting down and abandoning module MeshPaintMode (530)
[2018.08.02-00.35.06:138][849]LogModuleManager: Shutting down and abandoning module SceneDepthPickerMode (528)
[2018.08.02-00.35.06:138][849]LogModuleManager: Shutting down and abandoning module ActorPickerMode (526)
[2018.08.02-00.35.06:138][849]LogModuleManager: Shutting down and abandoning module GeometryMode (524)
[2018.08.02-00.35.06:138][849]LogModuleManager: Shutting down and abandoning module TextureAlignMode (522)
[2018.08.02-00.35.06:138][849]LogModuleManager: Shutting down and abandoning module BspMode (520)
[2018.08.02-00.35.06:138][849]LogModuleManager: Shutting down and abandoning module PIEPreviewDeviceProfileSelector (518)
[2018.08.02-00.35.06:138][849]LogModuleManager: Shutting down and abandoning module HardwareSurvey (516)
[2018.08.02-00.35.06:138][849]LogModuleManager: Shutting down and abandoning module SequenceRecorderSections (514)
[2018.08.02-00.35.06:138][849]LogModuleManager: Shutting down and abandoning module AutomationWorker (512)
[2018.08.02-00.35.06:138][849]LogModuleManager: Shutting down and abandoning module MatineeToLevelSequence (510)
[2018.08.02-00.35.06:138][849]LogModuleManager: Shutting down and abandoning module LevelSequenceEditor (508)
[2018.08.02-00.35.06:139][849]LogModuleManager: Shutting down and abandoning module PlacementMode (507)
[2018.08.02-00.35.06:139][849]LogModuleManager: Shutting down and abandoning module WmfMediaFactory (504)
[2018.08.02-00.35.06:139][849]LogModuleManager: Shutting down and abandoning module WmfMediaEditor (502)
[2018.08.02-00.35.06:139][849]LogModuleManager: Shutting down and abandoning module OpenExrWrapper (500)
[2018.08.02-00.35.06:139][849]LogModuleManager: Shutting down and abandoning module ImgMediaFactory (498)
[2018.08.02-00.35.06:139][849]LogModuleManager: Shutting down and abandoning module ImgMediaEditor (496)
[2018.08.02-00.35.06:139][849]LogModuleManager: Shutting down and abandoning module AvfMediaFactory (494)
[2018.08.02-00.35.06:139][849]LogModuleManager: Shutting down and abandoning module AvfMediaEditor (492)
[2018.08.02-00.35.06:139][849]LogModuleManager: Shutting down and abandoning module AndroidMediaFactory (490)
[2018.08.02-00.35.06:139][849]LogModuleManager: Shutting down and abandoning module AndroidMediaEditor (488)
[2018.08.02-00.35.06:139][849]LogModuleManager: Shutting down and abandoning module CharacterAI (486)
[2018.08.02-00.35.06:139][849]LogModuleManager: Shutting down and abandoning module AudioCapture (484)
[2018.08.02-00.35.06:139][849]LogModuleManager: Shutting down and abandoning module SequenceRecorder (483)
[2018.08.02-00.35.06:139][849]LogModuleManager: Shutting down and abandoning module SmartSnapping (480)
[2018.08.02-00.35.06:139][849]LogModuleManager: Shutting down and abandoning module SessionServices (478)
[2018.08.02-00.35.06:139][849]LogModuleManager: Shutting down and abandoning module ViewportSnapping (476)
[2018.08.02-00.35.06:139][849]LogModuleManager: Shutting down and abandoning module ViewportInteraction (474)
[2018.08.02-00.35.06:139][849]LogModuleManager: Shutting down and abandoning module ClothPainter (472)
[2018.08.02-00.35.06:140][849]LogModuleManager: Shutting down and abandoning module SkeletalMeshEditor (471)
[2018.08.02-00.35.06:141][849]LogModuleManager: Shutting down and abandoning module LogVisualizer (468)
[2018.08.02-00.35.06:141][849]LogModuleManager: Shutting down and abandoning module IntroTutorials (466)
[2018.08.02-00.35.06:141][849]LogModuleManager: Shutting down and abandoning module GameProjectGeneration (465)
[2018.08.02-00.35.06:142][849]LogModuleManager: Shutting down and abandoning module IOSPlatformEditor (462)
[2018.08.02-00.35.06:142][849]LogModuleManager: Shutting down and abandoning module HTML5PlatformEditor (460)
[2018.08.02-00.35.06:142][849]LogModuleManager: Shutting down and abandoning module AndroidPlatformEditor (458)
[2018.08.02-00.35.06:142][849]LogModuleManager: Shutting down and abandoning module AndroidDeviceDetection (457)
[2018.08.02-00.35.06:544][849]LogModuleManager: Shutting down and abandoning module WindowsPlatformEditor (454)
[2018.08.02-00.35.06:544][849]LogModuleManager: Shutting down and abandoning module IOSRuntimeSettings (452)
[2018.08.02-00.35.06:544][849]LogModuleManager: Shutting down and abandoning module AndroidRuntimeSettings (450)
[2018.08.02-00.35.06:544][849]LogModuleManager: Shutting down and abandoning module InputBindingEditor (448)
[2018.08.02-00.35.06:544][849]LogModuleManager: Shutting down and abandoning module MergeActors (446)
[2018.08.02-00.35.06:546][849]LogModuleManager: Shutting down and abandoning module SizeMap (444)
[2018.08.02-00.35.06:546][849]LogModuleManager: Shutting down and abandoning module TreeMap (442)
[2018.08.02-00.35.06:546][849]LogModuleManager: Shutting down and abandoning module ReferenceViewer (440)
[2018.08.02-00.35.06:546][849]LogModuleManager: Shutting down and abandoning module LocalizationDashboard (438)
[2018.08.02-00.35.06:547][849]LogModuleManager: Shutting down and abandoning module LocalizationService (437)
[2018.08.02-00.35.06:547][849]LogModuleManager: Shutting down and abandoning module HardwareTargeting (434)
[2018.08.02-00.35.06:547][849]LogModuleManager: Shutting down and abandoning module DeviceProfileEditor (432)
[2018.08.02-00.35.06:547][849]LogModuleManager: Shutting down and abandoning module UndoHistory (430)
[2018.08.02-00.35.06:547][849]LogModuleManager: Shutting down and abandoning module XmlParser (428)
[2018.08.02-00.35.06:547][849]LogModuleManager: Shutting down and abandoning module Blutility (426)
[2018.08.02-00.35.06:547][849]LogModuleManager: Shutting down and abandoning module ProjectSettingsViewer (424)
[2018.08.02-00.35.06:547][849]LogModuleManager: Shutting down and abandoning module ProjectTargetPlatformEditor (423)
[2018.08.02-00.35.06:548][849]LogModuleManager: Shutting down and abandoning module EditorSettingsViewer (420)
[2018.08.02-00.35.06:548][849]LogModuleManager: Shutting down and abandoning module SettingsEditor (418)
[2018.08.02-00.35.06:548][849]LogModuleManager: Shutting down and abandoning module ProjectLauncher (416)
[2018.08.02-00.35.06:548][849]LogModuleManager: Shutting down and abandoning module SessionFrontend (414)
[2018.08.02-00.35.06:548][849]LogModuleManager: Shutting down and abandoning module ProfilerClient (412)
[2018.08.02-00.35.06:549][849]LogModuleManager: Shutting down and abandoning module DeviceManager (410)
[2018.08.02-00.35.06:549][849]LogModuleManager: Shutting down and abandoning module TargetDeviceServices (409)
[2018.08.02-00.35.06:604][849]LogModuleManager: Shutting down and abandoning module AutomationController (406)
[2018.08.02-00.35.06:604][849]LogModuleManager: Shutting down and abandoning module AutomationWindow (404)
[2018.08.02-00.35.06:605][849]LogModuleManager: Shutting down and abandoning module Layers (402)
[2018.08.02-00.35.06:607][849]LogModuleManager: Shutting down and abandoning module ComponentVisualizers (400)
[2018.08.02-00.35.06:607][849]LogModuleManager: Shutting down and abandoning module DetailCustomizations (398)
[2018.08.02-00.35.06:607][849]LogModuleManager: Shutting down and abandoning module PackagesDialog (396)
[2018.08.02-00.35.06:607][849]LogModuleManager: Shutting down and abandoning module Persona (394)
[2018.08.02-00.35.06:608][849]LogModuleManager: Shutting down and abandoning module AdvancedPreviewScene (393)
[2018.08.02-00.35.06:608][849]LogModuleManager: Shutting down and abandoning module AnimGraph (391)
[2018.08.02-00.35.06:608][849]LogModuleManager: Shutting down and abandoning module Kismet (388)
[2018.08.02-00.35.06:609][849]LogModuleManager: Shutting down and abandoning module ClassViewer (386)
[2018.08.02-00.35.06:609][849]LogModuleManager: Shutting down and abandoning module Toolbox (384)
[2018.08.02-00.35.06:609][849]LogModuleManager: Shutting down and abandoning module ModuleUI (382)
[2018.08.02-00.35.06:609][849]LogModuleManager: Shutting down and abandoning module MovieSceneTools (380)
[2018.08.02-00.35.06:611][849]LogModuleManager: Shutting down and abandoning module OutputLog (378)
[2018.08.02-00.35.06:611][849]LogModuleManager: Shutting down and abandoning module GammaUI (376)
[2018.08.02-00.35.06:612][849]LogModuleManager: Shutting down and abandoning module Documentation (374)
[2018.08.02-00.35.06:612][849]LogModuleManager: Shutting down and abandoning module MovieSceneTracks (372)
[2018.08.02-00.35.06:612][849]LogModuleManager: Shutting down and abandoning module MovieScene (370)
[2018.08.02-00.35.06:612][849]LogModuleManager: Shutting down and abandoning module StreamingPauseRendering (368)
[2018.08.02-00.35.06:612][849]LogModuleManager: Shutting down and abandoning module LauncherPlatform (366)
[2018.08.02-00.35.06:612][849]LogModuleManager: Shutting down and abandoning module AnalyticsET (364)
[2018.08.02-00.35.06:612][849]LogModuleManager: Shutting down and abandoning module PortalServices (362)
[2018.08.02-00.35.06:612][849]LogModuleManager: Shutting down and abandoning module PortalRpc (360)
[2018.08.02-00.35.06:612][849]LogModuleManager: Shutting down and abandoning module MessagingRpc (358)
[2018.08.02-00.35.06:612][849]LogModuleManager: Shutting down and abandoning module AIModule (356)
[2018.08.02-00.35.06:612][849]LogModuleManager: Shutting down and abandoning module GameplayDebugger (355)
[2018.08.02-00.35.06:612][849]LogModuleManager: Shutting down and abandoning module AITestSuite (353)
[2018.08.02-00.35.06:612][849]LogModuleManager: Shutting down and abandoning module ProfilerService (350)
[2018.08.02-00.35.06:796][849]LogModuleManager: Shutting down and abandoning module TaskGraph (348)
[2018.08.02-00.35.06:796][849]LogModuleManager: Shutting down and abandoning module SteamVRController (346)
[2018.08.02-00.35.06:796][849]LogModuleManager: Shutting down and abandoning module ProceduralMeshComponentEditor (344)
[2018.08.02-00.35.06:796][849]LogModuleManager: Shutting down and abandoning module ProceduralMeshComponent (342)
[2018.08.02-00.35.06:796][849]LogModuleManager: Shutting down and abandoning module OculusInput (340)
[2018.08.02-00.35.06:796][849]LogModuleManager: Shutting down and abandoning module MobilePatchingUtils (338)
[2018.08.02-00.35.06:796][849]LogModuleManager: Shutting down and abandoning module CustomMeshComponent (336)
[2018.08.02-00.35.06:796][849]LogModuleManager: Shutting down and abandoning module CableComponent (334)
[2018.08.02-00.35.06:796][849]LogModuleManager: Shutting down and abandoning module ArchVisCharacter (332)
[2018.08.02-00.35.06:796][849]LogModuleManager: Shutting down and abandoning module AndroidPermission (330)
[2018.08.02-00.35.06:796][849]LogModuleManager: Shutting down and abandoning module ActorSequence (326)
[2018.08.02-00.35.06:797][849]LogModuleManager: Shutting down and abandoning module MediaPlayerEditor (324)
[2018.08.02-00.35.06:798][849]LogModuleManager: Shutting down and abandoning module MediaCompositingEditor (322)
[2018.08.02-00.35.06:798][849]LogModuleManager: Shutting down and abandoning module MediaCompositing (320)
[2018.08.02-00.35.06:798][849]LogModuleManager: Shutting down and abandoning module HTML5Networking (318)
[2018.08.02-00.35.06:798][849]LogModuleManager: Shutting down and abandoning module AlembicImporter (316)
[2018.08.02-00.35.06:798][849]LogModuleManager: Shutting down and abandoning module AlembicLibrary (315)
[2018.08.02-00.35.06:799][849]LogModuleManager: Shutting down and abandoning module GeometryCache (314)
[2018.08.02-00.35.06:799][849]LogModuleManager: Shutting down and abandoning module GeometryCacheEd (313)
[2018.08.02-00.35.06:799][849]LogModuleManager: Shutting down and abandoning module SpeedTreeImporter (308)
[2018.08.02-00.35.06:799][849]LogModuleManager: Shutting down and abandoning module PluginBrowser (306)
[2018.08.02-00.35.06:799][849]LogModuleManager: Shutting down and abandoning module MobileLauncherProfileWizard (304)
[2018.08.02-00.35.06:799][849]LogModuleManager: Shutting down and abandoning module VisualStudioSourceCodeAccess (302)
[2018.08.02-00.35.06:799][849]LogModuleManager: Shutting down and abandoning module VisualStudioCodeSourceCodeAccess (300)
[2018.08.02-00.35.06:799][849]LogModuleManager: Shutting down and abandoning module UObjectPlugin (298)
[2018.08.02-00.35.06:799][849]LogModuleManager: Shutting down and abandoning module SubversionSourceControl (296)
[2018.08.02-00.35.06:799][849]LogModuleManager: Shutting down and abandoning module PerforceSourceControl (294)
[2018.08.02-00.35.06:800][849]LogModuleManager: Shutting down and abandoning module GitSourceControl (292)
[2018.08.02-00.35.06:800][849]LogModuleManager: Shutting down and abandoning module SourceControl (291)
[2018.08.02-00.35.06:800][849]LogModuleManager: Shutting down and abandoning module LightPropagationVolumeEditor (288)
[2018.08.02-00.35.06:800][849]LogModuleManager: Shutting down and abandoning module PaperTiledImporter (286)
[2018.08.02-00.35.06:800][849]LogModuleManager: Shutting down and abandoning module PaperSpriteSheetImporter (284)
[2018.08.02-00.35.06:800][849]LogModuleManager: Shutting down and abandoning module Paper2DEditor (282)
[2018.08.02-00.35.06:800][849]LogModuleManager: Shutting down and abandoning module MeshPaint (281)
[2018.08.02-00.35.06:800][849]LogModuleManager: Shutting down and abandoning module LevelEditor (279)
[2018.08.02-00.35.06:801][849]LogModuleManager: Shutting down and abandoning module PixelInspectorModule (278)
[2018.08.02-00.35.06:801][849]LogModuleManager: Shutting down and abandoning module MainFrame (276)
[2018.08.02-00.35.06:801][849]LogModuleManager: Shutting down and abandoning module HotReload (275)
[2018.08.02-00.35.06:801][849]LogDirectoryWatcher: A directory notification for 'C:/Users/Konrad/Documents/Unreal Projects/FlockingUE4-simplified/Binaries/Win64' was aborted.
[2018.08.02-00.35.06:802][849]LogModuleManager: Shutting down and abandoning module NetworkBoids (270)
[2018.08.02-00.35.06:802][849]LogModuleManager: Shutting down and abandoning module RuntimePhysXCooking (268)
[2018.08.02-00.35.06:802][849]LogModuleManager: Shutting down and abandoning module PhysXVehiclesEditor (266)
[2018.08.02-00.35.06:802][849]LogModuleManager: Shutting down and abandoning module PhysXVehicles (264)
[2018.08.02-00.35.06:802][849]LogModuleManager: Shutting down and abandoning module OculusEditor (262)
[2018.08.02-00.35.06:802][849]LogModuleManager: Shutting down and abandoning module LocationServicesBPLibrary (260)
[2018.08.02-00.35.06:802][849]LogModuleManager: Shutting down and abandoning module ImmediatePhysicsEditor (258)
[2018.08.02-00.35.06:802][849]LogModuleManager: Shutting down and abandoning module ImmediatePhysics (256)
[2018.08.02-00.35.06:802][849]LogModuleManager: Shutting down and abandoning module UdpMessaging (254)
[2018.08.02-00.35.06:904][849]LogModuleManager: Shutting down and abandoning module TcpMessaging (252)
[2018.08.02-00.35.07:005][849]LogModuleManager: Shutting down and abandoning module GameplayTagsEditor (250)
[2018.08.02-00.35.07:005][849]LogModuleManager: Shutting down and abandoning module FacialAnimationEditor (248)
[2018.08.02-00.35.07:005][849]LogModuleManager: Shutting down and abandoning module FacialAnimation (246)
[2018.08.02-00.35.07:005][849]LogModuleManager: Shutting down and abandoning module AssetManagerEditor (244)
[2018.08.02-00.35.07:005][849]LogModuleManager: Shutting down and abandoning module GraphEditor (243)
[2018.08.02-00.35.07:008][849]LogModuleManager: Shutting down and abandoning module ContentBrowser (241)
[2018.08.02-00.35.07:010][849]LogModuleManager: Shutting down and abandoning module LightPropagationVolumeRuntime (238)
[2018.08.02-00.35.07:010][849]LogModuleManager: Shutting down and abandoning module Paper2D (236)
[2018.08.02-00.35.07:010][849]LogModuleManager: Shutting down and abandoning module WindowsMoviePlayer (234)
[2018.08.02-00.35.07:010][849]LogModuleManager: Shutting down and abandoning module WmfMedia (232)
[2018.08.02-00.35.07:011][849]LogModuleManager: Shutting down and abandoning module ImgMedia (230)
[2018.08.02-00.35.07:011][849]LogModuleManager: Shutting down and abandoning module PacketHandler (228)
[2018.08.02-00.35.07:011][849]LogModuleManager: Shutting down and abandoning module ClothingSystemEditor (226)
[2018.08.02-00.35.07:011][849]LogModuleManager: Shutting down and abandoning module ClothingSystemRuntime (224)
[2018.08.02-00.35.07:011][849]LogModuleManager: Shutting down and abandoning module MediaAssets (222)
[2018.08.02-00.35.07:011][849]LogModuleManager: Shutting down and abandoning module Media (221)
[2018.08.02-00.35.07:018][849]LogModuleManager: Shutting down and abandoning module Overlay (218)
[2018.08.02-00.35.07:018][849]LogModuleManager: Shutting down and abandoning module OverlayEditor (217)
[2018.08.02-00.35.07:018][849]LogModuleManager: Shutting down and abandoning module VREditor (214)
[2018.08.02-00.35.07:019][849]LogModuleManager: Shutting down and abandoning module StringTableEditor (212)
[2018.08.02-00.35.07:019][849]LogModuleManager: Shutting down and abandoning module GameplayTasksEditor (210)
[2018.08.02-00.35.07:019][849]LogModuleManager: Shutting down and abandoning module BehaviorTreeEditor (208)
[2018.08.02-00.35.07:020][849]LogModuleManager: Shutting down and abandoning module FunctionalTesting (206)
[2018.08.02-00.35.07:020][849]LogModuleManager: Shutting down and abandoning module CollisionAnalyzer (204)
[2018.08.02-00.35.07:020][849]LogModuleManager: Shutting down and abandoning module WorkspaceMenuStructure (203)
[2018.08.02-00.35.07:020][849]LogModuleManager: Shutting down and abandoning module UMG (200)
[2018.08.02-00.35.07:021][849]LogModuleManager: Shutting down and abandoning module UMGEditor (199)
[2018.08.02-00.35.07:023][849]LogModuleManager: Shutting down and abandoning module Sequencer (198)
[2018.08.02-00.35.07:024][849]LogModuleManager: Shutting down and abandoning module MessageLog (195)
[2018.08.02-00.35.07:024][849]LogModuleManager: Shutting down and abandoning module SlateReflector (190)
[2018.08.02-00.35.07:027][849]LogModuleManager: Shutting down and abandoning module Slate (188)
[2018.08.02-00.35.07:027][849]LogModuleManager: Shutting down and abandoning module EditorStyle (186)
[2018.08.02-00.35.07:033][849]LogModuleManager: Shutting down and abandoning module MRMesh (184)
[2018.08.02-00.35.07:034][849]LogModuleManager: Shutting down and abandoning module SourceCodeAccess (182)
[2018.08.02-00.35.07:034][849]LogModuleManager: Shutting down and abandoning module HeadMountedDisplay (180)
[2018.08.02-00.35.07:034][849]LogModuleManager: Shutting down and abandoning module XAudio2 (178)
[2018.08.02-00.35.07:034][849]LogModuleManager: Shutting down and abandoning module Networking (176)
[2018.08.02-00.35.07:034][849]LogModuleManager: Shutting down and abandoning module Core (172)
[2018.08.02-00.35.07:034][849]LogModuleManager: Shutting down and abandoning module LevelSequence (168)
[2018.08.02-00.35.07:034][849]LogModuleManager: Shutting down and abandoning module DirectoryWatcher (166)
[2018.08.02-00.35.07:035][849]LogModuleManager: Shutting down and abandoning module KismetCompiler (164)
[2018.08.02-00.35.07:035][849]LogModuleManager: Shutting down and abandoning module MeshUtilities (162)
[2018.08.02-00.35.07:036][849]LogModuleManager: Shutting down and abandoning module MeshMergeUtilities (161)
[2018.08.02-00.35.07:036][849]LogModuleManager: Shutting down and abandoning module MeshReductionInterface (160)
[2018.08.02-00.35.07:036][849]LogModuleManager: Shutting down and abandoning module SimplygonSwarm (159)
[2018.08.02-00.35.07:036][849]LogModuleManager: Shutting down and abandoning module SimplygonMeshReduction (157)
[2018.08.02-00.35.07:036][849]LogModuleManager: Shutting down and abandoning module QuadricMeshReduction (155)
[2018.08.02-00.35.07:036][849]LogModuleManager: Shutting down and abandoning module MaterialBaking (151)
[2018.08.02-00.35.07:037][849]LogModuleManager: Shutting down and abandoning module DerivedDataCache (148)
[2018.08.02-00.35.07:237][849]LogDerivedDataCache: Shutdown
[2018.08.02-00.35.07:238][849]LogModuleManager: Shutting down and abandoning module TargetPlatform (146)
[2018.08.02-00.35.07:238][849]LogModuleManager: Shutting down and abandoning module VulkanShaderFormat (145)
[2018.08.02-00.35.07:238][849]LogModuleManager: Shutting down and abandoning module ShaderFormatVectorVM (143)
[2018.08.02-00.35.07:240][849]LogModuleManager: Shutting down and abandoning module ShaderFormatOpenGL (141)
[2018.08.02-00.35.07:240][849]LogModuleManager: Shutting down and abandoning module ShaderFormatD3D (139)
[2018.08.02-00.35.07:240][849]LogModuleManager: Shutting down and abandoning module MetalShaderFormat (137)
[2018.08.02-00.35.07:241][849]LogModuleManager: Shutting down and abandoning module TextureFormatUncompressed (135)
[2018.08.02-00.35.07:241][849]LogModuleManager: Shutting down and abandoning module TextureFormatPVR (133)
[2018.08.02-00.35.07:241][849]LogModuleManager: Shutting down and abandoning module TextureFormatDXT (131)
[2018.08.02-00.35.07:241][849]LogModuleManager: Shutting down and abandoning module TextureFormatIntelISPCTexComp (129)
[2018.08.02-00.35.07:241][849]LogModuleManager: Shutting down and abandoning module TextureFormatASTC (127)
[2018.08.02-00.35.07:241][849]LogModuleManager: Shutting down and abandoning module ImageWrapper (126)
[2018.08.02-00.35.07:241][849]LogModuleManager: Shutting down and abandoning module TextureFormatAndroid (123)
[2018.08.02-00.35.07:241][849]LogModuleManager: Shutting down and abandoning module AudioFormatOpus (121)
[2018.08.02-00.35.07:241][849]LogModuleManager: Shutting down and abandoning module AudioFormatOgg (119)
[2018.08.02-00.35.07:241][849]LogModuleManager: Shutting down and abandoning module AudioFormatADPCM (117)
[2018.08.02-00.35.07:241][849]LogModuleManager: Shutting down and abandoning module LinuxTargetPlatform (115)
[2018.08.02-00.35.07:241][849]LogModuleManager: Shutting down and abandoning module LinuxServerTargetPlatform (113)
[2018.08.02-00.35.07:241][849]LogModuleManager: Shutting down and abandoning module LinuxNoEditorTargetPlatform (111)
[2018.08.02-00.35.07:241][849]LogModuleManager: Shutting down and abandoning module LinuxClientTargetPlatform (109)
[2018.08.02-00.35.07:241][849]LogModuleManager: Shutting down and abandoning module TVOSTargetPlatform (107)
[2018.08.02-00.35.07:241][849]LogModuleManager: Shutting down and abandoning module Messaging (105)
[2018.08.02-00.35.07:241][849]LogModuleManager: Shutting down and abandoning module IOSTargetPlatform (103)
[2018.08.02-00.35.07:241][849]LogModuleManager: Shutting down and abandoning module HTML5TargetPlatform (101)
[2018.08.02-00.35.07:241][849]LogModuleManager: Shutting down and abandoning module AndroidTargetPlatform (99)
[2018.08.02-00.35.07:241][849]LogModuleManager: Shutting down and abandoning module Android_PVRTCTargetPlatform (97)
[2018.08.02-00.35.07:241][849]LogModuleManager: Shutting down and abandoning module Android_MultiTargetPlatform (95)
[2018.08.02-00.35.07:241][849]LogModuleManager: Shutting down and abandoning module Android_ETC2TargetPlatform (93)
[2018.08.02-00.35.07:242][849]LogModuleManager: Shutting down and abandoning module Android_ETC1TargetPlatform (91)
[2018.08.02-00.35.07:242][849]LogModuleManager: Shutting down and abandoning module Android_DXTTargetPlatform (89)
[2018.08.02-00.35.07:242][849]LogModuleManager: Shutting down and abandoning module Android_ATCTargetPlatform (87)
[2018.08.02-00.35.07:242][849]LogModuleManager: Shutting down and abandoning module Android_ASTCTargetPlatform (85)
[2018.08.02-00.35.07:242][849]LogModuleManager: Shutting down and abandoning module WindowsTargetPlatform (83)
[2018.08.02-00.35.07:242][849]LogModuleManager: Shutting down and abandoning module WindowsServerTargetPlatform (81)
[2018.08.02-00.35.07:242][849]LogModuleManager: Shutting down and abandoning module WindowsNoEditorTargetPlatform (79)
[2018.08.02-00.35.07:242][849]LogModuleManager: Shutting down and abandoning module WindowsClientTargetPlatform (77)
[2018.08.02-00.35.07:242][849]LogModuleManager: Shutting down and abandoning module MacTargetPlatform (75)
[2018.08.02-00.35.07:242][849]LogModuleManager: Shutting down and abandoning module MacServerTargetPlatform (73)
[2018.08.02-00.35.07:242][849]LogModuleManager: Shutting down and abandoning module MacNoEditorTargetPlatform (71)
[2018.08.02-00.35.07:242][849]LogModuleManager: Shutting down and abandoning module MacClientTargetPlatform (69)
[2018.08.02-00.35.07:242][849]LogModuleManager: Shutting down and abandoning module AllDesktopTargetPlatform (67)
[2018.08.02-00.35.07:242][849]LogModuleManager: Shutting down and abandoning module InputCore (64)
[2018.08.02-00.35.07:242][849]LogModuleManager: Shutting down and abandoning module Settings (62)
[2018.08.02-00.35.07:242][849]LogModuleManager: Shutting down and abandoning module PhysXCooking (60)
[2018.08.02-00.35.07:242][849]LogModuleManager: Shutting down and abandoning module SteamVR (58)
[2018.08.02-00.35.07:242][849]LogModuleManager: Shutting down and abandoning module OculusHMD (56)
[2018.08.02-00.35.07:242][849]LogModuleManager: Shutting down and abandoning module ExampleDeviceProfileSelector (54)
[2018.08.02-00.35.07:242][849]LogModuleManager: Shutting down and abandoning module AppleARKit (52)
[2018.08.02-00.35.07:242][849]LogModuleManager: Shutting down and abandoning module AugmentedReality (51)
[2018.08.02-00.35.07:242][849]LogModuleManager: Shutting down and abandoning module OnlineBlueprintSupport (48)
[2018.08.02-00.35.07:242][849]LogModuleManager: Shutting down and abandoning module OnlineSubsystem (44)
[2018.08.02-00.35.07:243][849]LogModuleManager: Shutting down and abandoning module XMPP (43)
[2018.08.02-00.35.07:243][849]LogModuleManager: Shutting down and abandoning module HTTP (41)
[2018.08.02-00.35.07:243][849]LogHttp: Display: Http module shutting down, but needs to wait on 1 outstanding Http requests:
[2018.08.02-00.35.07:244][849]LogHttp: Display: 	verb=[POST] url=[https://datarouter.ol.epicgames.com/datarouter/api/v1/public/data?SessionID=%7B236C2BC6-4BC2-34D6-74F8-96B1BA3463BD%7D&AppID=UEEditor.Rocket.Release&AppVersion=4.18.3-3832480%2B%2B%2BUE4%2BRelease-4.18&UserID=9c80b6b14c6da758c77cb59e4d6e2229%7C1ac39d8239524608914f58de93969ce5%7Ce7a5f472-363b-4dae-baaa-7358d3c8fa10&AppEnvironment=datacollector-binary&UploadType=eteventstream] status=Processing
[2018.08.02-00.35.07:279][849]LogModuleManager: Shutting down and abandoning module SSL (40)
[2018.08.02-00.35.07:282][849]LogModuleManager: Shutting down and abandoning module AnimationModifiers (36)
[2018.08.02-00.35.07:282][849]LogModuleManager: Shutting down and abandoning module PropertyEditor (35)
[2018.08.02-00.35.07:282][849]LogModuleManager: Shutting down and abandoning module AudioEditor (32)
[2018.08.02-00.35.07:283][849]LogModuleManager: Shutting down and abandoning module TextureCompressor (30)
[2018.08.02-00.35.07:283][849]LogModuleManager: Shutting down and abandoning module ShaderCore (28)
[2018.08.02-00.35.07:283][849]LogModuleManager: Shutting down and abandoning module Landscape (26)
[2018.08.02-00.35.07:283][849]LogModuleManager: Shutting down and abandoning module SlateRHIRenderer (24)
[2018.08.02-00.35.07:284][849]LogModuleManager: Shutting down and abandoning module OpenGLDrv (22)
[2018.08.02-00.35.07:285][849]LogModuleManager: Shutting down and abandoning module D3D11RHI (20)
[2018.08.02-00.35.07:285][849]LogModuleManager: Shutting down and abandoning module AnimGraphRuntime (18)
[2018.08.02-00.35.07:285][849]LogModuleManager: Shutting down and abandoning module Renderer (16)
[2018.08.02-00.35.07:285][849]LogModuleManager: Shutting down and abandoning module Engine (14)
[2018.08.02-00.35.07:285][849]LogModuleManager: Shutting down and abandoning module CoreUObject (12)
[2018.08.02-00.35.07:285][849]LogModuleManager: Shutting down and abandoning module NetworkFile (10)
[2018.08.02-00.35.07:285][849]LogModuleManager: Shutting down and abandoning module CookedIterativeFile (8)
[2018.08.02-00.35.07:285][849]LogModuleManager: Shutting down and abandoning module StreamingFile (6)
[2018.08.02-00.35.07:286][849]LogModuleManager: Shutting down and abandoning module SandboxFile (4)
[2018.08.02-00.35.07:286][849]LogModuleManager: Shutting down and abandoning module PakFile (2)
[2018.08.02-00.35.07:294][849]LogExit: Exiting.
[2018.08.02-00.35.07:325][849]Log file closed, 08/01/18 20:35:07
